{"environment":"test","level":"info","logLevel":"debug","message":"Logging service initialized successfully","service":"astral-turf","timestamp":"2025-09-27 14:26:06.216","version":"1.0.0"}
{"environment":"test","level":"info","message":"Initializing error tracking service","service":"astral-turf","timestamp":"2025-09-27 14:26:06.307","version":"1.0.0"}
{"environment":"test","level":"info","message":"Error tracking storage loading completed","service":"astral-turf","timestamp":"2025-09-27 14:26:06.308","version":"1.0.0"}
{"environment":"test","level":"info","message":"Alert rule added","metadata":{"condition":{"occurrenceThreshold":1,"severity":["critical"]},"ruleId":"rule_mg2nvmcl_poerke","ruleName":"Critical Errors"},"service":"astral-turf","timestamp":"2025-09-27 14:26:06.309","version":"1.0.0"}
{"environment":"test","level":"info","message":"Alert rule added","metadata":{"condition":{"occurrenceThreshold":10,"timeWindowMinutes":10},"ruleId":"rule_mg2nvmcl_x18e31","ruleName":"High Error Rate"},"service":"astral-turf","timestamp":"2025-09-27 14:26:06.309","version":"1.0.0"}
{"environment":"test","level":"info","message":"Alert rule added","metadata":{"condition":{"component":"authentication","occurrenceThreshold":5,"timeWindowMinutes":5},"ruleId":"rule_mg2nvmcm_fy9mgh","ruleName":"Authentication Errors"},"service":"astral-turf","timestamp":"2025-09-27 14:26:06.310","version":"1.0.0"}
{"environment":"test","level":"info","message":"Alert rule added","metadata":{"condition":{"component":"database","occurrenceThreshold":1,"severity":["high","critical"]},"ruleId":"rule_mg2nvmcm_ilfaqp","ruleName":"Database Errors"},"service":"astral-turf","timestamp":"2025-09-27 14:26:06.310","version":"1.0.0"}
{"environment":"test","level":"info","message":"Error tracking service initialized successfully","metadata":{"alertRulesCount":4,"errorCount":0},"service":"astral-turf","timestamp":"2025-09-27 14:26:06.310","version":"1.0.0"}
{"environment":"test","level":"error","message":"Tracked error: Test error","metadata":{"component":"test-component","errorId":"err_mg2nvmcn_q3cax7","fingerprint":"317f329d02dcba03","occurrenceCount":1,"severity":"medium"},"service":"astral-turf","timestamp":"2025-09-27 14:26:06.311","userId":"test-user","version":"1.0.0"}
{"environment":"test","level":"error","message":"Tracked error: Pattern test error","metadata":{"errorId":"err_mg2nvmco_k6ze6v","fingerprint":"1c90bea42da3b24e","occurrenceCount":1,"severity":"low"},"service":"astral-turf","timestamp":"2025-09-27 14:26:06.312","version":"1.0.0"}
{"environment":"test","level":"error","message":"Tracked error: Pattern test error","metadata":{"errorId":"err_mg2nvmco_k6ze6v","fingerprint":"1c90bea42da3b24e","occurrenceCount":2,"severity":"low"},"service":"astral-turf","timestamp":"2025-09-27 14:26:06.315","version":"1.0.0"}
{"environment":"test","level":"error","message":"Tracked error: Pattern test error","metadata":{"errorId":"err_mg2nvmco_k6ze6v","fingerprint":"1c90bea42da3b24e","occurrenceCount":3,"severity":"low"},"service":"astral-turf","timestamp":"2025-09-27 14:26:06.316","version":"1.0.0"}
{"environment":"test","level":"error","message":"Tracked error: low severity test","metadata":{"errorId":"err_mg2nvmcs_dsz3wp","fingerprint":"a2a1e39e0ba658b0","occurrenceCount":1,"severity":"low"},"service":"astral-turf","timestamp":"2025-09-27 14:26:06.316","version":"1.0.0"}
{"environment":"test","level":"error","message":"Tracked error: medium severity test","metadata":{"errorId":"err_mg2nvmct_q4vtkz","fingerprint":"e6051234cfc8846e","occurrenceCount":1,"severity":"medium"},"service":"astral-turf","timestamp":"2025-09-27 14:26:06.317","version":"1.0.0"}
{"environment":"test","level":"error","message":"Tracked error: high severity test","metadata":{"errorId":"err_mg2nvmct_f9estz","fingerprint":"df00c1fca330d085","occurrenceCount":1,"severity":"high"},"service":"astral-turf","timestamp":"2025-09-27 14:26:06.317","version":"1.0.0"}
{"environment":"test","level":"error","message":"Tracked error: critical severity test","metadata":{"errorId":"err_mg2nvmcu_kdhet3","fingerprint":"5c89fefe177c6ed3","occurrenceCount":1,"severity":"critical"},"service":"astral-turf","timestamp":"2025-09-27 14:26:06.318","version":"1.0.0"}
{"environment":"test","level":"warn","message":"Alert triggered: Critical Errors","metadata":{"errorId":"err_mg2nvmcu_kdhet3","errorMessage":"critical severity test","occurrenceCount":1,"ruleId":"rule_mg2nvmcl_poerke","severity":"critical"},"service":"astral-turf","timestamp":"2025-09-27 14:26:06.318","version":"1.0.0"}
{"environment":"test","level":"warn","message":"ALERT: Critical Errors","metadata":{"context":{},"errorMessage":"critical severity test","occurrenceCount":1,"severity":"critical"},"service":"astral-turf","timestamp":"2025-09-27 14:26:06.318","version":"1.0.0"}
{"environment":"test","level":"info","logLevel":"debug","message":"Logging service initialized successfully","service":"astral-turf","timestamp":"2025-09-27 14:28:33.162","version":"1.0.0"}
{"environment":"test","level":"info","message":"Initializing error tracking service","service":"astral-turf","timestamp":"2025-09-27 14:28:33.185","version":"1.0.0"}
{"environment":"test","level":"info","message":"Error tracking storage loading completed","service":"astral-turf","timestamp":"2025-09-27 14:28:33.185","version":"1.0.0"}
{"environment":"test","level":"info","message":"Alert rule added","metadata":{"condition":{"occurrenceThreshold":1,"severity":["critical"]},"ruleId":"rule_mg2nyroi_kxnw6n","ruleName":"Critical Errors"},"service":"astral-turf","timestamp":"2025-09-27 14:28:33.186","version":"1.0.0"}
{"environment":"test","level":"info","message":"Alert rule added","metadata":{"condition":{"occurrenceThreshold":10,"timeWindowMinutes":10},"ruleId":"rule_mg2nyroi_4w8ba7","ruleName":"High Error Rate"},"service":"astral-turf","timestamp":"2025-09-27 14:28:33.186","version":"1.0.0"}
{"environment":"test","level":"info","message":"Alert rule added","metadata":{"condition":{"component":"authentication","occurrenceThreshold":5,"timeWindowMinutes":5},"ruleId":"rule_mg2nyroi_hzigug","ruleName":"Authentication Errors"},"service":"astral-turf","timestamp":"2025-09-27 14:28:33.186","version":"1.0.0"}
{"environment":"test","level":"info","message":"Alert rule added","metadata":{"condition":{"component":"database","occurrenceThreshold":1,"severity":["high","critical"]},"ruleId":"rule_mg2nyroj_vn8st9","ruleName":"Database Errors"},"service":"astral-turf","timestamp":"2025-09-27 14:28:33.187","version":"1.0.0"}
{"environment":"test","level":"info","message":"Error tracking service initialized successfully","metadata":{"alertRulesCount":4,"errorCount":0},"service":"astral-turf","timestamp":"2025-09-27 14:28:33.187","version":"1.0.0"}
{"environment":"test","level":"error","message":"Tracked error: Test error","metadata":{"component":"test-component","errorId":"err_mg2nyroj_7uu1rc","fingerprint":"317f329d02dcba03","occurrenceCount":1,"severity":"medium"},"service":"astral-turf","timestamp":"2025-09-27 14:28:33.188","userId":"test-user","version":"1.0.0"}
{"environment":"test","level":"error","message":"Tracked error: Pattern test error","metadata":{"errorId":"err_mg2nyrok_faf2b3","fingerprint":"1c90bea42da3b24e","occurrenceCount":1,"severity":"low"},"service":"astral-turf","timestamp":"2025-09-27 14:28:33.188","version":"1.0.0"}
{"environment":"test","level":"error","message":"Tracked error: Pattern test error","metadata":{"errorId":"err_mg2nyrok_faf2b3","fingerprint":"1c90bea42da3b24e","occurrenceCount":2,"severity":"low"},"service":"astral-turf","timestamp":"2025-09-27 14:28:33.190","version":"1.0.0"}
{"environment":"test","level":"error","message":"Tracked error: Pattern test error","metadata":{"errorId":"err_mg2nyrok_faf2b3","fingerprint":"1c90bea42da3b24e","occurrenceCount":3,"severity":"low"},"service":"astral-turf","timestamp":"2025-09-27 14:28:33.191","version":"1.0.0"}
{"environment":"test","level":"error","message":"Tracked error: low severity test","metadata":{"errorId":"err_mg2nyron_4norer","fingerprint":"a2a1e39e0ba658b0","occurrenceCount":1,"severity":"low"},"service":"astral-turf","timestamp":"2025-09-27 14:28:33.191","version":"1.0.0"}
{"environment":"test","level":"error","message":"Tracked error: medium severity test","metadata":{"errorId":"err_mg2nyron_r2q1ho","fingerprint":"e6051234cfc8846e","occurrenceCount":1,"severity":"medium"},"service":"astral-turf","timestamp":"2025-09-27 14:28:33.191","version":"1.0.0"}
{"environment":"test","level":"error","message":"Tracked error: high severity test","metadata":{"errorId":"err_mg2nyroo_76si1p","fingerprint":"df00c1fca330d085","occurrenceCount":1,"severity":"high"},"service":"astral-turf","timestamp":"2025-09-27 14:28:33.192","version":"1.0.0"}
{"environment":"test","level":"error","message":"Tracked error: critical severity test","metadata":{"errorId":"err_mg2nyroo_wmqfd3","fingerprint":"5c89fefe177c6ed3","occurrenceCount":1,"severity":"critical"},"service":"astral-turf","timestamp":"2025-09-27 14:28:33.192","version":"1.0.0"}
{"environment":"test","level":"warn","message":"Alert triggered: Critical Errors","metadata":{"errorId":"err_mg2nyroo_wmqfd3","errorMessage":"critical severity test","occurrenceCount":1,"ruleId":"rule_mg2nyroi_kxnw6n","severity":"critical"},"service":"astral-turf","timestamp":"2025-09-27 14:28:33.192","version":"1.0.0"}
{"environment":"test","level":"warn","message":"ALERT: Critical Errors","metadata":{"context":{},"errorMessage":"critical severity test","occurrenceCount":1,"severity":"critical"},"service":"astral-turf","timestamp":"2025-09-27 14:28:33.192","version":"1.0.0"}
{"environment":"test","level":"info","logLevel":"debug","message":"Logging service initialized successfully","service":"astral-turf","timestamp":"2025-09-27 14:33:00.195","version":"1.0.0"}
{"environment":"test","level":"info","message":"Initializing error tracking service","service":"astral-turf","timestamp":"2025-09-27 14:33:00.217","version":"1.0.0"}
{"environment":"test","level":"info","message":"Error tracking storage loading completed","service":"astral-turf","timestamp":"2025-09-27 14:33:00.217","version":"1.0.0"}
{"environment":"test","level":"info","message":"Alert rule added","metadata":{"condition":{"occurrenceThreshold":1,"severity":["critical"]},"ruleId":"rule_mg2o4hq2_n0ojf9","ruleName":"Critical Errors"},"service":"astral-turf","timestamp":"2025-09-27 14:33:00.218","version":"1.0.0"}
{"environment":"test","level":"info","message":"Alert rule added","metadata":{"condition":{"occurrenceThreshold":10,"timeWindowMinutes":10},"ruleId":"rule_mg2o4hq2_cfd72o","ruleName":"High Error Rate"},"service":"astral-turf","timestamp":"2025-09-27 14:33:00.218","version":"1.0.0"}
{"environment":"test","level":"info","message":"Alert rule added","metadata":{"condition":{"component":"authentication","occurrenceThreshold":5,"timeWindowMinutes":5},"ruleId":"rule_mg2o4hq2_f8dfag","ruleName":"Authentication Errors"},"service":"astral-turf","timestamp":"2025-09-27 14:33:00.218","version":"1.0.0"}
{"environment":"test","level":"info","message":"Alert rule added","metadata":{"condition":{"component":"database","occurrenceThreshold":1,"severity":["high","critical"]},"ruleId":"rule_mg2o4hq2_gi5ycx","ruleName":"Database Errors"},"service":"astral-turf","timestamp":"2025-09-27 14:33:00.218","version":"1.0.0"}
{"environment":"test","level":"info","message":"Error tracking service initialized successfully","metadata":{"alertRulesCount":4,"errorCount":0},"service":"astral-turf","timestamp":"2025-09-27 14:33:00.219","version":"1.0.0"}
{"environment":"test","level":"error","message":"Tracked error: Test error","metadata":{"component":"test-component","errorId":"err_mg2o4hq3_eyj5oe","fingerprint":"317f329d02dcba03","occurrenceCount":1,"severity":"medium"},"service":"astral-turf","timestamp":"2025-09-27 14:33:00.219","userId":"test-user","version":"1.0.0"}
{"environment":"test","level":"error","message":"Tracked error: Pattern test error","metadata":{"errorId":"err_mg2o4hq4_f032y7","fingerprint":"1c90bea42da3b24e","occurrenceCount":1,"severity":"low"},"service":"astral-turf","timestamp":"2025-09-27 14:33:00.220","version":"1.0.0"}
{"environment":"test","level":"error","message":"Tracked error: Pattern test error","metadata":{"errorId":"err_mg2o4hq4_f032y7","fingerprint":"1c90bea42da3b24e","occurrenceCount":2,"severity":"low"},"service":"astral-turf","timestamp":"2025-09-27 14:33:00.222","version":"1.0.0"}
{"environment":"test","level":"error","message":"Tracked error: Pattern test error","metadata":{"errorId":"err_mg2o4hq4_f032y7","fingerprint":"1c90bea42da3b24e","occurrenceCount":3,"severity":"low"},"service":"astral-turf","timestamp":"2025-09-27 14:33:00.222","version":"1.0.0"}
{"environment":"test","level":"error","message":"Tracked error: low severity test","metadata":{"errorId":"err_mg2o4hq7_q3cq0v","fingerprint":"a2a1e39e0ba658b0","occurrenceCount":1,"severity":"low"},"service":"astral-turf","timestamp":"2025-09-27 14:33:00.223","version":"1.0.0"}
{"environment":"test","level":"error","message":"Tracked error: medium severity test","metadata":{"errorId":"err_mg2o4hq8_2dr23j","fingerprint":"e6051234cfc8846e","occurrenceCount":1,"severity":"medium"},"service":"astral-turf","timestamp":"2025-09-27 14:33:00.224","version":"1.0.0"}
{"environment":"test","level":"error","message":"Tracked error: high severity test","metadata":{"errorId":"err_mg2o4hq8_ccx5jw","fingerprint":"df00c1fca330d085","occurrenceCount":1,"severity":"high"},"service":"astral-turf","timestamp":"2025-09-27 14:33:00.224","version":"1.0.0"}
{"environment":"test","level":"error","message":"Tracked error: critical severity test","metadata":{"errorId":"err_mg2o4hq8_0hf7x5","fingerprint":"5c89fefe177c6ed3","occurrenceCount":1,"severity":"critical"},"service":"astral-turf","timestamp":"2025-09-27 14:33:00.224","version":"1.0.0"}
{"environment":"test","level":"warn","message":"Alert triggered: Critical Errors","metadata":{"errorId":"err_mg2o4hq8_0hf7x5","errorMessage":"critical severity test","occurrenceCount":1,"ruleId":"rule_mg2o4hq2_n0ojf9","severity":"critical"},"service":"astral-turf","timestamp":"2025-09-27 14:33:00.224","version":"1.0.0"}
{"environment":"test","level":"warn","message":"ALERT: Critical Errors","metadata":{"context":{},"errorMessage":"critical severity test","occurrenceCount":1,"severity":"critical"},"service":"astral-turf","timestamp":"2025-09-27 14:33:00.224","version":"1.0.0"}
{"environment":"test","level":"info","logLevel":"debug","message":"Logging service initialized successfully","service":"astral-turf","timestamp":"2025-09-27 14:38:31.704","version":"1.0.0"}
{"environment":"test","level":"info","message":"Initializing error tracking service","service":"astral-turf","timestamp":"2025-09-27 14:38:31.731","version":"1.0.0"}
{"environment":"test","level":"info","message":"Error tracking storage loading completed","service":"astral-turf","timestamp":"2025-09-27 14:38:31.732","version":"1.0.0"}
{"environment":"test","level":"info","message":"Alert rule added","metadata":{"condition":{"occurrenceThreshold":1,"severity":["critical"]},"ruleId":"rule_mg2oblis_3py3x6","ruleName":"Critical Errors"},"service":"astral-turf","timestamp":"2025-09-27 14:38:31.732","version":"1.0.0"}
{"environment":"test","level":"info","message":"Alert rule added","metadata":{"condition":{"occurrenceThreshold":10,"timeWindowMinutes":10},"ruleId":"rule_mg2oblis_twzsmi","ruleName":"High Error Rate"},"service":"astral-turf","timestamp":"2025-09-27 14:38:31.732","version":"1.0.0"}
{"environment":"test","level":"info","message":"Alert rule added","metadata":{"condition":{"component":"authentication","occurrenceThreshold":5,"timeWindowMinutes":5},"ruleId":"rule_mg2oblis_9x63zp","ruleName":"Authentication Errors"},"service":"astral-turf","timestamp":"2025-09-27 14:38:31.732","version":"1.0.0"}
{"environment":"test","level":"info","message":"Alert rule added","metadata":{"condition":{"component":"database","occurrenceThreshold":1,"severity":["high","critical"]},"ruleId":"rule_mg2oblis_ltt7ul","ruleName":"Database Errors"},"service":"astral-turf","timestamp":"2025-09-27 14:38:31.732","version":"1.0.0"}
{"environment":"test","level":"info","message":"Error tracking service initialized successfully","metadata":{"alertRulesCount":4,"errorCount":0},"service":"astral-turf","timestamp":"2025-09-27 14:38:31.733","version":"1.0.0"}
{"environment":"test","level":"error","message":"Tracked error: Test error","metadata":{"component":"test-component","errorId":"err_mg2oblit_xu7pbz","fingerprint":"317f329d02dcba03","occurrenceCount":1,"severity":"medium"},"service":"astral-turf","timestamp":"2025-09-27 14:38:31.733","userId":"test-user","version":"1.0.0"}
{"environment":"test","level":"error","message":"Tracked error: Pattern test error","metadata":{"errorId":"err_mg2obliu_vsvttf","fingerprint":"1c90bea42da3b24e","occurrenceCount":1,"severity":"low"},"service":"astral-turf","timestamp":"2025-09-27 14:38:31.734","version":"1.0.0"}
{"environment":"test","level":"error","message":"Tracked error: Pattern test error","metadata":{"errorId":"err_mg2obliu_vsvttf","fingerprint":"1c90bea42da3b24e","occurrenceCount":2,"severity":"low"},"service":"astral-turf","timestamp":"2025-09-27 14:38:31.736","version":"1.0.0"}
{"environment":"test","level":"error","message":"Tracked error: Pattern test error","metadata":{"errorId":"err_mg2obliu_vsvttf","fingerprint":"1c90bea42da3b24e","occurrenceCount":3,"severity":"low"},"service":"astral-turf","timestamp":"2025-09-27 14:38:31.737","version":"1.0.0"}
{"environment":"test","level":"error","message":"Tracked error: low severity test","metadata":{"errorId":"err_mg2oblix_ye37xb","fingerprint":"a2a1e39e0ba658b0","occurrenceCount":1,"severity":"low"},"service":"astral-turf","timestamp":"2025-09-27 14:38:31.737","version":"1.0.0"}
{"environment":"test","level":"error","message":"Tracked error: medium severity test","metadata":{"errorId":"err_mg2obliy_s5hw56","fingerprint":"e6051234cfc8846e","occurrenceCount":1,"severity":"medium"},"service":"astral-turf","timestamp":"2025-09-27 14:38:31.738","version":"1.0.0"}
{"environment":"test","level":"error","message":"Tracked error: high severity test","metadata":{"errorId":"err_mg2obliy_sothae","fingerprint":"df00c1fca330d085","occurrenceCount":1,"severity":"high"},"service":"astral-turf","timestamp":"2025-09-27 14:38:31.738","version":"1.0.0"}
{"environment":"test","level":"error","message":"Tracked error: critical severity test","metadata":{"errorId":"err_mg2obliy_vicxi4","fingerprint":"5c89fefe177c6ed3","occurrenceCount":1,"severity":"critical"},"service":"astral-turf","timestamp":"2025-09-27 14:38:31.738","version":"1.0.0"}
{"environment":"test","level":"warn","message":"Alert triggered: Critical Errors","metadata":{"errorId":"err_mg2obliy_vicxi4","errorMessage":"critical severity test","occurrenceCount":1,"ruleId":"rule_mg2oblis_3py3x6","severity":"critical"},"service":"astral-turf","timestamp":"2025-09-27 14:38:31.738","version":"1.0.0"}
{"environment":"test","level":"warn","message":"ALERT: Critical Errors","metadata":{"context":{},"errorMessage":"critical severity test","occurrenceCount":1,"severity":"critical"},"service":"astral-turf","timestamp":"2025-09-27 14:38:31.739","version":"1.0.0"}
{"environment":"test","level":"info","logLevel":"debug","message":"Logging service initialized successfully","service":"astral-turf","timestamp":"2025-09-27 14:39:13.856","version":"1.0.0"}
{"environment":"test","level":"info","message":"Initializing error tracking service","service":"astral-turf","timestamp":"2025-09-27 14:39:13.880","version":"1.0.0"}
{"environment":"test","level":"info","message":"Error tracking storage loading completed","service":"astral-turf","timestamp":"2025-09-27 14:39:13.881","version":"1.0.0"}
{"environment":"test","level":"info","message":"Alert rule added","metadata":{"condition":{"occurrenceThreshold":1,"severity":["critical"]},"ruleId":"rule_mg2oci1l_1d67dh","ruleName":"Critical Errors"},"service":"astral-turf","timestamp":"2025-09-27 14:39:13.881","version":"1.0.0"}
{"environment":"test","level":"info","message":"Alert rule added","metadata":{"condition":{"occurrenceThreshold":10,"timeWindowMinutes":10},"ruleId":"rule_mg2oci1l_vazbvn","ruleName":"High Error Rate"},"service":"astral-turf","timestamp":"2025-09-27 14:39:13.881","version":"1.0.0"}
{"environment":"test","level":"info","message":"Alert rule added","metadata":{"condition":{"component":"authentication","occurrenceThreshold":5,"timeWindowMinutes":5},"ruleId":"rule_mg2oci1l_4xkcjj","ruleName":"Authentication Errors"},"service":"astral-turf","timestamp":"2025-09-27 14:39:13.881","version":"1.0.0"}
{"environment":"test","level":"info","message":"Alert rule added","metadata":{"condition":{"component":"database","occurrenceThreshold":1,"severity":["high","critical"]},"ruleId":"rule_mg2oci1m_e1irnp","ruleName":"Database Errors"},"service":"astral-turf","timestamp":"2025-09-27 14:39:13.882","version":"1.0.0"}
{"environment":"test","level":"info","message":"Error tracking service initialized successfully","metadata":{"alertRulesCount":4,"errorCount":0},"service":"astral-turf","timestamp":"2025-09-27 14:39:13.882","version":"1.0.0"}
{"environment":"test","level":"error","message":"Tracked error: Test error","metadata":{"component":"test-component","errorId":"err_mg2oci1m_7o90p1","fingerprint":"317f329d02dcba03","occurrenceCount":1,"severity":"medium"},"service":"astral-turf","timestamp":"2025-09-27 14:39:13.883","userId":"test-user","version":"1.0.0"}
{"environment":"test","level":"error","message":"Tracked error: Pattern test error","metadata":{"errorId":"err_mg2oci1n_wp7oii","fingerprint":"1c90bea42da3b24e","occurrenceCount":1,"severity":"low"},"service":"astral-turf","timestamp":"2025-09-27 14:39:13.883","version":"1.0.0"}
{"environment":"test","level":"error","message":"Tracked error: Pattern test error","metadata":{"errorId":"err_mg2oci1n_wp7oii","fingerprint":"1c90bea42da3b24e","occurrenceCount":2,"severity":"low"},"service":"astral-turf","timestamp":"2025-09-27 14:39:13.885","version":"1.0.0"}
{"environment":"test","level":"error","message":"Tracked error: Pattern test error","metadata":{"errorId":"err_mg2oci1n_wp7oii","fingerprint":"1c90bea42da3b24e","occurrenceCount":3,"severity":"low"},"service":"astral-turf","timestamp":"2025-09-27 14:39:13.886","version":"1.0.0"}
{"environment":"test","level":"error","message":"Tracked error: low severity test","metadata":{"errorId":"err_mg2oci1q_usq2gg","fingerprint":"a2a1e39e0ba658b0","occurrenceCount":1,"severity":"low"},"service":"astral-turf","timestamp":"2025-09-27 14:39:13.886","version":"1.0.0"}
{"environment":"test","level":"error","message":"Tracked error: medium severity test","metadata":{"errorId":"err_mg2oci1r_wjxotg","fingerprint":"e6051234cfc8846e","occurrenceCount":1,"severity":"medium"},"service":"astral-turf","timestamp":"2025-09-27 14:39:13.887","version":"1.0.0"}
{"environment":"test","level":"error","message":"Tracked error: high severity test","metadata":{"errorId":"err_mg2oci1r_sxxo0j","fingerprint":"df00c1fca330d085","occurrenceCount":1,"severity":"high"},"service":"astral-turf","timestamp":"2025-09-27 14:39:13.887","version":"1.0.0"}
{"environment":"test","level":"error","message":"Tracked error: critical severity test","metadata":{"errorId":"err_mg2oci1r_b1pt8d","fingerprint":"5c89fefe177c6ed3","occurrenceCount":1,"severity":"critical"},"service":"astral-turf","timestamp":"2025-09-27 14:39:13.887","version":"1.0.0"}
{"environment":"test","level":"warn","message":"Alert triggered: Critical Errors","metadata":{"errorId":"err_mg2oci1r_b1pt8d","errorMessage":"critical severity test","occurrenceCount":1,"ruleId":"rule_mg2oci1l_1d67dh","severity":"critical"},"service":"astral-turf","timestamp":"2025-09-27 14:39:13.887","version":"1.0.0"}
{"environment":"test","level":"warn","message":"ALERT: Critical Errors","metadata":{"context":{},"errorMessage":"critical severity test","occurrenceCount":1,"severity":"critical"},"service":"astral-turf","timestamp":"2025-09-27 14:39:13.887","version":"1.0.0"}
{"environment":"test","level":"info","logLevel":"debug","message":"Logging service initialized successfully","service":"astral-turf","timestamp":"2025-09-27 14:40:36.179","version":"1.0.0"}
{"environment":"test","level":"info","message":"Initializing error tracking service","service":"astral-turf","timestamp":"2025-09-27 14:40:36.194","version":"1.0.0"}
{"environment":"test","level":"info","message":"Error tracking storage loading completed","service":"astral-turf","timestamp":"2025-09-27 14:40:36.195","version":"1.0.0"}
{"environment":"test","level":"info","message":"Alert rule added","metadata":{"condition":{"occurrenceThreshold":1,"severity":["critical"]},"ruleId":"rule_mg2oe9k3_7t2dv5","ruleName":"Critical Errors"},"service":"astral-turf","timestamp":"2025-09-27 14:40:36.195","version":"1.0.0"}
{"environment":"test","level":"info","message":"Alert rule added","metadata":{"condition":{"occurrenceThreshold":10,"timeWindowMinutes":10},"ruleId":"rule_mg2oe9k3_c31uin","ruleName":"High Error Rate"},"service":"astral-turf","timestamp":"2025-09-27 14:40:36.195","version":"1.0.0"}
{"environment":"test","level":"info","message":"Alert rule added","metadata":{"condition":{"component":"authentication","occurrenceThreshold":5,"timeWindowMinutes":5},"ruleId":"rule_mg2oe9k3_aw6vww","ruleName":"Authentication Errors"},"service":"astral-turf","timestamp":"2025-09-27 14:40:36.195","version":"1.0.0"}
{"environment":"test","level":"info","message":"Alert rule added","metadata":{"condition":{"component":"database","occurrenceThreshold":1,"severity":["high","critical"]},"ruleId":"rule_mg2oe9k4_0hbgc3","ruleName":"Database Errors"},"service":"astral-turf","timestamp":"2025-09-27 14:40:36.196","version":"1.0.0"}
{"environment":"test","level":"info","message":"Error tracking service initialized successfully","metadata":{"alertRulesCount":4,"errorCount":0},"service":"astral-turf","timestamp":"2025-09-27 14:40:36.196","version":"1.0.0"}
{"environment":"test","level":"error","message":"Tracked error: Test error","metadata":{"component":"test-component","errorId":"err_mg2oe9k7_q6g9ss","fingerprint":"317f329d02dcba03","occurrenceCount":1,"severity":"medium"},"service":"astral-turf","timestamp":"2025-09-27 14:40:36.199","userId":"test-user","version":"1.0.0"}
{"environment":"test","level":"error","message":"Tracked error: Pattern test error","metadata":{"errorId":"err_mg2oe9k8_n5rqkh","fingerprint":"1c90bea42da3b24e","occurrenceCount":1,"severity":"low"},"service":"astral-turf","timestamp":"2025-09-27 14:40:36.200","version":"1.0.0"}
{"environment":"test","level":"error","message":"Tracked error: Pattern test error","metadata":{"errorId":"err_mg2oe9k8_n5rqkh","fingerprint":"1c90bea42da3b24e","occurrenceCount":2,"severity":"low"},"service":"astral-turf","timestamp":"2025-09-27 14:40:36.202","version":"1.0.0"}
{"environment":"test","level":"error","message":"Tracked error: Pattern test error","metadata":{"errorId":"err_mg2oe9k8_n5rqkh","fingerprint":"1c90bea42da3b24e","occurrenceCount":3,"severity":"low"},"service":"astral-turf","timestamp":"2025-09-27 14:40:36.202","version":"1.0.0"}
{"environment":"test","level":"error","message":"Tracked error: low severity test","metadata":{"errorId":"err_mg2oe9kb_8o6gjr","fingerprint":"a2a1e39e0ba658b0","occurrenceCount":1,"severity":"low"},"service":"astral-turf","timestamp":"2025-09-27 14:40:36.203","version":"1.0.0"}
{"environment":"test","level":"error","message":"Tracked error: medium severity test","metadata":{"errorId":"err_mg2oe9kb_tng3kr","fingerprint":"e6051234cfc8846e","occurrenceCount":1,"severity":"medium"},"service":"astral-turf","timestamp":"2025-09-27 14:40:36.203","version":"1.0.0"}
{"environment":"test","level":"error","message":"Tracked error: high severity test","metadata":{"errorId":"err_mg2oe9kc_n6twjy","fingerprint":"df00c1fca330d085","occurrenceCount":1,"severity":"high"},"service":"astral-turf","timestamp":"2025-09-27 14:40:36.204","version":"1.0.0"}
{"environment":"test","level":"error","message":"Tracked error: critical severity test","metadata":{"errorId":"err_mg2oe9kc_ytwgrj","fingerprint":"5c89fefe177c6ed3","occurrenceCount":1,"severity":"critical"},"service":"astral-turf","timestamp":"2025-09-27 14:40:36.204","version":"1.0.0"}
{"environment":"test","level":"warn","message":"Alert triggered: Critical Errors","metadata":{"errorId":"err_mg2oe9kc_ytwgrj","errorMessage":"critical severity test","occurrenceCount":1,"ruleId":"rule_mg2oe9k3_7t2dv5","severity":"critical"},"service":"astral-turf","timestamp":"2025-09-27 14:40:36.204","version":"1.0.0"}
{"environment":"test","level":"warn","message":"ALERT: Critical Errors","metadata":{"context":{},"errorMessage":"critical severity test","occurrenceCount":1,"severity":"critical"},"service":"astral-turf","timestamp":"2025-09-27 14:40:36.204","version":"1.0.0"}
{"environment":"test","level":"info","logLevel":"debug","message":"Logging service initialized successfully","service":"astral-turf","timestamp":"2025-09-27 14:45:44.269","version":"1.0.0"}
{"environment":"test","level":"info","message":"Initializing error tracking service","service":"astral-turf","timestamp":"2025-09-27 14:45:44.307","version":"1.0.0"}
{"environment":"test","level":"info","message":"Error tracking storage loading completed","service":"astral-turf","timestamp":"2025-09-27 14:45:44.307","version":"1.0.0"}
{"environment":"test","level":"info","message":"Alert rule added","metadata":{"condition":{"occurrenceThreshold":1,"severity":["critical"]},"ruleId":"rule_mg2okvas_9oitzp","ruleName":"Critical Errors"},"service":"astral-turf","timestamp":"2025-09-27 14:45:44.308","version":"1.0.0"}
{"environment":"test","level":"info","message":"Alert rule added","metadata":{"condition":{"occurrenceThreshold":10,"timeWindowMinutes":10},"ruleId":"rule_mg2okvat_c3wl7r","ruleName":"High Error Rate"},"service":"astral-turf","timestamp":"2025-09-27 14:45:44.309","version":"1.0.0"}
{"environment":"test","level":"info","message":"Alert rule added","metadata":{"condition":{"component":"authentication","occurrenceThreshold":5,"timeWindowMinutes":5},"ruleId":"rule_mg2okvat_384f55","ruleName":"Authentication Errors"},"service":"astral-turf","timestamp":"2025-09-27 14:45:44.309","version":"1.0.0"}
{"environment":"test","level":"info","message":"Alert rule added","metadata":{"condition":{"component":"database","occurrenceThreshold":1,"severity":["high","critical"]},"ruleId":"rule_mg2okvat_vmgo8y","ruleName":"Database Errors"},"service":"astral-turf","timestamp":"2025-09-27 14:45:44.309","version":"1.0.0"}
{"environment":"test","level":"info","message":"Error tracking service initialized successfully","metadata":{"alertRulesCount":4,"errorCount":0},"service":"astral-turf","timestamp":"2025-09-27 14:45:44.310","version":"1.0.0"}
{"environment":"test","level":"error","message":"Tracked error: Test error","metadata":{"component":"test-component","errorId":"err_mg2okvav_bk3jju","fingerprint":"317f329d02dcba03","occurrenceCount":1,"severity":"medium"},"service":"astral-turf","timestamp":"2025-09-27 14:45:44.311","userId":"test-user","version":"1.0.0"}
{"environment":"test","level":"error","message":"Tracked error: Pattern test error","metadata":{"errorId":"err_mg2okvaw_8obv1w","fingerprint":"1c90bea42da3b24e","occurrenceCount":1,"severity":"low"},"service":"astral-turf","timestamp":"2025-09-27 14:45:44.312","version":"1.0.0"}
{"environment":"test","level":"error","message":"Tracked error: Pattern test error","metadata":{"errorId":"err_mg2okvaw_8obv1w","fingerprint":"1c90bea42da3b24e","occurrenceCount":2,"severity":"low"},"service":"astral-turf","timestamp":"2025-09-27 14:45:44.314","version":"1.0.0"}
{"environment":"test","level":"error","message":"Tracked error: Pattern test error","metadata":{"errorId":"err_mg2okvaw_8obv1w","fingerprint":"1c90bea42da3b24e","occurrenceCount":3,"severity":"low"},"service":"astral-turf","timestamp":"2025-09-27 14:45:44.315","version":"1.0.0"}
{"environment":"test","level":"error","message":"Tracked error: low severity test","metadata":{"errorId":"err_mg2okvb0_oo02ro","fingerprint":"a2a1e39e0ba658b0","occurrenceCount":1,"severity":"low"},"service":"astral-turf","timestamp":"2025-09-27 14:45:44.316","version":"1.0.0"}
{"environment":"test","level":"error","message":"Tracked error: medium severity test","metadata":{"errorId":"err_mg2okvb0_83prqr","fingerprint":"e6051234cfc8846e","occurrenceCount":1,"severity":"medium"},"service":"astral-turf","timestamp":"2025-09-27 14:45:44.316","version":"1.0.0"}
{"environment":"test","level":"error","message":"Tracked error: high severity test","metadata":{"errorId":"err_mg2okvb1_1l75qd","fingerprint":"df00c1fca330d085","occurrenceCount":1,"severity":"high"},"service":"astral-turf","timestamp":"2025-09-27 14:45:44.317","version":"1.0.0"}
{"environment":"test","level":"error","message":"Tracked error: critical severity test","metadata":{"errorId":"err_mg2okvb1_qibj9n","fingerprint":"5c89fefe177c6ed3","occurrenceCount":1,"severity":"critical"},"service":"astral-turf","timestamp":"2025-09-27 14:45:44.317","version":"1.0.0"}
{"environment":"test","level":"warn","message":"Alert triggered: Critical Errors","metadata":{"errorId":"err_mg2okvb1_qibj9n","errorMessage":"critical severity test","occurrenceCount":1,"ruleId":"rule_mg2okvas_9oitzp","severity":"critical"},"service":"astral-turf","timestamp":"2025-09-27 14:45:44.317","version":"1.0.0"}
{"environment":"test","level":"warn","message":"ALERT: Critical Errors","metadata":{"context":{},"errorMessage":"critical severity test","occurrenceCount":1,"severity":"critical"},"service":"astral-turf","timestamp":"2025-09-27 14:45:44.317","version":"1.0.0"}
{"environment":"test","level":"info","logLevel":"debug","message":"Logging service initialized successfully","service":"astral-turf","timestamp":"2025-09-27 16:22:04.871","version":"1.0.0"}
{"environment":"test","level":"info","message":"Initializing error tracking service","service":"astral-turf","timestamp":"2025-09-27 16:22:04.921","version":"1.0.0"}
{"environment":"test","level":"info","message":"Error tracking storage loading completed","service":"astral-turf","timestamp":"2025-09-27 16:22:04.921","version":"1.0.0"}
{"environment":"test","level":"info","message":"Alert rule added","metadata":{"condition":{"occurrenceThreshold":1,"severity":["critical"]},"ruleId":"rule_mg2s0rne_ipodpj","ruleName":"Critical Errors"},"service":"astral-turf","timestamp":"2025-09-27 16:22:04.922","version":"1.0.0"}
{"environment":"test","level":"info","message":"Alert rule added","metadata":{"condition":{"occurrenceThreshold":10,"timeWindowMinutes":10},"ruleId":"rule_mg2s0rne_j47pqq","ruleName":"High Error Rate"},"service":"astral-turf","timestamp":"2025-09-27 16:22:04.922","version":"1.0.0"}
{"environment":"test","level":"info","message":"Alert rule added","metadata":{"condition":{"component":"authentication","occurrenceThreshold":5,"timeWindowMinutes":5},"ruleId":"rule_mg2s0rne_yi1wqk","ruleName":"Authentication Errors"},"service":"astral-turf","timestamp":"2025-09-27 16:22:04.922","version":"1.0.0"}
{"environment":"test","level":"info","message":"Alert rule added","metadata":{"condition":{"component":"database","occurrenceThreshold":1,"severity":["high","critical"]},"ruleId":"rule_mg2s0rne_u36718","ruleName":"Database Errors"},"service":"astral-turf","timestamp":"2025-09-27 16:22:04.922","version":"1.0.0"}
{"environment":"test","level":"info","message":"Error tracking service initialized successfully","metadata":{"alertRulesCount":4,"errorCount":0},"service":"astral-turf","timestamp":"2025-09-27 16:22:04.923","version":"1.0.0"}
{"environment":"test","level":"error","message":"Tracked error: Test error","metadata":{"component":"test-component","errorId":"err_mg2s0rng_i2cz6c","fingerprint":"317f329d02dcba03","occurrenceCount":1,"severity":"medium"},"service":"astral-turf","timestamp":"2025-09-27 16:22:04.924","userId":"test-user","version":"1.0.0"}
{"environment":"test","level":"error","message":"Tracked error: Pattern test error","metadata":{"errorId":"err_mg2s0rnh_tac5gj","fingerprint":"1c90bea42da3b24e","occurrenceCount":1,"severity":"low"},"service":"astral-turf","timestamp":"2025-09-27 16:22:04.925","version":"1.0.0"}
{"environment":"test","level":"error","message":"Tracked error: Pattern test error","metadata":{"errorId":"err_mg2s0rnh_tac5gj","fingerprint":"1c90bea42da3b24e","occurrenceCount":2,"severity":"low"},"service":"astral-turf","timestamp":"2025-09-27 16:22:04.927","version":"1.0.0"}
{"environment":"test","level":"error","message":"Tracked error: Pattern test error","metadata":{"errorId":"err_mg2s0rnh_tac5gj","fingerprint":"1c90bea42da3b24e","occurrenceCount":3,"severity":"low"},"service":"astral-turf","timestamp":"2025-09-27 16:22:04.928","version":"1.0.0"}
{"environment":"test","level":"error","message":"Tracked error: low severity test","metadata":{"errorId":"err_mg2s0rnl_vkv38z","fingerprint":"a2a1e39e0ba658b0","occurrenceCount":1,"severity":"low"},"service":"astral-turf","timestamp":"2025-09-27 16:22:04.929","version":"1.0.0"}
{"environment":"test","level":"error","message":"Tracked error: medium severity test","metadata":{"errorId":"err_mg2s0rnl_yjgegh","fingerprint":"e6051234cfc8846e","occurrenceCount":1,"severity":"medium"},"service":"astral-turf","timestamp":"2025-09-27 16:22:04.929","version":"1.0.0"}
{"environment":"test","level":"error","message":"Tracked error: high severity test","metadata":{"errorId":"err_mg2s0rnl_8bjt3h","fingerprint":"df00c1fca330d085","occurrenceCount":1,"severity":"high"},"service":"astral-turf","timestamp":"2025-09-27 16:22:04.929","version":"1.0.0"}
{"environment":"test","level":"error","message":"Tracked error: critical severity test","metadata":{"errorId":"err_mg2s0rnl_v5by3j","fingerprint":"5c89fefe177c6ed3","occurrenceCount":1,"severity":"critical"},"service":"astral-turf","timestamp":"2025-09-27 16:22:04.929","version":"1.0.0"}
{"environment":"test","level":"warn","message":"Alert triggered: Critical Errors","metadata":{"errorId":"err_mg2s0rnl_v5by3j","errorMessage":"critical severity test","occurrenceCount":1,"ruleId":"rule_mg2s0rne_ipodpj","severity":"critical"},"service":"astral-turf","timestamp":"2025-09-27 16:22:04.930","version":"1.0.0"}
{"environment":"test","level":"warn","message":"ALERT: Critical Errors","metadata":{"context":{},"errorMessage":"critical severity test","occurrenceCount":1,"severity":"critical"},"service":"astral-turf","timestamp":"2025-09-27 16:22:04.930","version":"1.0.0"}
{"environment":"test","level":"info","logLevel":"debug","message":"Logging service initialized successfully","service":"astral-turf","timestamp":"2025-09-27 20:26:10.271","version":"1.0.0"}
{"environment":"test","level":"info","message":"Initializing error tracking service","service":"astral-turf","timestamp":"2025-09-27 20:26:10.317","version":"1.0.0"}
{"environment":"test","level":"info","message":"Error tracking storage loading completed","service":"astral-turf","timestamp":"2025-09-27 20:26:10.317","version":"1.0.0"}
{"environment":"test","level":"info","message":"Alert rule added","metadata":{"condition":{"occurrenceThreshold":1,"severity":["critical"]},"ruleId":"rule_mg30qo3y_6kce3x","ruleName":"Critical Errors"},"service":"astral-turf","timestamp":"2025-09-27 20:26:10.318","version":"1.0.0"}
{"environment":"test","level":"info","message":"Alert rule added","metadata":{"condition":{"occurrenceThreshold":10,"timeWindowMinutes":10},"ruleId":"rule_mg30qo3y_1tlzvp","ruleName":"High Error Rate"},"service":"astral-turf","timestamp":"2025-09-27 20:26:10.318","version":"1.0.0"}
{"environment":"test","level":"info","message":"Alert rule added","metadata":{"condition":{"component":"authentication","occurrenceThreshold":5,"timeWindowMinutes":5},"ruleId":"rule_mg30qo3y_i9cjlc","ruleName":"Authentication Errors"},"service":"astral-turf","timestamp":"2025-09-27 20:26:10.318","version":"1.0.0"}
{"environment":"test","level":"info","message":"Alert rule added","metadata":{"condition":{"component":"database","occurrenceThreshold":1,"severity":["high","critical"]},"ruleId":"rule_mg30qo3z_yjjuff","ruleName":"Database Errors"},"service":"astral-turf","timestamp":"2025-09-27 20:26:10.319","version":"1.0.0"}
{"environment":"test","level":"info","message":"Error tracking service initialized successfully","metadata":{"alertRulesCount":4,"errorCount":0},"service":"astral-turf","timestamp":"2025-09-27 20:26:10.319","version":"1.0.0"}
{"environment":"test","level":"error","message":"Tracked error: Test error","metadata":{"component":"test-component","errorId":"err_mg30qo40_m9fc1s","fingerprint":"317f329d02dcba03","occurrenceCount":1,"severity":"medium"},"service":"astral-turf","timestamp":"2025-09-27 20:26:10.320","userId":"test-user","version":"1.0.0"}
{"environment":"test","level":"error","message":"Tracked error: Pattern test error","metadata":{"errorId":"err_mg30qo41_3ea98k","fingerprint":"1c90bea42da3b24e","occurrenceCount":1,"severity":"low"},"service":"astral-turf","timestamp":"2025-09-27 20:26:10.321","version":"1.0.0"}
{"environment":"test","level":"error","message":"Tracked error: Pattern test error","metadata":{"errorId":"err_mg30qo41_3ea98k","fingerprint":"1c90bea42da3b24e","occurrenceCount":2,"severity":"low"},"service":"astral-turf","timestamp":"2025-09-27 20:26:10.325","version":"1.0.0"}
{"environment":"test","level":"error","message":"Tracked error: Pattern test error","metadata":{"errorId":"err_mg30qo41_3ea98k","fingerprint":"1c90bea42da3b24e","occurrenceCount":3,"severity":"low"},"service":"astral-turf","timestamp":"2025-09-27 20:26:10.326","version":"1.0.0"}
{"environment":"test","level":"error","message":"Tracked error: low severity test","metadata":{"errorId":"err_mg30qo47_wqueha","fingerprint":"a2a1e39e0ba658b0","occurrenceCount":1,"severity":"low"},"service":"astral-turf","timestamp":"2025-09-27 20:26:10.327","version":"1.0.0"}
{"environment":"test","level":"error","message":"Tracked error: medium severity test","metadata":{"errorId":"err_mg30qo48_a61qsn","fingerprint":"e6051234cfc8846e","occurrenceCount":1,"severity":"medium"},"service":"astral-turf","timestamp":"2025-09-27 20:26:10.328","version":"1.0.0"}
{"environment":"test","level":"error","message":"Tracked error: high severity test","metadata":{"errorId":"err_mg30qo48_cvzwfm","fingerprint":"df00c1fca330d085","occurrenceCount":1,"severity":"high"},"service":"astral-turf","timestamp":"2025-09-27 20:26:10.328","version":"1.0.0"}
{"environment":"test","level":"error","message":"Tracked error: critical severity test","metadata":{"errorId":"err_mg30qo49_v6926s","fingerprint":"5c89fefe177c6ed3","occurrenceCount":1,"severity":"critical"},"service":"astral-turf","timestamp":"2025-09-27 20:26:10.329","version":"1.0.0"}
{"environment":"test","level":"warn","message":"Alert triggered: Critical Errors","metadata":{"errorId":"err_mg30qo49_v6926s","errorMessage":"critical severity test","occurrenceCount":1,"ruleId":"rule_mg30qo3y_6kce3x","severity":"critical"},"service":"astral-turf","timestamp":"2025-09-27 20:26:10.329","version":"1.0.0"}
{"environment":"test","level":"warn","message":"ALERT: Critical Errors","metadata":{"context":{},"errorMessage":"critical severity test","occurrenceCount":1,"severity":"critical"},"service":"astral-turf","timestamp":"2025-09-27 20:26:10.330","version":"1.0.0"}
