{"environment":"test","level":"info","logLevel":"debug","message":"Logging service initialized successfully","service":"astral-turf","timestamp":"2025-09-25 22:44:05.491","version":"1.0.0"}
{"environment":"test","level":"info","message":"Initializing error tracking service","service":"astral-turf","timestamp":"2025-09-25 22:44:05.514","version":"1.0.0"}
{"environment":"test","level":"info","message":"Error tracking storage loading completed","service":"astral-turf","timestamp":"2025-09-25 22:44:05.515","version":"1.0.0"}
{"environment":"test","level":"info","message":"Alert rule added","metadata":{"condition":{"occurrenceThreshold":1,"severity":["critical"]},"ruleId":"rule_mg0asbyj_76pokl","ruleName":"Critical Errors"},"service":"astral-turf","timestamp":"2025-09-25 22:44:05.515","version":"1.0.0"}
{"environment":"test","level":"info","message":"Alert rule added","metadata":{"condition":{"occurrenceThreshold":10,"timeWindowMinutes":10},"ruleId":"rule_mg0asbyk_eych47","ruleName":"High Error Rate"},"service":"astral-turf","timestamp":"2025-09-25 22:44:05.516","version":"1.0.0"}
{"environment":"test","level":"info","message":"Alert rule added","metadata":{"condition":{"component":"authentication","occurrenceThreshold":5,"timeWindowMinutes":5},"ruleId":"rule_mg0asbyk_zmrnsc","ruleName":"Authentication Errors"},"service":"astral-turf","timestamp":"2025-09-25 22:44:05.516","version":"1.0.0"}
{"environment":"test","level":"info","message":"Alert rule added","metadata":{"condition":{"component":"database","occurrenceThreshold":1,"severity":["high","critical"]},"ruleId":"rule_mg0asbyk_i5p1cb","ruleName":"Database Errors"},"service":"astral-turf","timestamp":"2025-09-25 22:44:05.516","version":"1.0.0"}
{"environment":"test","level":"info","message":"Error tracking service initialized successfully","metadata":{"alertRulesCount":4,"errorCount":0},"service":"astral-turf","timestamp":"2025-09-25 22:44:05.516","version":"1.0.0"}
{"environment":"test","level":"error","message":"Tracked error: Test error","metadata":{"component":"test-component","errorId":"err_mg0asbym_ugrn3s","fingerprint":"317f329d02dcba03","occurrenceCount":1,"severity":"medium"},"service":"astral-turf","timestamp":"2025-09-25 22:44:05.518","userId":"test-user","version":"1.0.0"}
{"environment":"test","level":"error","message":"Tracked error: Pattern test error","metadata":{"errorId":"err_mg0asbyn_8d7rde","fingerprint":"1c90bea42da3b24e","occurrenceCount":1,"severity":"low"},"service":"astral-turf","timestamp":"2025-09-25 22:44:05.519","version":"1.0.0"}
{"environment":"test","level":"error","message":"Tracked error: low severity test","metadata":{"errorId":"err_mg0asbyq_xyebtt","fingerprint":"a2a1e39e0ba658b0","occurrenceCount":1,"severity":"low"},"service":"astral-turf","timestamp":"2025-09-25 22:44:05.522","version":"1.0.0"}
{"environment":"test","level":"error","message":"Tracked error: medium severity test","metadata":{"errorId":"err_mg0asbyq_283uuk","fingerprint":"e6051234cfc8846e","occurrenceCount":1,"severity":"medium"},"service":"astral-turf","timestamp":"2025-09-25 22:44:05.522","version":"1.0.0"}
{"environment":"test","level":"error","message":"Tracked error: high severity test","metadata":{"errorId":"err_mg0asbyr_zo5ohq","fingerprint":"df00c1fca330d085","occurrenceCount":1,"severity":"high"},"service":"astral-turf","timestamp":"2025-09-25 22:44:05.523","version":"1.0.0"}
{"environment":"test","level":"error","message":"Tracked error: critical severity test","metadata":{"errorId":"err_mg0asbyr_mla49d","fingerprint":"5c89fefe177c6ed3","occurrenceCount":1,"severity":"critical"},"service":"astral-turf","timestamp":"2025-09-25 22:44:05.523","version":"1.0.0"}
{"environment":"test","level":"warn","message":"Alert triggered: Critical Errors","metadata":{"errorId":"err_mg0asbyr_mla49d","errorMessage":"critical severity test","occurrenceCount":1,"ruleId":"rule_mg0asbyj_76pokl","severity":"critical"},"service":"astral-turf","timestamp":"2025-09-25 22:44:05.524","version":"1.0.0"}
{"environment":"test","level":"warn","message":"ALERT: Critical Errors","metadata":{"context":{},"errorMessage":"critical severity test","occurrenceCount":1,"severity":"critical"},"service":"astral-turf","timestamp":"2025-09-25 22:44:05.524","version":"1.0.0"}
{"environment":"test","level":"info","logLevel":"debug","message":"Logging service initialized successfully","service":"astral-turf","timestamp":"2025-09-25 22:51:30.769","version":"1.0.0"}
{"environment":"test","level":"info","message":"Initializing error tracking service","service":"astral-turf","timestamp":"2025-09-25 22:51:30.803","version":"1.0.0"}
{"environment":"test","level":"info","message":"Error tracking storage loading completed","service":"astral-turf","timestamp":"2025-09-25 22:51:30.804","version":"1.0.0"}
{"environment":"test","level":"info","message":"Alert rule added","metadata":{"condition":{"occurrenceThreshold":1,"severity":["critical"]},"ruleId":"rule_mg0b1vjp_bx9vcy","ruleName":"Critical Errors"},"service":"astral-turf","timestamp":"2025-09-25 22:51:30.805","version":"1.0.0"}
{"environment":"test","level":"info","message":"Alert rule added","metadata":{"condition":{"occurrenceThreshold":10,"timeWindowMinutes":10},"ruleId":"rule_mg0b1vjp_96drb6","ruleName":"High Error Rate"},"service":"astral-turf","timestamp":"2025-09-25 22:51:30.805","version":"1.0.0"}
{"environment":"test","level":"info","message":"Alert rule added","metadata":{"condition":{"component":"authentication","occurrenceThreshold":5,"timeWindowMinutes":5},"ruleId":"rule_mg0b1vjp_v2efcs","ruleName":"Authentication Errors"},"service":"astral-turf","timestamp":"2025-09-25 22:51:30.805","version":"1.0.0"}
{"environment":"test","level":"info","message":"Alert rule added","metadata":{"condition":{"component":"database","occurrenceThreshold":1,"severity":["high","critical"]},"ruleId":"rule_mg0b1vjp_st9q9r","ruleName":"Database Errors"},"service":"astral-turf","timestamp":"2025-09-25 22:51:30.805","version":"1.0.0"}
{"environment":"test","level":"info","message":"Error tracking service initialized successfully","metadata":{"alertRulesCount":4,"errorCount":0},"service":"astral-turf","timestamp":"2025-09-25 22:51:30.806","version":"1.0.0"}
{"environment":"test","level":"error","message":"Tracked error: Test error","metadata":{"component":"test-component","errorId":"err_mg0b1vjr_egqigu","fingerprint":"317f329d02dcba03","occurrenceCount":1,"severity":"medium"},"service":"astral-turf","timestamp":"2025-09-25 22:51:30.807","userId":"test-user","version":"1.0.0"}
{"environment":"test","level":"error","message":"Tracked error: Pattern test error","metadata":{"errorId":"err_mg0b1vjs_drzc5d","fingerprint":"1c90bea42da3b24e","occurrenceCount":1,"severity":"low"},"service":"astral-turf","timestamp":"2025-09-25 22:51:30.808","version":"1.0.0"}
{"environment":"test","level":"error","message":"Tracked error: low severity test","metadata":{"errorId":"err_mg0b1vju_2v57zg","fingerprint":"a2a1e39e0ba658b0","occurrenceCount":1,"severity":"low"},"service":"astral-turf","timestamp":"2025-09-25 22:51:30.810","version":"1.0.0"}
{"environment":"test","level":"error","message":"Tracked error: medium severity test","metadata":{"errorId":"err_mg0b1vju_gzjoq4","fingerprint":"e6051234cfc8846e","occurrenceCount":1,"severity":"medium"},"service":"astral-turf","timestamp":"2025-09-25 22:51:30.810","version":"1.0.0"}
{"environment":"test","level":"error","message":"Tracked error: high severity test","metadata":{"errorId":"err_mg0b1vju_qbqwpu","fingerprint":"df00c1fca330d085","occurrenceCount":1,"severity":"high"},"service":"astral-turf","timestamp":"2025-09-25 22:51:30.810","version":"1.0.0"}
{"environment":"test","level":"error","message":"Tracked error: critical severity test","metadata":{"errorId":"err_mg0b1vjv_sa7gr1","fingerprint":"5c89fefe177c6ed3","occurrenceCount":1,"severity":"critical"},"service":"astral-turf","timestamp":"2025-09-25 22:51:30.811","version":"1.0.0"}
{"environment":"test","level":"warn","message":"Alert triggered: Critical Errors","metadata":{"errorId":"err_mg0b1vjv_sa7gr1","errorMessage":"critical severity test","occurrenceCount":1,"ruleId":"rule_mg0b1vjp_bx9vcy","severity":"critical"},"service":"astral-turf","timestamp":"2025-09-25 22:51:30.811","version":"1.0.0"}
{"environment":"test","level":"warn","message":"ALERT: Critical Errors","metadata":{"context":{},"errorMessage":"critical severity test","occurrenceCount":1,"severity":"critical"},"service":"astral-turf","timestamp":"2025-09-25 22:51:30.811","version":"1.0.0"}
{"environment":"test","level":"info","logLevel":"debug","message":"Logging service initialized successfully","service":"astral-turf","timestamp":"2025-09-25 22:53:56.102","version":"1.0.0"}
{"environment":"test","level":"info","message":"Initializing error tracking service","service":"astral-turf","timestamp":"2025-09-25 22:53:56.143","version":"1.0.0"}
{"environment":"test","level":"info","message":"Error tracking storage loading completed","service":"astral-turf","timestamp":"2025-09-25 22:53:56.144","version":"1.0.0"}
{"environment":"test","level":"info","message":"Alert rule added","metadata":{"condition":{"occurrenceThreshold":1,"severity":["critical"]},"ruleId":"rule_mg0b4zow_enda19","ruleName":"Critical Errors"},"service":"astral-turf","timestamp":"2025-09-25 22:53:56.144","version":"1.0.0"}
{"environment":"test","level":"info","message":"Alert rule added","metadata":{"condition":{"occurrenceThreshold":10,"timeWindowMinutes":10},"ruleId":"rule_mg0b4zow_762ffx","ruleName":"High Error Rate"},"service":"astral-turf","timestamp":"2025-09-25 22:53:56.144","version":"1.0.0"}
{"environment":"test","level":"info","message":"Alert rule added","metadata":{"condition":{"component":"authentication","occurrenceThreshold":5,"timeWindowMinutes":5},"ruleId":"rule_mg0b4zow_7uj9oa","ruleName":"Authentication Errors"},"service":"astral-turf","timestamp":"2025-09-25 22:53:56.145","version":"1.0.0"}
{"environment":"test","level":"info","message":"Alert rule added","metadata":{"condition":{"component":"database","occurrenceThreshold":1,"severity":["high","critical"]},"ruleId":"rule_mg0b4zox_14uf44","ruleName":"Database Errors"},"service":"astral-turf","timestamp":"2025-09-25 22:53:56.145","version":"1.0.0"}
{"environment":"test","level":"info","message":"Error tracking service initialized successfully","metadata":{"alertRulesCount":4,"errorCount":0},"service":"astral-turf","timestamp":"2025-09-25 22:53:56.145","version":"1.0.0"}
{"environment":"test","level":"error","message":"Tracked error: Test error","metadata":{"component":"test-component","errorId":"err_mg0b4zoy_0q7od2","fingerprint":"317f329d02dcba03","occurrenceCount":1,"severity":"medium"},"service":"astral-turf","timestamp":"2025-09-25 22:53:56.146","userId":"test-user","version":"1.0.0"}
{"environment":"test","level":"error","message":"Tracked error: Pattern test error","metadata":{"errorId":"err_mg0b4zoz_7102v8","fingerprint":"1c90bea42da3b24e","occurrenceCount":1,"severity":"low"},"service":"astral-turf","timestamp":"2025-09-25 22:53:56.147","version":"1.0.0"}
{"environment":"test","level":"error","message":"Tracked error: low severity test","metadata":{"errorId":"err_mg0b4zp1_1alvkq","fingerprint":"a2a1e39e0ba658b0","occurrenceCount":1,"severity":"low"},"service":"astral-turf","timestamp":"2025-09-25 22:53:56.149","version":"1.0.0"}
{"environment":"test","level":"error","message":"Tracked error: medium severity test","metadata":{"errorId":"err_mg0b4zp1_6sff3e","fingerprint":"e6051234cfc8846e","occurrenceCount":1,"severity":"medium"},"service":"astral-turf","timestamp":"2025-09-25 22:53:56.149","version":"1.0.0"}
{"environment":"test","level":"error","message":"Tracked error: high severity test","metadata":{"errorId":"err_mg0b4zp2_tsprsw","fingerprint":"df00c1fca330d085","occurrenceCount":1,"severity":"high"},"service":"astral-turf","timestamp":"2025-09-25 22:53:56.150","version":"1.0.0"}
{"environment":"test","level":"error","message":"Tracked error: critical severity test","metadata":{"errorId":"err_mg0b4zp2_9iruke","fingerprint":"5c89fefe177c6ed3","occurrenceCount":1,"severity":"critical"},"service":"astral-turf","timestamp":"2025-09-25 22:53:56.150","version":"1.0.0"}
{"environment":"test","level":"warn","message":"Alert triggered: Critical Errors","metadata":{"errorId":"err_mg0b4zp2_9iruke","errorMessage":"critical severity test","occurrenceCount":1,"ruleId":"rule_mg0b4zow_enda19","severity":"critical"},"service":"astral-turf","timestamp":"2025-09-25 22:53:56.150","version":"1.0.0"}
{"environment":"test","level":"warn","message":"ALERT: Critical Errors","metadata":{"context":{},"errorMessage":"critical severity test","occurrenceCount":1,"severity":"critical"},"service":"astral-turf","timestamp":"2025-09-25 22:53:56.150","version":"1.0.0"}
{"environment":"test","level":"info","logLevel":"debug","message":"Logging service initialized successfully","service":"astral-turf","timestamp":"2025-09-25 23:01:09.487","version":"1.0.0"}
{"environment":"test","level":"info","message":"Initializing error tracking service","service":"astral-turf","timestamp":"2025-09-25 23:01:09.521","version":"1.0.0"}
{"environment":"test","level":"info","message":"Error tracking storage loading completed","service":"astral-turf","timestamp":"2025-09-25 23:01:09.521","version":"1.0.0"}
{"environment":"test","level":"info","message":"Alert rule added","metadata":{"condition":{"occurrenceThreshold":1,"severity":["critical"]},"ruleId":"rule_mg0bea36_c85ekx","ruleName":"Critical Errors"},"service":"astral-turf","timestamp":"2025-09-25 23:01:09.522","version":"1.0.0"}
{"environment":"test","level":"info","message":"Alert rule added","metadata":{"condition":{"occurrenceThreshold":10,"timeWindowMinutes":10},"ruleId":"rule_mg0bea36_2kp5rw","ruleName":"High Error Rate"},"service":"astral-turf","timestamp":"2025-09-25 23:01:09.522","version":"1.0.0"}
{"environment":"test","level":"info","message":"Alert rule added","metadata":{"condition":{"component":"authentication","occurrenceThreshold":5,"timeWindowMinutes":5},"ruleId":"rule_mg0bea36_l0x0rr","ruleName":"Authentication Errors"},"service":"astral-turf","timestamp":"2025-09-25 23:01:09.522","version":"1.0.0"}
{"environment":"test","level":"info","message":"Alert rule added","metadata":{"condition":{"component":"database","occurrenceThreshold":1,"severity":["high","critical"]},"ruleId":"rule_mg0bea36_85rnra","ruleName":"Database Errors"},"service":"astral-turf","timestamp":"2025-09-25 23:01:09.522","version":"1.0.0"}
{"environment":"test","level":"info","message":"Error tracking service initialized successfully","metadata":{"alertRulesCount":4,"errorCount":0},"service":"astral-turf","timestamp":"2025-09-25 23:01:09.523","version":"1.0.0"}
{"environment":"test","level":"error","message":"Tracked error: Test error","metadata":{"component":"test-component","errorId":"err_mg0bea38_070t01","fingerprint":"317f329d02dcba03","occurrenceCount":1,"severity":"medium"},"service":"astral-turf","timestamp":"2025-09-25 23:01:09.524","userId":"test-user","version":"1.0.0"}
{"environment":"test","level":"error","message":"Tracked error: Pattern test error","metadata":{"errorId":"err_mg0bea39_6w4o3t","fingerprint":"1c90bea42da3b24e","occurrenceCount":1,"severity":"low"},"service":"astral-turf","timestamp":"2025-09-25 23:01:09.525","version":"1.0.0"}
{"environment":"test","level":"error","message":"Tracked error: low severity test","metadata":{"errorId":"err_mg0bea3a_mrti9m","fingerprint":"a2a1e39e0ba658b0","occurrenceCount":1,"severity":"low"},"service":"astral-turf","timestamp":"2025-09-25 23:01:09.526","version":"1.0.0"}
{"environment":"test","level":"error","message":"Tracked error: medium severity test","metadata":{"errorId":"err_mg0bea3a_y5joxu","fingerprint":"e6051234cfc8846e","occurrenceCount":1,"severity":"medium"},"service":"astral-turf","timestamp":"2025-09-25 23:01:09.527","version":"1.0.0"}
{"environment":"test","level":"error","message":"Tracked error: high severity test","metadata":{"errorId":"err_mg0bea3b_s9rl0n","fingerprint":"df00c1fca330d085","occurrenceCount":1,"severity":"high"},"service":"astral-turf","timestamp":"2025-09-25 23:01:09.527","version":"1.0.0"}
{"environment":"test","level":"error","message":"Tracked error: critical severity test","metadata":{"errorId":"err_mg0bea3b_izm67h","fingerprint":"5c89fefe177c6ed3","occurrenceCount":1,"severity":"critical"},"service":"astral-turf","timestamp":"2025-09-25 23:01:09.527","version":"1.0.0"}
{"environment":"test","level":"warn","message":"Alert triggered: Critical Errors","metadata":{"errorId":"err_mg0bea3b_izm67h","errorMessage":"critical severity test","occurrenceCount":1,"ruleId":"rule_mg0bea36_c85ekx","severity":"critical"},"service":"astral-turf","timestamp":"2025-09-25 23:01:09.527","version":"1.0.0"}
{"environment":"test","level":"warn","message":"ALERT: Critical Errors","metadata":{"context":{},"errorMessage":"critical severity test","occurrenceCount":1,"severity":"critical"},"service":"astral-turf","timestamp":"2025-09-25 23:01:09.527","version":"1.0.0"}
{"environment":"test","level":"info","logLevel":"debug","message":"Logging service initialized successfully","service":"astral-turf","timestamp":"2025-09-25 23:14:38.573","version":"1.0.0"}
{"environment":"test","level":"info","message":"Initializing error tracking service","service":"astral-turf","timestamp":"2025-09-25 23:14:38.592","version":"1.0.0"}
{"environment":"test","level":"info","message":"Error tracking storage loading completed","service":"astral-turf","timestamp":"2025-09-25 23:14:38.593","version":"1.0.0"}
{"environment":"test","level":"info","message":"Alert rule added","metadata":{"condition":{"occurrenceThreshold":1,"severity":["critical"]},"ruleId":"rule_mg0bvmdd_pvw6fx","ruleName":"Critical Errors"},"service":"astral-turf","timestamp":"2025-09-25 23:14:38.593","version":"1.0.0"}
{"environment":"test","level":"info","message":"Alert rule added","metadata":{"condition":{"occurrenceThreshold":10,"timeWindowMinutes":10},"ruleId":"rule_mg0bvmdd_prdwy9","ruleName":"High Error Rate"},"service":"astral-turf","timestamp":"2025-09-25 23:14:38.594","version":"1.0.0"}
{"environment":"test","level":"info","message":"Alert rule added","metadata":{"condition":{"component":"authentication","occurrenceThreshold":5,"timeWindowMinutes":5},"ruleId":"rule_mg0bvmde_2h8qvf","ruleName":"Authentication Errors"},"service":"astral-turf","timestamp":"2025-09-25 23:14:38.594","version":"1.0.0"}
{"environment":"test","level":"info","message":"Alert rule added","metadata":{"condition":{"component":"database","occurrenceThreshold":1,"severity":["high","critical"]},"ruleId":"rule_mg0bvmde_z9o4zh","ruleName":"Database Errors"},"service":"astral-turf","timestamp":"2025-09-25 23:14:38.594","version":"1.0.0"}
{"environment":"test","level":"info","message":"Error tracking service initialized successfully","metadata":{"alertRulesCount":4,"errorCount":0},"service":"astral-turf","timestamp":"2025-09-25 23:14:38.594","version":"1.0.0"}
{"environment":"test","level":"error","message":"Tracked error: Test error","metadata":{"component":"test-component","errorId":"err_mg0bvmdf_kybgwo","fingerprint":"317f329d02dcba03","occurrenceCount":1,"severity":"medium"},"service":"astral-turf","timestamp":"2025-09-25 23:14:38.595","userId":"test-user","version":"1.0.0"}
{"environment":"test","level":"error","message":"Tracked error: Pattern test error","metadata":{"errorId":"err_mg0bvmdh_eku9dp","fingerprint":"1c90bea42da3b24e","occurrenceCount":1,"severity":"low"},"service":"astral-turf","timestamp":"2025-09-25 23:14:38.597","version":"1.0.0"}
{"environment":"test","level":"error","message":"Tracked error: low severity test","metadata":{"errorId":"err_mg0bvmdj_1uxbtr","fingerprint":"a2a1e39e0ba658b0","occurrenceCount":1,"severity":"low"},"service":"astral-turf","timestamp":"2025-09-25 23:14:38.599","version":"1.0.0"}
{"environment":"test","level":"error","message":"Tracked error: medium severity test","metadata":{"errorId":"err_mg0bvmdj_p0umdb","fingerprint":"e6051234cfc8846e","occurrenceCount":1,"severity":"medium"},"service":"astral-turf","timestamp":"2025-09-25 23:14:38.599","version":"1.0.0"}
{"environment":"test","level":"error","message":"Tracked error: high severity test","metadata":{"errorId":"err_mg0bvmdj_y1jooe","fingerprint":"df00c1fca330d085","occurrenceCount":1,"severity":"high"},"service":"astral-turf","timestamp":"2025-09-25 23:14:38.599","version":"1.0.0"}
{"environment":"test","level":"error","message":"Tracked error: critical severity test","metadata":{"errorId":"err_mg0bvmdk_7q2g5g","fingerprint":"5c89fefe177c6ed3","occurrenceCount":1,"severity":"critical"},"service":"astral-turf","timestamp":"2025-09-25 23:14:38.600","version":"1.0.0"}
{"environment":"test","level":"warn","message":"Alert triggered: Critical Errors","metadata":{"errorId":"err_mg0bvmdk_7q2g5g","errorMessage":"critical severity test","occurrenceCount":1,"ruleId":"rule_mg0bvmdd_pvw6fx","severity":"critical"},"service":"astral-turf","timestamp":"2025-09-25 23:14:38.600","version":"1.0.0"}
{"environment":"test","level":"warn","message":"ALERT: Critical Errors","metadata":{"context":{},"errorMessage":"critical severity test","occurrenceCount":1,"severity":"critical"},"service":"astral-turf","timestamp":"2025-09-25 23:14:38.600","version":"1.0.0"}
{"environment":"test","level":"info","logLevel":"debug","message":"Logging service initialized successfully","service":"astral-turf","timestamp":"2025-09-25 23:16:21.662","version":"1.0.0"}
{"environment":"test","level":"info","message":"Initializing error tracking service","service":"astral-turf","timestamp":"2025-09-25 23:16:21.683","version":"1.0.0"}
{"environment":"test","level":"info","message":"Error tracking storage loading completed","service":"astral-turf","timestamp":"2025-09-25 23:16:21.684","version":"1.0.0"}
{"environment":"test","level":"info","message":"Alert rule added","metadata":{"condition":{"occurrenceThreshold":1,"severity":["critical"]},"ruleId":"rule_mg0bxtx0_k9grjc","ruleName":"Critical Errors"},"service":"astral-turf","timestamp":"2025-09-25 23:16:21.684","version":"1.0.0"}
{"environment":"test","level":"info","message":"Alert rule added","metadata":{"condition":{"occurrenceThreshold":10,"timeWindowMinutes":10},"ruleId":"rule_mg0bxtx1_v7xe8v","ruleName":"High Error Rate"},"service":"astral-turf","timestamp":"2025-09-25 23:16:21.685","version":"1.0.0"}
{"environment":"test","level":"info","message":"Alert rule added","metadata":{"condition":{"component":"authentication","occurrenceThreshold":5,"timeWindowMinutes":5},"ruleId":"rule_mg0bxtx1_vnaoh8","ruleName":"Authentication Errors"},"service":"astral-turf","timestamp":"2025-09-25 23:16:21.685","version":"1.0.0"}
{"environment":"test","level":"info","message":"Alert rule added","metadata":{"condition":{"component":"database","occurrenceThreshold":1,"severity":["high","critical"]},"ruleId":"rule_mg0bxtx1_s8d1n0","ruleName":"Database Errors"},"service":"astral-turf","timestamp":"2025-09-25 23:16:21.685","version":"1.0.0"}
{"environment":"test","level":"info","message":"Error tracking service initialized successfully","metadata":{"alertRulesCount":4,"errorCount":0},"service":"astral-turf","timestamp":"2025-09-25 23:16:21.685","version":"1.0.0"}
{"environment":"test","level":"error","message":"Tracked error: Test error","metadata":{"component":"test-component","errorId":"err_mg0bxtx3_vk6icf","fingerprint":"317f329d02dcba03","occurrenceCount":1,"severity":"medium"},"service":"astral-turf","timestamp":"2025-09-25 23:16:21.687","userId":"test-user","version":"1.0.0"}
{"environment":"test","level":"error","message":"Tracked error: Pattern test error","metadata":{"errorId":"err_mg0bxtx4_pf6gnz","fingerprint":"1c90bea42da3b24e","occurrenceCount":1,"severity":"low"},"service":"astral-turf","timestamp":"2025-09-25 23:16:21.688","version":"1.0.0"}
{"environment":"test","level":"error","message":"Tracked error: low severity test","metadata":{"errorId":"err_mg0bxtx5_cls6im","fingerprint":"a2a1e39e0ba658b0","occurrenceCount":1,"severity":"low"},"service":"astral-turf","timestamp":"2025-09-25 23:16:21.689","version":"1.0.0"}
{"environment":"test","level":"error","message":"Tracked error: medium severity test","metadata":{"errorId":"err_mg0bxtx6_jgyvwn","fingerprint":"e6051234cfc8846e","occurrenceCount":1,"severity":"medium"},"service":"astral-turf","timestamp":"2025-09-25 23:16:21.690","version":"1.0.0"}
{"environment":"test","level":"error","message":"Tracked error: high severity test","metadata":{"errorId":"err_mg0bxtx6_j0ugq3","fingerprint":"df00c1fca330d085","occurrenceCount":1,"severity":"high"},"service":"astral-turf","timestamp":"2025-09-25 23:16:21.690","version":"1.0.0"}
{"environment":"test","level":"error","message":"Tracked error: critical severity test","metadata":{"errorId":"err_mg0bxtx6_3aa3pq","fingerprint":"5c89fefe177c6ed3","occurrenceCount":1,"severity":"critical"},"service":"astral-turf","timestamp":"2025-09-25 23:16:21.690","version":"1.0.0"}
{"environment":"test","level":"warn","message":"Alert triggered: Critical Errors","metadata":{"errorId":"err_mg0bxtx6_3aa3pq","errorMessage":"critical severity test","occurrenceCount":1,"ruleId":"rule_mg0bxtx0_k9grjc","severity":"critical"},"service":"astral-turf","timestamp":"2025-09-25 23:16:21.691","version":"1.0.0"}
{"environment":"test","level":"warn","message":"ALERT: Critical Errors","metadata":{"context":{},"errorMessage":"critical severity test","occurrenceCount":1,"severity":"critical"},"service":"astral-turf","timestamp":"2025-09-25 23:16:21.691","version":"1.0.0"}
{"environment":"test","level":"info","logLevel":"debug","message":"Logging service initialized successfully","service":"astral-turf","timestamp":"2025-09-25 23:17:17.797","version":"1.0.0"}
{"environment":"test","level":"info","message":"Initializing error tracking service","service":"astral-turf","timestamp":"2025-09-25 23:17:17.820","version":"1.0.0"}
{"environment":"test","level":"info","message":"Error tracking storage loading completed","service":"astral-turf","timestamp":"2025-09-25 23:17:17.820","version":"1.0.0"}
{"environment":"test","level":"info","message":"Alert rule added","metadata":{"condition":{"occurrenceThreshold":1,"severity":["critical"]},"ruleId":"rule_mg0bz18d_ig996p","ruleName":"Critical Errors"},"service":"astral-turf","timestamp":"2025-09-25 23:17:17.821","version":"1.0.0"}
{"environment":"test","level":"info","message":"Alert rule added","metadata":{"condition":{"occurrenceThreshold":10,"timeWindowMinutes":10},"ruleId":"rule_mg0bz18d_0m14v3","ruleName":"High Error Rate"},"service":"astral-turf","timestamp":"2025-09-25 23:17:17.821","version":"1.0.0"}
{"environment":"test","level":"info","message":"Alert rule added","metadata":{"condition":{"component":"authentication","occurrenceThreshold":5,"timeWindowMinutes":5},"ruleId":"rule_mg0bz18d_7zm3d2","ruleName":"Authentication Errors"},"service":"astral-turf","timestamp":"2025-09-25 23:17:17.821","version":"1.0.0"}
{"environment":"test","level":"info","message":"Alert rule added","metadata":{"condition":{"component":"database","occurrenceThreshold":1,"severity":["high","critical"]},"ruleId":"rule_mg0bz18e_lz0j69","ruleName":"Database Errors"},"service":"astral-turf","timestamp":"2025-09-25 23:17:17.822","version":"1.0.0"}
{"environment":"test","level":"info","message":"Error tracking service initialized successfully","metadata":{"alertRulesCount":4,"errorCount":0},"service":"astral-turf","timestamp":"2025-09-25 23:17:17.822","version":"1.0.0"}
{"environment":"test","level":"error","message":"Tracked error: Test error","metadata":{"component":"test-component","errorId":"err_mg0bz18f_d3kn3v","fingerprint":"317f329d02dcba03","occurrenceCount":1,"severity":"medium"},"service":"astral-turf","timestamp":"2025-09-25 23:17:17.823","userId":"test-user","version":"1.0.0"}
{"environment":"test","level":"error","message":"Tracked error: Pattern test error","metadata":{"errorId":"err_mg0bz18g_uqk2ia","fingerprint":"1c90bea42da3b24e","occurrenceCount":1,"severity":"low"},"service":"astral-turf","timestamp":"2025-09-25 23:17:17.824","version":"1.0.0"}
{"environment":"test","level":"error","message":"Tracked error: low severity test","metadata":{"errorId":"err_mg0bz18i_klhsha","fingerprint":"a2a1e39e0ba658b0","occurrenceCount":1,"severity":"low"},"service":"astral-turf","timestamp":"2025-09-25 23:17:17.826","version":"1.0.0"}
{"environment":"test","level":"error","message":"Tracked error: medium severity test","metadata":{"errorId":"err_mg0bz18j_q7oleb","fingerprint":"e6051234cfc8846e","occurrenceCount":1,"severity":"medium"},"service":"astral-turf","timestamp":"2025-09-25 23:17:17.827","version":"1.0.0"}
{"environment":"test","level":"error","message":"Tracked error: high severity test","metadata":{"errorId":"err_mg0bz18k_snnu6r","fingerprint":"df00c1fca330d085","occurrenceCount":1,"severity":"high"},"service":"astral-turf","timestamp":"2025-09-25 23:17:17.828","version":"1.0.0"}
{"environment":"test","level":"error","message":"Tracked error: critical severity test","metadata":{"errorId":"err_mg0bz18k_1ma6ot","fingerprint":"5c89fefe177c6ed3","occurrenceCount":1,"severity":"critical"},"service":"astral-turf","timestamp":"2025-09-25 23:17:17.828","version":"1.0.0"}
{"environment":"test","level":"warn","message":"Alert triggered: Critical Errors","metadata":{"errorId":"err_mg0bz18k_1ma6ot","errorMessage":"critical severity test","occurrenceCount":1,"ruleId":"rule_mg0bz18d_ig996p","severity":"critical"},"service":"astral-turf","timestamp":"2025-09-25 23:17:17.828","version":"1.0.0"}
{"environment":"test","level":"warn","message":"ALERT: Critical Errors","metadata":{"context":{},"errorMessage":"critical severity test","occurrenceCount":1,"severity":"critical"},"service":"astral-turf","timestamp":"2025-09-25 23:17:17.829","version":"1.0.0"}
