{"environment":"test","level":"info","logLevel":"debug","message":"Logging service initialized successfully","service":"astral-turf","timestamp":"2025-10-08 10:38:33.307","version":"1.0.0"}
{"environment":"test","level":"info","logLevel":"debug","message":"Logging service initialized successfully","service":"astral-turf","timestamp":"2025-10-08 10:43:14.113","version":"1.0.0"}
{"environment":"test","level":"info","message":"Initializing error tracking service","service":"astral-turf","timestamp":"2025-10-08 10:43:14.151","version":"1.0.0"}
{"environment":"test","level":"info","message":"Error tracking storage loading completed","service":"astral-turf","timestamp":"2025-10-08 10:43:14.152","version":"1.0.0"}
{"environment":"test","level":"info","message":"Alert rule added","metadata":{"condition":{"occurrenceThreshold":1,"severity":["critical"]},"ruleId":"rule_mgi5rdns_es2u3h","ruleName":"Critical Errors"},"service":"astral-turf","timestamp":"2025-10-08 10:43:14.152","version":"1.0.0"}
{"environment":"test","level":"info","message":"Alert rule added","metadata":{"condition":{"occurrenceThreshold":10,"timeWindowMinutes":10},"ruleId":"rule_mgi5rdnt_pavnbu","ruleName":"High Error Rate"},"service":"astral-turf","timestamp":"2025-10-08 10:43:14.153","version":"1.0.0"}
{"environment":"test","level":"info","message":"Alert rule added","metadata":{"condition":{"component":"authentication","occurrenceThreshold":5,"timeWindowMinutes":5},"ruleId":"rule_mgi5rdnt_38lp02","ruleName":"Authentication Errors"},"service":"astral-turf","timestamp":"2025-10-08 10:43:14.153","version":"1.0.0"}
{"environment":"test","level":"info","message":"Alert rule added","metadata":{"condition":{"component":"database","occurrenceThreshold":1,"severity":["high","critical"]},"ruleId":"rule_mgi5rdnt_7yrh3b","ruleName":"Database Errors"},"service":"astral-turf","timestamp":"2025-10-08 10:43:14.153","version":"1.0.0"}
{"environment":"test","level":"info","message":"Error tracking service initialized successfully","metadata":{"alertRulesCount":4,"errorCount":0},"service":"astral-turf","timestamp":"2025-10-08 10:43:14.153","version":"1.0.0"}
{"environment":"test","level":"info","message":"Initializing error tracking service","service":"astral-turf","timestamp":"2025-10-08 10:43:14.154","version":"1.0.0"}
{"environment":"test","level":"info","message":"Error tracking storage loading completed","service":"astral-turf","timestamp":"2025-10-08 10:43:14.154","version":"1.0.0"}
{"environment":"test","level":"info","message":"Alert rule added","metadata":{"condition":{"occurrenceThreshold":1,"severity":["critical"]},"ruleId":"rule_mgi5rdnu_ebx06s","ruleName":"Critical Errors"},"service":"astral-turf","timestamp":"2025-10-08 10:43:14.154","version":"1.0.0"}
{"environment":"test","level":"info","message":"Alert rule added","metadata":{"condition":{"occurrenceThreshold":10,"timeWindowMinutes":10},"ruleId":"rule_mgi5rdnv_62nhaw","ruleName":"High Error Rate"},"service":"astral-turf","timestamp":"2025-10-08 10:43:14.155","version":"1.0.0"}
{"environment":"test","level":"info","message":"Alert rule added","metadata":{"condition":{"component":"authentication","occurrenceThreshold":5,"timeWindowMinutes":5},"ruleId":"rule_mgi5rdnv_kq0tge","ruleName":"Authentication Errors"},"service":"astral-turf","timestamp":"2025-10-08 10:43:14.155","version":"1.0.0"}
{"environment":"test","level":"info","message":"Alert rule added","metadata":{"condition":{"component":"database","occurrenceThreshold":1,"severity":["high","critical"]},"ruleId":"rule_mgi5rdnv_suuiek","ruleName":"Database Errors"},"service":"astral-turf","timestamp":"2025-10-08 10:43:14.155","version":"1.0.0"}
{"environment":"test","level":"info","message":"Error tracking service initialized successfully","metadata":{"alertRulesCount":8,"errorCount":0},"service":"astral-turf","timestamp":"2025-10-08 10:43:14.155","version":"1.0.0"}
{"environment":"test","level":"info","message":"Initializing error tracking service","service":"astral-turf","timestamp":"2025-10-08 10:43:14.156","version":"1.0.0"}
{"environment":"test","level":"info","message":"Error tracking storage loading completed","service":"astral-turf","timestamp":"2025-10-08 10:43:14.156","version":"1.0.0"}
{"environment":"test","level":"info","message":"Alert rule added","metadata":{"condition":{"occurrenceThreshold":1,"severity":["critical"]},"ruleId":"rule_mgi5rdnw_al2gfn","ruleName":"Critical Errors"},"service":"astral-turf","timestamp":"2025-10-08 10:43:14.156","version":"1.0.0"}
{"environment":"test","level":"info","message":"Alert rule added","metadata":{"condition":{"occurrenceThreshold":10,"timeWindowMinutes":10},"ruleId":"rule_mgi5rdnw_vxl49g","ruleName":"High Error Rate"},"service":"astral-turf","timestamp":"2025-10-08 10:43:14.156","version":"1.0.0"}
{"environment":"test","level":"info","message":"Alert rule added","metadata":{"condition":{"component":"authentication","occurrenceThreshold":5,"timeWindowMinutes":5},"ruleId":"rule_mgi5rdnw_idzl2w","ruleName":"Authentication Errors"},"service":"astral-turf","timestamp":"2025-10-08 10:43:14.156","version":"1.0.0"}
{"environment":"test","level":"info","message":"Alert rule added","metadata":{"condition":{"component":"database","occurrenceThreshold":1,"severity":["high","critical"]},"ruleId":"rule_mgi5rdnw_yb43wy","ruleName":"Database Errors"},"service":"astral-turf","timestamp":"2025-10-08 10:43:14.156","version":"1.0.0"}
{"environment":"test","level":"info","message":"Error tracking service initialized successfully","metadata":{"alertRulesCount":12,"errorCount":0},"service":"astral-turf","timestamp":"2025-10-08 10:43:14.157","version":"1.0.0"}
{"environment":"test","level":"error","message":"Tracked error: Test error","metadata":{"component":"test-component","errorId":"err_mgi5rdny_ghkmug","fingerprint":"317f329d02dcba03","occurrenceCount":1,"severity":"medium"},"service":"astral-turf","timestamp":"2025-10-08 10:43:14.158","userId":"test-user","version":"1.0.0"}
{"environment":"test","error":"Database not connected. Call initialize() first.","level":"error","message":"Failed to save error to database","service":"astral-turf","timestamp":"2025-10-08 10:43:14.158","version":"1.0.0"}
{"environment":"test","level":"error","message":"Tracked error: Test error","metadata":{"component":"test-component","errorId":"err_mgi5rdny_ghkmug","fingerprint":"317f329d02dcba03","occurrenceCount":2,"severity":"medium"},"service":"astral-turf","timestamp":"2025-10-08 10:43:14.159","userId":"test-user","version":"1.0.0"}
{"environment":"test","error":"Database not connected. Call initialize() first.","level":"error","message":"Failed to save error to database","service":"astral-turf","timestamp":"2025-10-08 10:43:14.160","version":"1.0.0"}
{"environment":"test","level":"error","message":"Tracked error: Test error","metadata":{"component":"test-component","errorId":"err_mgi5rdny_ghkmug","fingerprint":"317f329d02dcba03","occurrenceCount":3,"severity":"medium"},"service":"astral-turf","timestamp":"2025-10-08 10:43:14.160","userId":"test-user","version":"1.0.0"}
{"environment":"test","error":"Database not connected. Call initialize() first.","level":"error","message":"Failed to save error to database","service":"astral-turf","timestamp":"2025-10-08 10:43:14.161","version":"1.0.0"}
{"environment":"test","level":"error","message":"Tracked error: Pattern test error","metadata":{"errorId":"err_mgi5rdo1_p2izag","fingerprint":"1c90bea42da3b24e","occurrenceCount":1,"severity":"low"},"service":"astral-turf","timestamp":"2025-10-08 10:43:14.161","version":"1.0.0"}
{"environment":"test","error":"Database not connected. Call initialize() first.","level":"error","message":"Failed to save error to database","service":"astral-turf","timestamp":"2025-10-08 10:43:14.161","version":"1.0.0"}
{"environment":"test","level":"error","message":"Tracked error: Pattern test error","metadata":{"errorId":"err_mgi5rdo1_p2izag","fingerprint":"1c90bea42da3b24e","occurrenceCount":2,"severity":"low"},"service":"astral-turf","timestamp":"2025-10-08 10:43:14.162","version":"1.0.0"}
{"environment":"test","error":"Database not connected. Call initialize() first.","level":"error","message":"Failed to save error to database","service":"astral-turf","timestamp":"2025-10-08 10:43:14.162","version":"1.0.0"}
{"environment":"test","level":"error","message":"Tracked error: Pattern test error","metadata":{"errorId":"err_mgi5rdo1_p2izag","fingerprint":"1c90bea42da3b24e","occurrenceCount":3,"severity":"low"},"service":"astral-turf","timestamp":"2025-10-08 10:43:14.163","version":"1.0.0"}
{"environment":"test","error":"Database not connected. Call initialize() first.","level":"error","message":"Failed to save error to database","service":"astral-turf","timestamp":"2025-10-08 10:43:14.163","version":"1.0.0"}
{"environment":"test","level":"error","message":"Tracked error: low severity test","metadata":{"errorId":"err_mgi5rdo4_fofwzq","fingerprint":"a2a1e39e0ba658b0","occurrenceCount":1,"severity":"low"},"service":"astral-turf","timestamp":"2025-10-08 10:43:14.164","version":"1.0.0"}
{"environment":"test","level":"error","message":"Tracked error: medium severity test","metadata":{"errorId":"err_mgi5rdo4_vu3bq3","fingerprint":"e6051234cfc8846e","occurrenceCount":1,"severity":"medium"},"service":"astral-turf","timestamp":"2025-10-08 10:43:14.164","version":"1.0.0"}
{"environment":"test","level":"error","message":"Tracked error: high severity test","metadata":{"errorId":"err_mgi5rdo5_65q314","fingerprint":"df00c1fca330d085","occurrenceCount":1,"severity":"high"},"service":"astral-turf","timestamp":"2025-10-08 10:43:14.165","version":"1.0.0"}
{"environment":"test","level":"error","message":"Tracked error: critical severity test","metadata":{"errorId":"err_mgi5rdo5_6q3w9y","fingerprint":"5c89fefe177c6ed3","occurrenceCount":1,"severity":"critical"},"service":"astral-turf","timestamp":"2025-10-08 10:43:14.165","version":"1.0.0"}
{"environment":"test","level":"warn","message":"Alert triggered: Critical Errors","metadata":{"errorId":"err_mgi5rdo5_6q3w9y","errorMessage":"critical severity test","occurrenceCount":1,"ruleId":"rule_mgi5rdns_es2u3h","severity":"critical"},"service":"astral-turf","timestamp":"2025-10-08 10:43:14.165","version":"1.0.0"}
{"environment":"test","level":"warn","message":"ALERT: Critical Errors","metadata":{"context":{},"errorMessage":"critical severity test","occurrenceCount":1,"severity":"critical"},"service":"astral-turf","timestamp":"2025-10-08 10:43:14.165","version":"1.0.0"}
{"environment":"test","error":"Database not connected. Call initialize() first.","level":"error","message":"Failed to save error to database","service":"astral-turf","timestamp":"2025-10-08 10:43:14.165","version":"1.0.0"}
{"environment":"test","error":"Database not connected. Call initialize() first.","level":"error","message":"Failed to save error to database","service":"astral-turf","timestamp":"2025-10-08 10:43:14.165","version":"1.0.0"}
{"environment":"test","error":"Database not connected. Call initialize() first.","level":"error","message":"Failed to save error to database","service":"astral-turf","timestamp":"2025-10-08 10:43:14.165","version":"1.0.0"}
{"environment":"test","error":"Database not connected. Call initialize() first.","level":"error","message":"Failed to save alert to database","service":"astral-turf","timestamp":"2025-10-08 10:43:14.166","version":"1.0.0"}
{"environment":"test","level":"warn","message":"Alert triggered: Critical Errors","metadata":{"errorId":"err_mgi5rdo5_6q3w9y","errorMessage":"critical severity test","occurrenceCount":1,"ruleId":"rule_mgi5rdnu_ebx06s","severity":"critical"},"service":"astral-turf","timestamp":"2025-10-08 10:43:14.166","version":"1.0.0"}
{"environment":"test","level":"warn","message":"ALERT: Critical Errors","metadata":{"context":{},"errorMessage":"critical severity test","occurrenceCount":1,"severity":"critical"},"service":"astral-turf","timestamp":"2025-10-08 10:43:14.166","version":"1.0.0"}
{"environment":"test","error":"Database not connected. Call initialize() first.","level":"error","message":"Failed to save alert to database","service":"astral-turf","timestamp":"2025-10-08 10:43:14.166","version":"1.0.0"}
{"environment":"test","level":"warn","message":"Alert triggered: Critical Errors","metadata":{"errorId":"err_mgi5rdo5_6q3w9y","errorMessage":"critical severity test","occurrenceCount":1,"ruleId":"rule_mgi5rdnw_al2gfn","severity":"critical"},"service":"astral-turf","timestamp":"2025-10-08 10:43:14.167","version":"1.0.0"}
{"environment":"test","level":"warn","message":"ALERT: Critical Errors","metadata":{"context":{},"errorMessage":"critical severity test","occurrenceCount":1,"severity":"critical"},"service":"astral-turf","timestamp":"2025-10-08 10:43:14.167","version":"1.0.0"}
{"environment":"test","error":"Database not connected. Call initialize() first.","level":"error","message":"Failed to save alert to database","service":"astral-turf","timestamp":"2025-10-08 10:43:14.167","version":"1.0.0"}
{"environment":"test","error":"Database not connected. Call initialize() first.","level":"error","message":"Failed to save error to database","service":"astral-turf","timestamp":"2025-10-08 10:43:14.167","version":"1.0.0"}
{"environment":"test","level":"error","message":"Tracked error: low severity test","metadata":{"errorId":"err_mgi5rdo4_fofwzq","fingerprint":"a2a1e39e0ba658b0","occurrenceCount":2,"severity":"low"},"service":"astral-turf","timestamp":"2025-10-08 10:43:14.168","version":"1.0.0"}
{"environment":"test","level":"error","message":"Tracked error: medium severity test","metadata":{"errorId":"err_mgi5rdo4_vu3bq3","fingerprint":"e6051234cfc8846e","occurrenceCount":2,"severity":"medium"},"service":"astral-turf","timestamp":"2025-10-08 10:43:14.168","version":"1.0.0"}
{"environment":"test","level":"error","message":"Tracked error: high severity test","metadata":{"errorId":"err_mgi5rdo5_65q314","fingerprint":"df00c1fca330d085","occurrenceCount":2,"severity":"high"},"service":"astral-turf","timestamp":"2025-10-08 10:43:14.169","version":"1.0.0"}
{"environment":"test","level":"error","message":"Tracked error: critical severity test","metadata":{"errorId":"err_mgi5rdo5_6q3w9y","fingerprint":"5c89fefe177c6ed3","occurrenceCount":2,"severity":"critical"},"service":"astral-turf","timestamp":"2025-10-08 10:43:14.169","version":"1.0.0"}
{"environment":"test","error":"Database not connected. Call initialize() first.","level":"error","message":"Failed to save error to database","service":"astral-turf","timestamp":"2025-10-08 10:43:14.169","version":"1.0.0"}
{"environment":"test","error":"Database not connected. Call initialize() first.","level":"error","message":"Failed to save error to database","service":"astral-turf","timestamp":"2025-10-08 10:43:14.169","version":"1.0.0"}
{"environment":"test","error":"Database not connected. Call initialize() first.","level":"error","message":"Failed to save error to database","service":"astral-turf","timestamp":"2025-10-08 10:43:14.169","version":"1.0.0"}
{"environment":"test","error":"Database not connected. Call initialize() first.","level":"error","message":"Failed to save error to database","service":"astral-turf","timestamp":"2025-10-08 10:43:14.169","version":"1.0.0"}
{"environment":"test","level":"error","message":"Tracked error: low severity test","metadata":{"errorId":"err_mgi5rdo4_fofwzq","fingerprint":"a2a1e39e0ba658b0","occurrenceCount":3,"severity":"low"},"service":"astral-turf","timestamp":"2025-10-08 10:43:14.170","version":"1.0.0"}
{"environment":"test","level":"error","message":"Tracked error: medium severity test","metadata":{"errorId":"err_mgi5rdo4_vu3bq3","fingerprint":"e6051234cfc8846e","occurrenceCount":3,"severity":"medium"},"service":"astral-turf","timestamp":"2025-10-08 10:43:14.171","version":"1.0.0"}
{"environment":"test","level":"error","message":"Tracked error: high severity test","metadata":{"errorId":"err_mgi5rdo5_65q314","fingerprint":"df00c1fca330d085","occurrenceCount":3,"severity":"high"},"service":"astral-turf","timestamp":"2025-10-08 10:43:14.171","version":"1.0.0"}
{"environment":"test","level":"error","message":"Tracked error: critical severity test","metadata":{"errorId":"err_mgi5rdo5_6q3w9y","fingerprint":"5c89fefe177c6ed3","occurrenceCount":3,"severity":"critical"},"service":"astral-turf","timestamp":"2025-10-08 10:43:14.171","version":"1.0.0"}
{"environment":"test","error":"Database not connected. Call initialize() first.","level":"error","message":"Failed to save error to database","service":"astral-turf","timestamp":"2025-10-08 10:43:14.171","version":"1.0.0"}
{"environment":"test","error":"Database not connected. Call initialize() first.","level":"error","message":"Failed to save error to database","service":"astral-turf","timestamp":"2025-10-08 10:43:14.171","version":"1.0.0"}
{"environment":"test","error":"Database not connected. Call initialize() first.","level":"error","message":"Failed to save error to database","service":"astral-turf","timestamp":"2025-10-08 10:43:14.171","version":"1.0.0"}
{"environment":"test","error":"Database not connected. Call initialize() first.","level":"error","message":"Failed to save error to database","service":"astral-turf","timestamp":"2025-10-08 10:43:14.172","version":"1.0.0"}
{"environment":"test","level":"info","logLevel":"debug","message":"Logging service initialized successfully","service":"astral-turf","timestamp":"2025-10-08 10:43:14.382","version":"1.0.0"}
{"environment":"test","level":"info","logLevel":"debug","message":"Logging service initialized successfully","service":"astral-turf","timestamp":"2025-10-08 10:43:17.587","version":"1.0.0"}
{"environment":"test","level":"info","logLevel":"debug","message":"Logging service initialized successfully","service":"astral-turf","timestamp":"2025-10-08 10:43:18.582","version":"1.0.0"}
{"environment":"test","level":"info","logLevel":"debug","message":"Logging service initialized successfully","service":"astral-turf","timestamp":"2025-10-08 10:43:20.223","version":"1.0.0"}
{"environment":"test","level":"info","logLevel":"debug","message":"Logging service initialized successfully","service":"astral-turf","timestamp":"2025-10-08 10:43:22.154","version":"1.0.0"}
{"environment":"test","level":"info","logLevel":"debug","message":"Logging service initialized successfully","service":"astral-turf","timestamp":"2025-10-08 10:43:23.313","version":"1.0.0"}
{"environment":"test","level":"info","logLevel":"debug","message":"Logging service initialized successfully","service":"astral-turf","timestamp":"2025-10-08 10:43:24.732","version":"1.0.0"}
{"environment":"test","level":"info","logLevel":"debug","message":"Logging service initialized successfully","service":"astral-turf","timestamp":"2025-10-08 10:43:33.059","version":"1.0.0"}
{"environment":"test","level":"info","logLevel":"debug","message":"Logging service initialized successfully","service":"astral-turf","timestamp":"2025-10-08 10:43:52.373","version":"1.0.0"}
{"environment":"test","level":"info","logLevel":"debug","message":"Logging service initialized successfully","service":"astral-turf","timestamp":"2025-10-08 10:43:56.076","version":"1.0.0"}
{"environment":"test","level":"info","logLevel":"debug","message":"Logging service initialized successfully","service":"astral-turf","timestamp":"2025-10-08 10:44:02.772","version":"1.0.0"}
{"environment":"test","level":"info","logLevel":"debug","message":"Logging service initialized successfully","service":"astral-turf","timestamp":"2025-10-08 10:44:06.786","version":"1.0.0"}
{"environment":"test","level":"info","logLevel":"debug","message":"Logging service initialized successfully","service":"astral-turf","timestamp":"2025-10-08 10:44:09.932","version":"1.0.0"}
{"environment":"test","level":"info","logLevel":"debug","message":"Logging service initialized successfully","service":"astral-turf","timestamp":"2025-10-08 10:44:10.173","version":"1.0.0"}
{"environment":"test","level":"info","logLevel":"debug","message":"Logging service initialized successfully","service":"astral-turf","timestamp":"2025-10-08 10:44:13.269","version":"1.0.0"}
{"environment":"test","level":"info","logLevel":"debug","message":"Logging service initialized successfully","service":"astral-turf","timestamp":"2025-10-08 10:44:13.417","version":"1.0.0"}
{"environment":"test","level":"info","logLevel":"debug","message":"Logging service initialized successfully","service":"astral-turf","timestamp":"2025-10-08 10:44:51.552","version":"1.0.0"}
{"environment":"test","level":"info","logLevel":"debug","message":"Logging service initialized successfully","service":"astral-turf","timestamp":"2025-10-08 10:44:55.293","version":"1.0.0"}
{"environment":"test","level":"info","logLevel":"debug","message":"Logging service initialized successfully","service":"astral-turf","timestamp":"2025-10-08 10:45:13.416","version":"1.0.0"}
{"environment":"test","level":"info","logLevel":"debug","message":"Logging service initialized successfully","service":"astral-turf","timestamp":"2025-10-08 10:58:47.836","version":"1.0.0"}
{"environment":"test","level":"info","logLevel":"debug","message":"Logging service initialized successfully","service":"astral-turf","timestamp":"2025-10-08 10:58:48.090","version":"1.0.0"}
