{"environment":"test","level":"error","message":"Tracked error: Test error","metadata":{"component":"test-component","errorId":"err_mg0wwix5_nprcog","fingerprint":"317f329d02dcba03","occurrenceCount":1,"severity":"medium"},"service":"astral-turf","timestamp":"2025-09-26 09:03:12.714","userId":"test-user","version":"1.0.0"}
{"environment":"test","level":"error","message":"Tracked error: Pattern test error","metadata":{"errorId":"err_mg0wwix7_xdll1x","fingerprint":"1c90bea42da3b24e","occurrenceCount":1,"severity":"low"},"service":"astral-turf","timestamp":"2025-09-26 09:03:12.715","version":"1.0.0"}
{"environment":"test","level":"error","message":"Tracked error: low severity test","metadata":{"errorId":"err_mg0wwix9_mnky4y","fingerprint":"a2a1e39e0ba658b0","occurrenceCount":1,"severity":"low"},"service":"astral-turf","timestamp":"2025-09-26 09:03:12.717","version":"1.0.0"}
{"environment":"test","level":"error","message":"Tracked error: medium severity test","metadata":{"errorId":"err_mg0wwixa_g5pvka","fingerprint":"e6051234cfc8846e","occurrenceCount":1,"severity":"medium"},"service":"astral-turf","timestamp":"2025-09-26 09:03:12.718","version":"1.0.0"}
{"environment":"test","level":"error","message":"Tracked error: high severity test","metadata":{"errorId":"err_mg0wwixa_ttaiv9","fingerprint":"df00c1fca330d085","occurrenceCount":1,"severity":"high"},"service":"astral-turf","timestamp":"2025-09-26 09:03:12.718","version":"1.0.0"}
{"environment":"test","level":"error","message":"Tracked error: critical severity test","metadata":{"errorId":"err_mg0wwixa_xkelf0","fingerprint":"5c89fefe177c6ed3","occurrenceCount":1,"severity":"critical"},"service":"astral-turf","timestamp":"2025-09-26 09:03:12.718","version":"1.0.0"}
{"environment":"test","level":"error","message":"Tracked error: Test error","metadata":{"component":"test-component","errorId":"err_mg0xgnvo_6zpfjh","fingerprint":"317f329d02dcba03","occurrenceCount":1,"severity":"medium"},"service":"astral-turf","timestamp":"2025-09-26 09:18:52.260","userId":"test-user","version":"1.0.0"}
{"environment":"test","level":"error","message":"Tracked error: Pattern test error","metadata":{"errorId":"err_mg0xgnvp_1ye8e1","fingerprint":"1c90bea42da3b24e","occurrenceCount":1,"severity":"low"},"service":"astral-turf","timestamp":"2025-09-26 09:18:52.261","version":"1.0.0"}
{"environment":"test","level":"error","message":"Tracked error: low severity test","metadata":{"errorId":"err_mg0xgnvq_qsn9r4","fingerprint":"a2a1e39e0ba658b0","occurrenceCount":1,"severity":"low"},"service":"astral-turf","timestamp":"2025-09-26 09:18:52.262","version":"1.0.0"}
{"environment":"test","level":"error","message":"Tracked error: medium severity test","metadata":{"errorId":"err_mg0xgnvr_d2efzh","fingerprint":"e6051234cfc8846e","occurrenceCount":1,"severity":"medium"},"service":"astral-turf","timestamp":"2025-09-26 09:18:52.263","version":"1.0.0"}
{"environment":"test","level":"error","message":"Tracked error: high severity test","metadata":{"errorId":"err_mg0xgnvr_rgxfrr","fingerprint":"df00c1fca330d085","occurrenceCount":1,"severity":"high"},"service":"astral-turf","timestamp":"2025-09-26 09:18:52.263","version":"1.0.0"}
{"environment":"test","level":"error","message":"Tracked error: critical severity test","metadata":{"errorId":"err_mg0xgnvr_se7p9l","fingerprint":"5c89fefe177c6ed3","occurrenceCount":1,"severity":"critical"},"service":"astral-turf","timestamp":"2025-09-26 09:18:52.263","version":"1.0.0"}
{"environment":"test","level":"error","message":"Tracked error: Test error","metadata":{"component":"test-component","errorId":"err_mg0xkfkq_zwwrim","fingerprint":"317f329d02dcba03","occurrenceCount":1,"severity":"medium"},"service":"astral-turf","timestamp":"2025-09-26 09:21:48.122","userId":"test-user","version":"1.0.0"}
{"environment":"test","error":"Database not connected. Call initialize() first.","level":"error","message":"Failed to save error to database","service":"astral-turf","timestamp":"2025-09-26 09:21:48.122","version":"1.0.0"}
{"environment":"test","level":"error","message":"Tracked error: Pattern test error","metadata":{"errorId":"err_mg0xkfkr_3ve9sl","fingerprint":"1c90bea42da3b24e","occurrenceCount":1,"severity":"low"},"service":"astral-turf","timestamp":"2025-09-26 09:21:48.123","version":"1.0.0"}
{"environment":"test","error":"Database not connected. Call initialize() first.","level":"error","message":"Failed to save error to database","service":"astral-turf","timestamp":"2025-09-26 09:21:48.123","version":"1.0.0"}
{"environment":"test","level":"error","message":"Tracked error: low severity test","metadata":{"errorId":"err_mg0xkfks_q66p3e","fingerprint":"a2a1e39e0ba658b0","occurrenceCount":1,"severity":"low"},"service":"astral-turf","timestamp":"2025-09-26 09:21:48.124","version":"1.0.0"}
{"environment":"test","level":"error","message":"Tracked error: medium severity test","metadata":{"errorId":"err_mg0xkfks_3o18qt","fingerprint":"e6051234cfc8846e","occurrenceCount":1,"severity":"medium"},"service":"astral-turf","timestamp":"2025-09-26 09:21:48.124","version":"1.0.0"}
{"environment":"test","level":"error","message":"Tracked error: high severity test","metadata":{"errorId":"err_mg0xkfkt_t0cdu0","fingerprint":"df00c1fca330d085","occurrenceCount":1,"severity":"high"},"service":"astral-turf","timestamp":"2025-09-26 09:21:48.125","version":"1.0.0"}
{"environment":"test","level":"error","message":"Tracked error: critical severity test","metadata":{"errorId":"err_mg0xkfkt_chp4g1","fingerprint":"5c89fefe177c6ed3","occurrenceCount":1,"severity":"critical"},"service":"astral-turf","timestamp":"2025-09-26 09:21:48.125","version":"1.0.0"}
{"environment":"test","error":"Database not connected. Call initialize() first.","level":"error","message":"Failed to save error to database","service":"astral-turf","timestamp":"2025-09-26 09:21:48.125","version":"1.0.0"}
{"environment":"test","error":"Database not connected. Call initialize() first.","level":"error","message":"Failed to save error to database","service":"astral-turf","timestamp":"2025-09-26 09:21:48.125","version":"1.0.0"}
{"environment":"test","error":"Database not connected. Call initialize() first.","level":"error","message":"Failed to save error to database","service":"astral-turf","timestamp":"2025-09-26 09:21:48.125","version":"1.0.0"}
{"environment":"test","error":"Database not connected. Call initialize() first.","level":"error","message":"Failed to save alert to database","service":"astral-turf","timestamp":"2025-09-26 09:21:48.126","version":"1.0.0"}
{"environment":"test","error":"Database not connected. Call initialize() first.","level":"error","message":"Failed to save error to database","service":"astral-turf","timestamp":"2025-09-26 09:21:48.126","version":"1.0.0"}
{"environment":"test","level":"error","message":"Tracked error: Test error","metadata":{"component":"test-component","errorId":"err_mg0xmq46_73un2o","fingerprint":"317f329d02dcba03","occurrenceCount":1,"severity":"medium"},"service":"astral-turf","timestamp":"2025-09-26 09:23:35.094","userId":"test-user","version":"1.0.0"}
{"environment":"test","error":"Database not connected. Call initialize() first.","level":"error","message":"Failed to save error to database","service":"astral-turf","timestamp":"2025-09-26 09:23:35.095","version":"1.0.0"}
{"environment":"test","level":"error","message":"Tracked error: Pattern test error","metadata":{"errorId":"err_mg0xmq47_1kn3pk","fingerprint":"1c90bea42da3b24e","occurrenceCount":1,"severity":"low"},"service":"astral-turf","timestamp":"2025-09-26 09:23:35.095","version":"1.0.0"}
{"environment":"test","error":"Database not connected. Call initialize() first.","level":"error","message":"Failed to save error to database","service":"astral-turf","timestamp":"2025-09-26 09:23:35.096","version":"1.0.0"}
{"environment":"test","level":"error","message":"Tracked error: low severity test","metadata":{"errorId":"err_mg0xmq48_jrekme","fingerprint":"a2a1e39e0ba658b0","occurrenceCount":1,"severity":"low"},"service":"astral-turf","timestamp":"2025-09-26 09:23:35.096","version":"1.0.0"}
{"environment":"test","level":"error","message":"Tracked error: medium severity test","metadata":{"errorId":"err_mg0xmq49_tfyqnc","fingerprint":"e6051234cfc8846e","occurrenceCount":1,"severity":"medium"},"service":"astral-turf","timestamp":"2025-09-26 09:23:35.097","version":"1.0.0"}
{"environment":"test","level":"error","message":"Tracked error: high severity test","metadata":{"errorId":"err_mg0xmq49_776ec0","fingerprint":"df00c1fca330d085","occurrenceCount":1,"severity":"high"},"service":"astral-turf","timestamp":"2025-09-26 09:23:35.097","version":"1.0.0"}
{"environment":"test","level":"error","message":"Tracked error: critical severity test","metadata":{"errorId":"err_mg0xmq4a_qbue5s","fingerprint":"5c89fefe177c6ed3","occurrenceCount":1,"severity":"critical"},"service":"astral-turf","timestamp":"2025-09-26 09:23:35.098","version":"1.0.0"}
{"environment":"test","error":"Database not connected. Call initialize() first.","level":"error","message":"Failed to save error to database","service":"astral-turf","timestamp":"2025-09-26 09:23:35.099","version":"1.0.0"}
{"environment":"test","error":"Database not connected. Call initialize() first.","level":"error","message":"Failed to save error to database","service":"astral-turf","timestamp":"2025-09-26 09:23:35.099","version":"1.0.0"}
{"environment":"test","error":"Database not connected. Call initialize() first.","level":"error","message":"Failed to save error to database","service":"astral-turf","timestamp":"2025-09-26 09:23:35.099","version":"1.0.0"}
{"environment":"test","error":"Database not connected. Call initialize() first.","level":"error","message":"Failed to save alert to database","service":"astral-turf","timestamp":"2025-09-26 09:23:35.099","version":"1.0.0"}
{"environment":"test","error":"Database not connected. Call initialize() first.","level":"error","message":"Failed to save error to database","service":"astral-turf","timestamp":"2025-09-26 09:23:35.099","version":"1.0.0"}
{"environment":"test","level":"error","message":"Tracked error: Test error","metadata":{"component":"test-component","errorId":"err_mg0xn1f8_xpwws9","fingerprint":"317f329d02dcba03","occurrenceCount":1,"severity":"medium"},"service":"astral-turf","timestamp":"2025-09-26 09:23:49.748","userId":"test-user","version":"1.0.0"}
{"environment":"test","error":"Database not connected. Call initialize() first.","level":"error","message":"Failed to save error to database","service":"astral-turf","timestamp":"2025-09-26 09:23:49.749","version":"1.0.0"}
{"environment":"test","level":"error","message":"Tracked error: Pattern test error","metadata":{"errorId":"err_mg0xn1fa_dqrr33","fingerprint":"1c90bea42da3b24e","occurrenceCount":1,"severity":"low"},"service":"astral-turf","timestamp":"2025-09-26 09:23:49.750","version":"1.0.0"}
{"environment":"test","error":"Database not connected. Call initialize() first.","level":"error","message":"Failed to save error to database","service":"astral-turf","timestamp":"2025-09-26 09:23:49.750","version":"1.0.0"}
{"environment":"test","level":"error","message":"Tracked error: low severity test","metadata":{"errorId":"err_mg0xn1fb_6zjftz","fingerprint":"a2a1e39e0ba658b0","occurrenceCount":1,"severity":"low"},"service":"astral-turf","timestamp":"2025-09-26 09:23:49.751","version":"1.0.0"}
{"environment":"test","level":"error","message":"Tracked error: medium severity test","metadata":{"errorId":"err_mg0xn1fb_70d4kc","fingerprint":"e6051234cfc8846e","occurrenceCount":1,"severity":"medium"},"service":"astral-turf","timestamp":"2025-09-26 09:23:49.751","version":"1.0.0"}
{"environment":"test","level":"error","message":"Tracked error: high severity test","metadata":{"errorId":"err_mg0xn1fc_a4xg30","fingerprint":"df00c1fca330d085","occurrenceCount":1,"severity":"high"},"service":"astral-turf","timestamp":"2025-09-26 09:23:49.752","version":"1.0.0"}
{"environment":"test","level":"error","message":"Tracked error: critical severity test","metadata":{"errorId":"err_mg0xn1fc_x6mqc9","fingerprint":"5c89fefe177c6ed3","occurrenceCount":1,"severity":"critical"},"service":"astral-turf","timestamp":"2025-09-26 09:23:49.752","version":"1.0.0"}
{"environment":"test","error":"Database not connected. Call initialize() first.","level":"error","message":"Failed to save error to database","service":"astral-turf","timestamp":"2025-09-26 09:23:49.752","version":"1.0.0"}
{"environment":"test","error":"Database not connected. Call initialize() first.","level":"error","message":"Failed to save error to database","service":"astral-turf","timestamp":"2025-09-26 09:23:49.752","version":"1.0.0"}
{"environment":"test","error":"Database not connected. Call initialize() first.","level":"error","message":"Failed to save error to database","service":"astral-turf","timestamp":"2025-09-26 09:23:49.752","version":"1.0.0"}
{"environment":"test","error":"Database not connected. Call initialize() first.","level":"error","message":"Failed to save alert to database","service":"astral-turf","timestamp":"2025-09-26 09:23:49.752","version":"1.0.0"}
{"environment":"test","error":"Database not connected. Call initialize() first.","level":"error","message":"Failed to save error to database","service":"astral-turf","timestamp":"2025-09-26 09:23:49.753","version":"1.0.0"}
{"environment":"test","level":"error","message":"Tracked error: Test error","metadata":{"component":"test-component","errorId":"err_mg0xpuuv_cm14qk","fingerprint":"317f329d02dcba03","occurrenceCount":1,"severity":"medium"},"service":"astral-turf","timestamp":"2025-09-26 09:26:01.207","userId":"test-user","version":"1.0.0"}
{"environment":"test","error":"Database not connected. Call initialize() first.","level":"error","message":"Failed to save error to database","service":"astral-turf","timestamp":"2025-09-26 09:26:01.207","version":"1.0.0"}
{"environment":"test","level":"error","message":"Tracked error: Pattern test error","metadata":{"errorId":"err_mg0xpuuw_hjjkar","fingerprint":"1c90bea42da3b24e","occurrenceCount":1,"severity":"low"},"service":"astral-turf","timestamp":"2025-09-26 09:26:01.208","version":"1.0.0"}
{"environment":"test","error":"Database not connected. Call initialize() first.","level":"error","message":"Failed to save error to database","service":"astral-turf","timestamp":"2025-09-26 09:26:01.208","version":"1.0.0"}
{"environment":"test","level":"error","message":"Tracked error: low severity test","metadata":{"errorId":"err_mg0xpuux_41n4c1","fingerprint":"a2a1e39e0ba658b0","occurrenceCount":1,"severity":"low"},"service":"astral-turf","timestamp":"2025-09-26 09:26:01.209","version":"1.0.0"}
{"environment":"test","level":"error","message":"Tracked error: medium severity test","metadata":{"errorId":"err_mg0xpuux_7ziwr4","fingerprint":"e6051234cfc8846e","occurrenceCount":1,"severity":"medium"},"service":"astral-turf","timestamp":"2025-09-26 09:26:01.209","version":"1.0.0"}
{"environment":"test","level":"error","message":"Tracked error: high severity test","metadata":{"errorId":"err_mg0xpuuy_q8vthj","fingerprint":"df00c1fca330d085","occurrenceCount":1,"severity":"high"},"service":"astral-turf","timestamp":"2025-09-26 09:26:01.210","version":"1.0.0"}
{"environment":"test","level":"error","message":"Tracked error: critical severity test","metadata":{"errorId":"err_mg0xpuuy_lukdrk","fingerprint":"5c89fefe177c6ed3","occurrenceCount":1,"severity":"critical"},"service":"astral-turf","timestamp":"2025-09-26 09:26:01.210","version":"1.0.0"}
{"environment":"test","error":"Database not connected. Call initialize() first.","level":"error","message":"Failed to save error to database","service":"astral-turf","timestamp":"2025-09-26 09:26:01.210","version":"1.0.0"}
{"environment":"test","error":"Database not connected. Call initialize() first.","level":"error","message":"Failed to save error to database","service":"astral-turf","timestamp":"2025-09-26 09:26:01.210","version":"1.0.0"}
{"environment":"test","error":"Database not connected. Call initialize() first.","level":"error","message":"Failed to save error to database","service":"astral-turf","timestamp":"2025-09-26 09:26:01.210","version":"1.0.0"}
{"environment":"test","error":"Database not connected. Call initialize() first.","level":"error","message":"Failed to save alert to database","service":"astral-turf","timestamp":"2025-09-26 09:26:01.211","version":"1.0.0"}
{"environment":"test","error":"Database not connected. Call initialize() first.","level":"error","message":"Failed to save error to database","service":"astral-turf","timestamp":"2025-09-26 09:26:01.211","version":"1.0.0"}
{"environment":"test","level":"error","message":"Tracked error: Test error","metadata":{"component":"test-component","errorId":"err_mg0xynf2_pccc0r","fingerprint":"317f329d02dcba03","occurrenceCount":1,"severity":"medium"},"service":"astral-turf","timestamp":"2025-09-26 09:32:51.470","userId":"test-user","version":"1.0.0"}
{"environment":"test","error":"Database not connected. Call initialize() first.","level":"error","message":"Failed to save error to database","service":"astral-turf","timestamp":"2025-09-26 09:32:51.471","version":"1.0.0"}
{"environment":"test","level":"error","message":"Tracked error: Pattern test error","metadata":{"errorId":"err_mg0xynf3_n74d25","fingerprint":"1c90bea42da3b24e","occurrenceCount":1,"severity":"low"},"service":"astral-turf","timestamp":"2025-09-26 09:32:51.471","version":"1.0.0"}
{"environment":"test","error":"Database not connected. Call initialize() first.","level":"error","message":"Failed to save error to database","service":"astral-turf","timestamp":"2025-09-26 09:32:51.471","version":"1.0.0"}
{"environment":"test","level":"error","message":"Tracked error: low severity test","metadata":{"errorId":"err_mg0xynf4_8el74w","fingerprint":"a2a1e39e0ba658b0","occurrenceCount":1,"severity":"low"},"service":"astral-turf","timestamp":"2025-09-26 09:32:51.472","version":"1.0.0"}
{"environment":"test","level":"error","message":"Tracked error: medium severity test","metadata":{"errorId":"err_mg0xynf5_oxkn8t","fingerprint":"e6051234cfc8846e","occurrenceCount":1,"severity":"medium"},"service":"astral-turf","timestamp":"2025-09-26 09:32:51.473","version":"1.0.0"}
{"environment":"test","level":"error","message":"Tracked error: high severity test","metadata":{"errorId":"err_mg0xynf5_4vnhhj","fingerprint":"df00c1fca330d085","occurrenceCount":1,"severity":"high"},"service":"astral-turf","timestamp":"2025-09-26 09:32:51.473","version":"1.0.0"}
{"environment":"test","level":"error","message":"Tracked error: critical severity test","metadata":{"errorId":"err_mg0xynf5_44z8oe","fingerprint":"5c89fefe177c6ed3","occurrenceCount":1,"severity":"critical"},"service":"astral-turf","timestamp":"2025-09-26 09:32:51.473","version":"1.0.0"}
{"environment":"test","error":"Database not connected. Call initialize() first.","level":"error","message":"Failed to save error to database","service":"astral-turf","timestamp":"2025-09-26 09:32:51.474","version":"1.0.0"}
{"environment":"test","error":"Database not connected. Call initialize() first.","level":"error","message":"Failed to save error to database","service":"astral-turf","timestamp":"2025-09-26 09:32:51.474","version":"1.0.0"}
{"environment":"test","error":"Database not connected. Call initialize() first.","level":"error","message":"Failed to save error to database","service":"astral-turf","timestamp":"2025-09-26 09:32:51.474","version":"1.0.0"}
{"environment":"test","error":"Database not connected. Call initialize() first.","level":"error","message":"Failed to save alert to database","service":"astral-turf","timestamp":"2025-09-26 09:32:51.474","version":"1.0.0"}
{"environment":"test","error":"Database not connected. Call initialize() first.","level":"error","message":"Failed to save error to database","service":"astral-turf","timestamp":"2025-09-26 09:32:51.474","version":"1.0.0"}
{"environment":"test","level":"error","message":"Tracked error: Test error","metadata":{"component":"test-component","errorId":"err_mg0xz67q_buyqvp","fingerprint":"317f329d02dcba03","occurrenceCount":1,"severity":"medium"},"service":"astral-turf","timestamp":"2025-09-26 09:33:15.830","userId":"test-user","version":"1.0.0"}
{"environment":"test","error":"Database not connected. Call initialize() first.","level":"error","message":"Failed to save error to database","service":"astral-turf","timestamp":"2025-09-26 09:33:15.831","version":"1.0.0"}
{"environment":"test","level":"error","message":"Tracked error: Pattern test error","metadata":{"errorId":"err_mg0xz67r_909gue","fingerprint":"1c90bea42da3b24e","occurrenceCount":1,"severity":"low"},"service":"astral-turf","timestamp":"2025-09-26 09:33:15.831","version":"1.0.0"}
{"environment":"test","error":"Database not connected. Call initialize() first.","level":"error","message":"Failed to save error to database","service":"astral-turf","timestamp":"2025-09-26 09:33:15.831","version":"1.0.0"}
{"environment":"test","level":"error","message":"Tracked error: low severity test","metadata":{"errorId":"err_mg0xz67s_lkrjbv","fingerprint":"a2a1e39e0ba658b0","occurrenceCount":1,"severity":"low"},"service":"astral-turf","timestamp":"2025-09-26 09:33:15.832","version":"1.0.0"}
{"environment":"test","level":"error","message":"Tracked error: medium severity test","metadata":{"errorId":"err_mg0xz67s_1ym3s8","fingerprint":"e6051234cfc8846e","occurrenceCount":1,"severity":"medium"},"service":"astral-turf","timestamp":"2025-09-26 09:33:15.832","version":"1.0.0"}
{"environment":"test","level":"error","message":"Tracked error: high severity test","metadata":{"errorId":"err_mg0xz67t_pn007a","fingerprint":"df00c1fca330d085","occurrenceCount":1,"severity":"high"},"service":"astral-turf","timestamp":"2025-09-26 09:33:15.833","version":"1.0.0"}
{"environment":"test","level":"error","message":"Tracked error: critical severity test","metadata":{"errorId":"err_mg0xz67t_h8q2vq","fingerprint":"5c89fefe177c6ed3","occurrenceCount":1,"severity":"critical"},"service":"astral-turf","timestamp":"2025-09-26 09:33:15.833","version":"1.0.0"}
{"environment":"test","error":"Database not connected. Call initialize() first.","level":"error","message":"Failed to save error to database","service":"astral-turf","timestamp":"2025-09-26 09:33:15.833","version":"1.0.0"}
{"environment":"test","error":"Database not connected. Call initialize() first.","level":"error","message":"Failed to save error to database","service":"astral-turf","timestamp":"2025-09-26 09:33:15.833","version":"1.0.0"}
{"environment":"test","error":"Database not connected. Call initialize() first.","level":"error","message":"Failed to save error to database","service":"astral-turf","timestamp":"2025-09-26 09:33:15.833","version":"1.0.0"}
{"environment":"test","error":"Database not connected. Call initialize() first.","level":"error","message":"Failed to save alert to database","service":"astral-turf","timestamp":"2025-09-26 09:33:15.833","version":"1.0.0"}
{"environment":"test","error":"Database not connected. Call initialize() first.","level":"error","message":"Failed to save error to database","service":"astral-turf","timestamp":"2025-09-26 09:33:15.833","version":"1.0.0"}
{"environment":"test","level":"error","message":"Tracked error: Test error","metadata":{"component":"test-component","errorId":"err_mg0xzofj_2yvxk7","fingerprint":"317f329d02dcba03","occurrenceCount":1,"severity":"medium"},"service":"astral-turf","timestamp":"2025-09-26 09:33:39.439","userId":"test-user","version":"1.0.0"}
{"environment":"test","error":"Database not connected. Call initialize() first.","level":"error","message":"Failed to save error to database","service":"astral-turf","timestamp":"2025-09-26 09:33:39.440","version":"1.0.0"}
{"environment":"test","level":"error","message":"Tracked error: Pattern test error","metadata":{"errorId":"err_mg0xzofk_ss8yuk","fingerprint":"1c90bea42da3b24e","occurrenceCount":1,"severity":"low"},"service":"astral-turf","timestamp":"2025-09-26 09:33:39.440","version":"1.0.0"}
{"environment":"test","error":"Database not connected. Call initialize() first.","level":"error","message":"Failed to save error to database","service":"astral-turf","timestamp":"2025-09-26 09:33:39.441","version":"1.0.0"}
{"environment":"test","level":"error","message":"Tracked error: low severity test","metadata":{"errorId":"err_mg0xzofm_lid75x","fingerprint":"a2a1e39e0ba658b0","occurrenceCount":1,"severity":"low"},"service":"astral-turf","timestamp":"2025-09-26 09:33:39.442","version":"1.0.0"}
{"environment":"test","level":"error","message":"Tracked error: medium severity test","metadata":{"errorId":"err_mg0xzofm_xs668o","fingerprint":"e6051234cfc8846e","occurrenceCount":1,"severity":"medium"},"service":"astral-turf","timestamp":"2025-09-26 09:33:39.442","version":"1.0.0"}
{"environment":"test","level":"error","message":"Tracked error: high severity test","metadata":{"errorId":"err_mg0xzofm_4s79rr","fingerprint":"df00c1fca330d085","occurrenceCount":1,"severity":"high"},"service":"astral-turf","timestamp":"2025-09-26 09:33:39.442","version":"1.0.0"}
{"environment":"test","level":"error","message":"Tracked error: critical severity test","metadata":{"errorId":"err_mg0xzofm_06xupk","fingerprint":"5c89fefe177c6ed3","occurrenceCount":1,"severity":"critical"},"service":"astral-turf","timestamp":"2025-09-26 09:33:39.442","version":"1.0.0"}
{"environment":"test","error":"Database not connected. Call initialize() first.","level":"error","message":"Failed to save error to database","service":"astral-turf","timestamp":"2025-09-26 09:33:39.443","version":"1.0.0"}
{"environment":"test","error":"Database not connected. Call initialize() first.","level":"error","message":"Failed to save error to database","service":"astral-turf","timestamp":"2025-09-26 09:33:39.443","version":"1.0.0"}
{"environment":"test","error":"Database not connected. Call initialize() first.","level":"error","message":"Failed to save error to database","service":"astral-turf","timestamp":"2025-09-26 09:33:39.443","version":"1.0.0"}
{"environment":"test","error":"Database not connected. Call initialize() first.","level":"error","message":"Failed to save alert to database","service":"astral-turf","timestamp":"2025-09-26 09:33:39.443","version":"1.0.0"}
{"environment":"test","error":"Database not connected. Call initialize() first.","level":"error","message":"Failed to save error to database","service":"astral-turf","timestamp":"2025-09-26 09:33:39.443","version":"1.0.0"}
{"environment":"test","level":"error","message":"Tracked error: Test error","metadata":{"component":"test-component","errorId":"err_mg0y0mi1_0yla4b","fingerprint":"317f329d02dcba03","occurrenceCount":1,"severity":"medium"},"service":"astral-turf","timestamp":"2025-09-26 09:34:23.593","userId":"test-user","version":"1.0.0"}
{"environment":"test","error":"Database not connected. Call initialize() first.","level":"error","message":"Failed to save error to database","service":"astral-turf","timestamp":"2025-09-26 09:34:23.593","version":"1.0.0"}
{"environment":"test","level":"error","message":"Tracked error: Pattern test error","metadata":{"errorId":"err_mg0y0mi2_4zipc2","fingerprint":"1c90bea42da3b24e","occurrenceCount":1,"severity":"low"},"service":"astral-turf","timestamp":"2025-09-26 09:34:23.594","version":"1.0.0"}
{"environment":"test","error":"Database not connected. Call initialize() first.","level":"error","message":"Failed to save error to database","service":"astral-turf","timestamp":"2025-09-26 09:34:23.594","version":"1.0.0"}
{"environment":"test","level":"error","message":"Tracked error: low severity test","metadata":{"errorId":"err_mg0y0mi2_y1ikjf","fingerprint":"a2a1e39e0ba658b0","occurrenceCount":1,"severity":"low"},"service":"astral-turf","timestamp":"2025-09-26 09:34:23.594","version":"1.0.0"}
{"environment":"test","level":"error","message":"Tracked error: medium severity test","metadata":{"errorId":"err_mg0y0mi3_8cw70b","fingerprint":"e6051234cfc8846e","occurrenceCount":1,"severity":"medium"},"service":"astral-turf","timestamp":"2025-09-26 09:34:23.595","version":"1.0.0"}
{"environment":"test","level":"error","message":"Tracked error: high severity test","metadata":{"errorId":"err_mg0y0mi3_oqr8bo","fingerprint":"df00c1fca330d085","occurrenceCount":1,"severity":"high"},"service":"astral-turf","timestamp":"2025-09-26 09:34:23.595","version":"1.0.0"}
{"environment":"test","level":"error","message":"Tracked error: critical severity test","metadata":{"errorId":"err_mg0y0mi3_imc62c","fingerprint":"5c89fefe177c6ed3","occurrenceCount":1,"severity":"critical"},"service":"astral-turf","timestamp":"2025-09-26 09:34:23.595","version":"1.0.0"}
{"environment":"test","error":"Database not connected. Call initialize() first.","level":"error","message":"Failed to save error to database","service":"astral-turf","timestamp":"2025-09-26 09:34:23.596","version":"1.0.0"}
{"environment":"test","error":"Database not connected. Call initialize() first.","level":"error","message":"Failed to save error to database","service":"astral-turf","timestamp":"2025-09-26 09:34:23.596","version":"1.0.0"}
{"environment":"test","error":"Database not connected. Call initialize() first.","level":"error","message":"Failed to save error to database","service":"astral-turf","timestamp":"2025-09-26 09:34:23.596","version":"1.0.0"}
{"environment":"test","error":"Database not connected. Call initialize() first.","level":"error","message":"Failed to save alert to database","service":"astral-turf","timestamp":"2025-09-26 09:34:23.596","version":"1.0.0"}
{"environment":"test","error":"Database not connected. Call initialize() first.","level":"error","message":"Failed to save error to database","service":"astral-turf","timestamp":"2025-09-26 09:34:23.596","version":"1.0.0"}
{"environment":"test","level":"error","message":"Tracked error: Test error","metadata":{"component":"test-component","errorId":"err_mg0y0zi1_w5xvyg","fingerprint":"317f329d02dcba03","occurrenceCount":1,"severity":"medium"},"service":"astral-turf","timestamp":"2025-09-26 09:34:40.441","userId":"test-user","version":"1.0.0"}
{"environment":"test","error":"Database not connected. Call initialize() first.","level":"error","message":"Failed to save error to database","service":"astral-turf","timestamp":"2025-09-26 09:34:40.442","version":"1.0.0"}
{"environment":"test","level":"error","message":"Tracked error: Pattern test error","metadata":{"errorId":"err_mg0y0zi3_17xkb5","fingerprint":"1c90bea42da3b24e","occurrenceCount":1,"severity":"low"},"service":"astral-turf","timestamp":"2025-09-26 09:34:40.443","version":"1.0.0"}
{"environment":"test","error":"Database not connected. Call initialize() first.","level":"error","message":"Failed to save error to database","service":"astral-turf","timestamp":"2025-09-26 09:34:40.443","version":"1.0.0"}
{"environment":"test","level":"error","message":"Tracked error: low severity test","metadata":{"errorId":"err_mg0y0zi3_92vx5k","fingerprint":"a2a1e39e0ba658b0","occurrenceCount":1,"severity":"low"},"service":"astral-turf","timestamp":"2025-09-26 09:34:40.443","version":"1.0.0"}
{"environment":"test","level":"error","message":"Tracked error: medium severity test","metadata":{"errorId":"err_mg0y0zi4_l78a0b","fingerprint":"e6051234cfc8846e","occurrenceCount":1,"severity":"medium"},"service":"astral-turf","timestamp":"2025-09-26 09:34:40.444","version":"1.0.0"}
{"environment":"test","level":"error","message":"Tracked error: high severity test","metadata":{"errorId":"err_mg0y0zi4_u2piff","fingerprint":"df00c1fca330d085","occurrenceCount":1,"severity":"high"},"service":"astral-turf","timestamp":"2025-09-26 09:34:40.444","version":"1.0.0"}
{"environment":"test","level":"error","message":"Tracked error: critical severity test","metadata":{"errorId":"err_mg0y0zi4_f77z4j","fingerprint":"5c89fefe177c6ed3","occurrenceCount":1,"severity":"critical"},"service":"astral-turf","timestamp":"2025-09-26 09:34:40.444","version":"1.0.0"}
{"environment":"test","error":"Database not connected. Call initialize() first.","level":"error","message":"Failed to save error to database","service":"astral-turf","timestamp":"2025-09-26 09:34:40.444","version":"1.0.0"}
{"environment":"test","error":"Database not connected. Call initialize() first.","level":"error","message":"Failed to save error to database","service":"astral-turf","timestamp":"2025-09-26 09:34:40.445","version":"1.0.0"}
{"environment":"test","error":"Database not connected. Call initialize() first.","level":"error","message":"Failed to save error to database","service":"astral-turf","timestamp":"2025-09-26 09:34:40.445","version":"1.0.0"}
{"environment":"test","error":"Database not connected. Call initialize() first.","level":"error","message":"Failed to save alert to database","service":"astral-turf","timestamp":"2025-09-26 09:34:40.445","version":"1.0.0"}
{"environment":"test","error":"Database not connected. Call initialize() first.","level":"error","message":"Failed to save error to database","service":"astral-turf","timestamp":"2025-09-26 09:34:40.445","version":"1.0.0"}
{"environment":"test","level":"error","message":"Tracked error: Test error","metadata":{"component":"test-component","errorId":"err_mg0y4901_2eaiyn","fingerprint":"317f329d02dcba03","occurrenceCount":1,"severity":"medium"},"service":"astral-turf","timestamp":"2025-09-26 09:37:12.721","userId":"test-user","version":"1.0.0"}
{"environment":"test","error":"Database not connected. Call initialize() first.","level":"error","message":"Failed to save error to database","service":"astral-turf","timestamp":"2025-09-26 09:37:12.722","version":"1.0.0"}
{"environment":"test","level":"error","message":"Tracked error: Pattern test error","metadata":{"errorId":"err_mg0y4903_neea2e","fingerprint":"1c90bea42da3b24e","occurrenceCount":1,"severity":"low"},"service":"astral-turf","timestamp":"2025-09-26 09:37:12.723","version":"1.0.0"}
{"environment":"test","error":"Database not connected. Call initialize() first.","level":"error","message":"Failed to save error to database","service":"astral-turf","timestamp":"2025-09-26 09:37:12.723","version":"1.0.0"}
{"environment":"test","level":"error","message":"Tracked error: low severity test","metadata":{"errorId":"err_mg0y4905_46fw8k","fingerprint":"a2a1e39e0ba658b0","occurrenceCount":1,"severity":"low"},"service":"astral-turf","timestamp":"2025-09-26 09:37:12.725","version":"1.0.0"}
{"environment":"test","level":"error","message":"Tracked error: medium severity test","metadata":{"errorId":"err_mg0y4905_u5mhdg","fingerprint":"e6051234cfc8846e","occurrenceCount":1,"severity":"medium"},"service":"astral-turf","timestamp":"2025-09-26 09:37:12.725","version":"1.0.0"}
{"environment":"test","level":"error","message":"Tracked error: high severity test","metadata":{"errorId":"err_mg0y4906_ko2sb4","fingerprint":"df00c1fca330d085","occurrenceCount":1,"severity":"high"},"service":"astral-turf","timestamp":"2025-09-26 09:37:12.726","version":"1.0.0"}
{"environment":"test","level":"error","message":"Tracked error: critical severity test","metadata":{"errorId":"err_mg0y4906_esfchx","fingerprint":"5c89fefe177c6ed3","occurrenceCount":1,"severity":"critical"},"service":"astral-turf","timestamp":"2025-09-26 09:37:12.726","version":"1.0.0"}
{"environment":"test","error":"Database not connected. Call initialize() first.","level":"error","message":"Failed to save error to database","service":"astral-turf","timestamp":"2025-09-26 09:37:12.727","version":"1.0.0"}
{"environment":"test","error":"Database not connected. Call initialize() first.","level":"error","message":"Failed to save error to database","service":"astral-turf","timestamp":"2025-09-26 09:37:12.727","version":"1.0.0"}
{"environment":"test","error":"Database not connected. Call initialize() first.","level":"error","message":"Failed to save error to database","service":"astral-turf","timestamp":"2025-09-26 09:37:12.727","version":"1.0.0"}
{"environment":"test","error":"Database not connected. Call initialize() first.","level":"error","message":"Failed to save alert to database","service":"astral-turf","timestamp":"2025-09-26 09:37:12.727","version":"1.0.0"}
{"environment":"test","error":"Database not connected. Call initialize() first.","level":"error","message":"Failed to save error to database","service":"astral-turf","timestamp":"2025-09-26 09:37:12.727","version":"1.0.0"}
{"environment":"test","level":"error","message":"Tracked error: Test error","metadata":{"component":"test-component","errorId":"err_mg0zhd5a_f40mo0","fingerprint":"317f329d02dcba03","occurrenceCount":1,"severity":"medium"},"service":"astral-turf","timestamp":"2025-09-26 10:15:24.239","userId":"test-user","version":"1.0.0"}
{"environment":"test","error":"Database not connected. Call initialize() first.","level":"error","message":"Failed to save error to database","service":"astral-turf","timestamp":"2025-09-26 10:15:24.239","version":"1.0.0"}
{"environment":"test","level":"error","message":"Tracked error: Pattern test error","metadata":{"errorId":"err_mg0zhd5c_f01ar6","fingerprint":"1c90bea42da3b24e","occurrenceCount":1,"severity":"low"},"service":"astral-turf","timestamp":"2025-09-26 10:15:24.240","version":"1.0.0"}
{"environment":"test","error":"Database not connected. Call initialize() first.","level":"error","message":"Failed to save error to database","service":"astral-turf","timestamp":"2025-09-26 10:15:24.240","version":"1.0.0"}
{"environment":"test","level":"error","message":"Tracked error: low severity test","metadata":{"errorId":"err_mg0zhd5d_a0wsep","fingerprint":"a2a1e39e0ba658b0","occurrenceCount":1,"severity":"low"},"service":"astral-turf","timestamp":"2025-09-26 10:15:24.241","version":"1.0.0"}
{"environment":"test","level":"error","message":"Tracked error: medium severity test","metadata":{"errorId":"err_mg0zhd5d_a9yinp","fingerprint":"e6051234cfc8846e","occurrenceCount":1,"severity":"medium"},"service":"astral-turf","timestamp":"2025-09-26 10:15:24.241","version":"1.0.0"}
{"environment":"test","level":"error","message":"Tracked error: high severity test","metadata":{"errorId":"err_mg0zhd5d_0y6fyt","fingerprint":"df00c1fca330d085","occurrenceCount":1,"severity":"high"},"service":"astral-turf","timestamp":"2025-09-26 10:15:24.241","version":"1.0.0"}
{"environment":"test","level":"error","message":"Tracked error: critical severity test","metadata":{"errorId":"err_mg0zhd5d_9da2f6","fingerprint":"5c89fefe177c6ed3","occurrenceCount":1,"severity":"critical"},"service":"astral-turf","timestamp":"2025-09-26 10:15:24.241","version":"1.0.0"}
{"environment":"test","error":"Database not connected. Call initialize() first.","level":"error","message":"Failed to save error to database","service":"astral-turf","timestamp":"2025-09-26 10:15:24.242","version":"1.0.0"}
{"environment":"test","error":"Database not connected. Call initialize() first.","level":"error","message":"Failed to save error to database","service":"astral-turf","timestamp":"2025-09-26 10:15:24.242","version":"1.0.0"}
{"environment":"test","error":"Database not connected. Call initialize() first.","level":"error","message":"Failed to save error to database","service":"astral-turf","timestamp":"2025-09-26 10:15:24.242","version":"1.0.0"}
{"environment":"test","error":"Database not connected. Call initialize() first.","level":"error","message":"Failed to save alert to database","service":"astral-turf","timestamp":"2025-09-26 10:15:24.242","version":"1.0.0"}
{"environment":"test","error":"Database not connected. Call initialize() first.","level":"error","message":"Failed to save error to database","service":"astral-turf","timestamp":"2025-09-26 10:15:24.242","version":"1.0.0"}
{"environment":"test","level":"error","message":"Tracked error: Test error","metadata":{"component":"test-component","errorId":"err_mg0zhlr1_up8rwf","fingerprint":"317f329d02dcba03","occurrenceCount":1,"severity":"medium"},"service":"astral-turf","timestamp":"2025-09-26 10:15:35.389","userId":"test-user","version":"1.0.0"}
{"environment":"test","error":"Database not connected. Call initialize() first.","level":"error","message":"Failed to save error to database","service":"astral-turf","timestamp":"2025-09-26 10:15:35.389","version":"1.0.0"}
{"environment":"test","level":"error","message":"Tracked error: Pattern test error","metadata":{"errorId":"err_mg0zhlr2_zkbfct","fingerprint":"1c90bea42da3b24e","occurrenceCount":1,"severity":"low"},"service":"astral-turf","timestamp":"2025-09-26 10:15:35.390","version":"1.0.0"}
{"environment":"test","error":"Database not connected. Call initialize() first.","level":"error","message":"Failed to save error to database","service":"astral-turf","timestamp":"2025-09-26 10:15:35.390","version":"1.0.0"}
{"environment":"test","level":"error","message":"Tracked error: low severity test","metadata":{"errorId":"err_mg0zhlr3_suic7a","fingerprint":"a2a1e39e0ba658b0","occurrenceCount":1,"severity":"low"},"service":"astral-turf","timestamp":"2025-09-26 10:15:35.391","version":"1.0.0"}
{"environment":"test","level":"error","message":"Tracked error: medium severity test","metadata":{"errorId":"err_mg0zhlr3_qs9rtc","fingerprint":"e6051234cfc8846e","occurrenceCount":1,"severity":"medium"},"service":"astral-turf","timestamp":"2025-09-26 10:15:35.391","version":"1.0.0"}
{"environment":"test","level":"error","message":"Tracked error: high severity test","metadata":{"errorId":"err_mg0zhlr4_iq3tr3","fingerprint":"df00c1fca330d085","occurrenceCount":1,"severity":"high"},"service":"astral-turf","timestamp":"2025-09-26 10:15:35.392","version":"1.0.0"}
{"environment":"test","level":"error","message":"Tracked error: critical severity test","metadata":{"errorId":"err_mg0zhlr4_sily7o","fingerprint":"5c89fefe177c6ed3","occurrenceCount":1,"severity":"critical"},"service":"astral-turf","timestamp":"2025-09-26 10:15:35.392","version":"1.0.0"}
{"environment":"test","error":"Database not connected. Call initialize() first.","level":"error","message":"Failed to save error to database","service":"astral-turf","timestamp":"2025-09-26 10:15:35.392","version":"1.0.0"}
{"environment":"test","error":"Database not connected. Call initialize() first.","level":"error","message":"Failed to save error to database","service":"astral-turf","timestamp":"2025-09-26 10:15:35.393","version":"1.0.0"}
{"environment":"test","error":"Database not connected. Call initialize() first.","level":"error","message":"Failed to save error to database","service":"astral-turf","timestamp":"2025-09-26 10:15:35.393","version":"1.0.0"}
{"environment":"test","error":"Database not connected. Call initialize() first.","level":"error","message":"Failed to save alert to database","service":"astral-turf","timestamp":"2025-09-26 10:15:35.393","version":"1.0.0"}
{"environment":"test","error":"Database not connected. Call initialize() first.","level":"error","message":"Failed to save error to database","service":"astral-turf","timestamp":"2025-09-26 10:15:35.393","version":"1.0.0"}
{"environment":"test","level":"error","message":"Tracked error: Test error","metadata":{"component":"test-component","errorId":"err_mg0zmz5k_dmokxg","fingerprint":"317f329d02dcba03","occurrenceCount":1,"severity":"medium"},"service":"astral-turf","timestamp":"2025-09-26 10:19:46.040","userId":"test-user","version":"1.0.0"}
{"environment":"test","error":"Database not connected. Call initialize() first.","level":"error","message":"Failed to save error to database","service":"astral-turf","timestamp":"2025-09-26 10:19:46.041","version":"1.0.0"}
{"environment":"test","level":"error","message":"Tracked error: Pattern test error","metadata":{"errorId":"err_mg0zmz5m_umutur","fingerprint":"1c90bea42da3b24e","occurrenceCount":1,"severity":"low"},"service":"astral-turf","timestamp":"2025-09-26 10:19:46.042","version":"1.0.0"}
{"environment":"test","error":"Database not connected. Call initialize() first.","level":"error","message":"Failed to save error to database","service":"astral-turf","timestamp":"2025-09-26 10:19:46.043","version":"1.0.0"}
{"environment":"test","level":"error","message":"Tracked error: low severity test","metadata":{"errorId":"err_mg0zmz5n_djiysv","fingerprint":"a2a1e39e0ba658b0","occurrenceCount":1,"severity":"low"},"service":"astral-turf","timestamp":"2025-09-26 10:19:46.043","version":"1.0.0"}
{"environment":"test","level":"error","message":"Tracked error: medium severity test","metadata":{"errorId":"err_mg0zmz5o_pq2ovq","fingerprint":"e6051234cfc8846e","occurrenceCount":1,"severity":"medium"},"service":"astral-turf","timestamp":"2025-09-26 10:19:46.044","version":"1.0.0"}
{"environment":"test","level":"error","message":"Tracked error: high severity test","metadata":{"errorId":"err_mg0zmz5o_cwnpwy","fingerprint":"df00c1fca330d085","occurrenceCount":1,"severity":"high"},"service":"astral-turf","timestamp":"2025-09-26 10:19:46.044","version":"1.0.0"}
{"environment":"test","level":"error","message":"Tracked error: critical severity test","metadata":{"errorId":"err_mg0zmz5o_oo2lkl","fingerprint":"5c89fefe177c6ed3","occurrenceCount":1,"severity":"critical"},"service":"astral-turf","timestamp":"2025-09-26 10:19:46.044","version":"1.0.0"}
{"environment":"test","error":"Database not connected. Call initialize() first.","level":"error","message":"Failed to save error to database","service":"astral-turf","timestamp":"2025-09-26 10:19:46.045","version":"1.0.0"}
{"environment":"test","error":"Database not connected. Call initialize() first.","level":"error","message":"Failed to save error to database","service":"astral-turf","timestamp":"2025-09-26 10:19:46.045","version":"1.0.0"}
{"environment":"test","error":"Database not connected. Call initialize() first.","level":"error","message":"Failed to save error to database","service":"astral-turf","timestamp":"2025-09-26 10:19:46.045","version":"1.0.0"}
{"environment":"test","error":"Database not connected. Call initialize() first.","level":"error","message":"Failed to save alert to database","service":"astral-turf","timestamp":"2025-09-26 10:19:46.045","version":"1.0.0"}
{"environment":"test","error":"Database not connected. Call initialize() first.","level":"error","message":"Failed to save error to database","service":"astral-turf","timestamp":"2025-09-26 10:19:46.045","version":"1.0.0"}
{"environment":"test","level":"error","message":"Tracked error: Test error","metadata":{"component":"test-component","errorId":"err_mg0zpaan_y7vnj6","fingerprint":"317f329d02dcba03","occurrenceCount":1,"severity":"medium"},"service":"astral-turf","timestamp":"2025-09-26 10:21:33.792","userId":"test-user","version":"1.0.0"}
{"environment":"test","error":"Database not connected. Call initialize() first.","level":"error","message":"Failed to save error to database","service":"astral-turf","timestamp":"2025-09-26 10:21:33.793","version":"1.0.0"}
{"environment":"test","level":"error","message":"Tracked error: Pattern test error","metadata":{"errorId":"err_mg0zpaap_kemt9q","fingerprint":"1c90bea42da3b24e","occurrenceCount":1,"severity":"low"},"service":"astral-turf","timestamp":"2025-09-26 10:21:33.793","version":"1.0.0"}
{"environment":"test","error":"Database not connected. Call initialize() first.","level":"error","message":"Failed to save error to database","service":"astral-turf","timestamp":"2025-09-26 10:21:33.794","version":"1.0.0"}
{"environment":"test","level":"error","message":"Tracked error: low severity test","metadata":{"errorId":"err_mg0zpaar_fmomau","fingerprint":"a2a1e39e0ba658b0","occurrenceCount":1,"severity":"low"},"service":"astral-turf","timestamp":"2025-09-26 10:21:33.795","version":"1.0.0"}
{"environment":"test","level":"error","message":"Tracked error: medium severity test","metadata":{"errorId":"err_mg0zpaas_oem9yt","fingerprint":"e6051234cfc8846e","occurrenceCount":1,"severity":"medium"},"service":"astral-turf","timestamp":"2025-09-26 10:21:33.796","version":"1.0.0"}
{"environment":"test","level":"error","message":"Tracked error: high severity test","metadata":{"errorId":"err_mg0zpaat_x7mdb5","fingerprint":"df00c1fca330d085","occurrenceCount":1,"severity":"high"},"service":"astral-turf","timestamp":"2025-09-26 10:21:33.797","version":"1.0.0"}
{"environment":"test","level":"error","message":"Tracked error: critical severity test","metadata":{"errorId":"err_mg0zpaat_9h2p5t","fingerprint":"5c89fefe177c6ed3","occurrenceCount":1,"severity":"critical"},"service":"astral-turf","timestamp":"2025-09-26 10:21:33.797","version":"1.0.0"}
{"environment":"test","error":"Database not connected. Call initialize() first.","level":"error","message":"Failed to save error to database","service":"astral-turf","timestamp":"2025-09-26 10:21:33.798","version":"1.0.0"}
{"environment":"test","error":"Database not connected. Call initialize() first.","level":"error","message":"Failed to save error to database","service":"astral-turf","timestamp":"2025-09-26 10:21:33.798","version":"1.0.0"}
{"environment":"test","error":"Database not connected. Call initialize() first.","level":"error","message":"Failed to save error to database","service":"astral-turf","timestamp":"2025-09-26 10:21:33.798","version":"1.0.0"}
{"environment":"test","error":"Database not connected. Call initialize() first.","level":"error","message":"Failed to save alert to database","service":"astral-turf","timestamp":"2025-09-26 10:21:33.798","version":"1.0.0"}
{"environment":"test","error":"Database not connected. Call initialize() first.","level":"error","message":"Failed to save error to database","service":"astral-turf","timestamp":"2025-09-26 10:21:33.798","version":"1.0.0"}
{"environment":"test","level":"error","message":"Tracked error: Test error","metadata":{"component":"test-component","errorId":"err_mg0zq7e7_4f1tpp","fingerprint":"317f329d02dcba03","occurrenceCount":1,"severity":"medium"},"service":"astral-turf","timestamp":"2025-09-26 10:22:16.687","userId":"test-user","version":"1.0.0"}
{"environment":"test","error":"Database not connected. Call initialize() first.","level":"error","message":"Failed to save error to database","service":"astral-turf","timestamp":"2025-09-26 10:22:16.688","version":"1.0.0"}
{"environment":"test","level":"error","message":"Tracked error: Pattern test error","metadata":{"errorId":"err_mg0zq7e8_fgci2t","fingerprint":"1c90bea42da3b24e","occurrenceCount":1,"severity":"low"},"service":"astral-turf","timestamp":"2025-09-26 10:22:16.688","version":"1.0.0"}
{"environment":"test","error":"Database not connected. Call initialize() first.","level":"error","message":"Failed to save error to database","service":"astral-turf","timestamp":"2025-09-26 10:22:16.688","version":"1.0.0"}
{"environment":"test","level":"error","message":"Tracked error: low severity test","metadata":{"errorId":"err_mg0zq7e9_dsryd5","fingerprint":"a2a1e39e0ba658b0","occurrenceCount":1,"severity":"low"},"service":"astral-turf","timestamp":"2025-09-26 10:22:16.689","version":"1.0.0"}
{"environment":"test","level":"error","message":"Tracked error: medium severity test","metadata":{"errorId":"err_mg0zq7e9_fyktdj","fingerprint":"e6051234cfc8846e","occurrenceCount":1,"severity":"medium"},"service":"astral-turf","timestamp":"2025-09-26 10:22:16.689","version":"1.0.0"}
{"environment":"test","level":"error","message":"Tracked error: high severity test","metadata":{"errorId":"err_mg0zq7ea_7f5vr1","fingerprint":"df00c1fca330d085","occurrenceCount":1,"severity":"high"},"service":"astral-turf","timestamp":"2025-09-26 10:22:16.690","version":"1.0.0"}
{"environment":"test","level":"error","message":"Tracked error: critical severity test","metadata":{"errorId":"err_mg0zq7ea_aytbbf","fingerprint":"5c89fefe177c6ed3","occurrenceCount":1,"severity":"critical"},"service":"astral-turf","timestamp":"2025-09-26 10:22:16.690","version":"1.0.0"}
{"environment":"test","error":"Database not connected. Call initialize() first.","level":"error","message":"Failed to save error to database","service":"astral-turf","timestamp":"2025-09-26 10:22:16.690","version":"1.0.0"}
{"environment":"test","error":"Database not connected. Call initialize() first.","level":"error","message":"Failed to save error to database","service":"astral-turf","timestamp":"2025-09-26 10:22:16.691","version":"1.0.0"}
{"environment":"test","error":"Database not connected. Call initialize() first.","level":"error","message":"Failed to save error to database","service":"astral-turf","timestamp":"2025-09-26 10:22:16.691","version":"1.0.0"}
{"environment":"test","error":"Database not connected. Call initialize() first.","level":"error","message":"Failed to save alert to database","service":"astral-turf","timestamp":"2025-09-26 10:22:16.691","version":"1.0.0"}
{"environment":"test","error":"Database not connected. Call initialize() first.","level":"error","message":"Failed to save error to database","service":"astral-turf","timestamp":"2025-09-26 10:22:16.691","version":"1.0.0"}
{"environment":"test","level":"error","message":"Tracked error: Test error","metadata":{"component":"test-component","errorId":"err_mg0zrdtz_3sgu4u","fingerprint":"317f329d02dcba03","occurrenceCount":1,"severity":"medium"},"service":"astral-turf","timestamp":"2025-09-26 10:23:11.687","userId":"test-user","version":"1.0.0"}
{"environment":"test","error":"Database not connected. Call initialize() first.","level":"error","message":"Failed to save error to database","service":"astral-turf","timestamp":"2025-09-26 10:23:11.688","version":"1.0.0"}
{"environment":"test","level":"error","message":"Tracked error: Pattern test error","metadata":{"errorId":"err_mg0zrdu0_vonu9p","fingerprint":"1c90bea42da3b24e","occurrenceCount":1,"severity":"low"},"service":"astral-turf","timestamp":"2025-09-26 10:23:11.688","version":"1.0.0"}
{"environment":"test","error":"Database not connected. Call initialize() first.","level":"error","message":"Failed to save error to database","service":"astral-turf","timestamp":"2025-09-26 10:23:11.688","version":"1.0.0"}
{"environment":"test","level":"error","message":"Tracked error: low severity test","metadata":{"errorId":"err_mg0zrdu1_q1varg","fingerprint":"a2a1e39e0ba658b0","occurrenceCount":1,"severity":"low"},"service":"astral-turf","timestamp":"2025-09-26 10:23:11.689","version":"1.0.0"}
{"environment":"test","level":"error","message":"Tracked error: medium severity test","metadata":{"errorId":"err_mg0zrdu1_z8aofk","fingerprint":"e6051234cfc8846e","occurrenceCount":1,"severity":"medium"},"service":"astral-turf","timestamp":"2025-09-26 10:23:11.689","version":"1.0.0"}
{"environment":"test","level":"error","message":"Tracked error: high severity test","metadata":{"errorId":"err_mg0zrdu2_90rhx3","fingerprint":"df00c1fca330d085","occurrenceCount":1,"severity":"high"},"service":"astral-turf","timestamp":"2025-09-26 10:23:11.690","version":"1.0.0"}
{"environment":"test","level":"error","message":"Tracked error: critical severity test","metadata":{"errorId":"err_mg0zrdu2_ml4zt3","fingerprint":"5c89fefe177c6ed3","occurrenceCount":1,"severity":"critical"},"service":"astral-turf","timestamp":"2025-09-26 10:23:11.690","version":"1.0.0"}
{"environment":"test","error":"Database not connected. Call initialize() first.","level":"error","message":"Failed to save error to database","service":"astral-turf","timestamp":"2025-09-26 10:23:11.690","version":"1.0.0"}
{"environment":"test","error":"Database not connected. Call initialize() first.","level":"error","message":"Failed to save error to database","service":"astral-turf","timestamp":"2025-09-26 10:23:11.690","version":"1.0.0"}
{"environment":"test","error":"Database not connected. Call initialize() first.","level":"error","message":"Failed to save error to database","service":"astral-turf","timestamp":"2025-09-26 10:23:11.690","version":"1.0.0"}
{"environment":"test","error":"Database not connected. Call initialize() first.","level":"error","message":"Failed to save alert to database","service":"astral-turf","timestamp":"2025-09-26 10:23:11.690","version":"1.0.0"}
{"environment":"test","error":"Database not connected. Call initialize() first.","level":"error","message":"Failed to save error to database","service":"astral-turf","timestamp":"2025-09-26 10:23:11.691","version":"1.0.0"}
{"environment":"test","level":"error","message":"Tracked error: Test error","metadata":{"component":"test-component","errorId":"err_mg1005aq_9n6efz","fingerprint":"317f329d02dcba03","occurrenceCount":1,"severity":"medium"},"service":"astral-turf","timestamp":"2025-09-26 10:30:00.530","userId":"test-user","version":"1.0.0"}
{"environment":"test","error":"Database not connected. Call initialize() first.","level":"error","message":"Failed to save error to database","service":"astral-turf","timestamp":"2025-09-26 10:30:00.531","version":"1.0.0"}
{"environment":"test","level":"error","message":"Tracked error: Pattern test error","metadata":{"errorId":"err_mg1005as_bowf02","fingerprint":"1c90bea42da3b24e","occurrenceCount":1,"severity":"low"},"service":"astral-turf","timestamp":"2025-09-26 10:30:00.532","version":"1.0.0"}
{"environment":"test","error":"Database not connected. Call initialize() first.","level":"error","message":"Failed to save error to database","service":"astral-turf","timestamp":"2025-09-26 10:30:00.533","version":"1.0.0"}
{"environment":"test","level":"error","message":"Tracked error: low severity test","metadata":{"errorId":"err_mg1005au_jamzhv","fingerprint":"a2a1e39e0ba658b0","occurrenceCount":1,"severity":"low"},"service":"astral-turf","timestamp":"2025-09-26 10:30:00.534","version":"1.0.0"}
{"environment":"test","level":"error","message":"Tracked error: medium severity test","metadata":{"errorId":"err_mg1005au_28m3eh","fingerprint":"e6051234cfc8846e","occurrenceCount":1,"severity":"medium"},"service":"astral-turf","timestamp":"2025-09-26 10:30:00.534","version":"1.0.0"}
{"environment":"test","level":"error","message":"Tracked error: high severity test","metadata":{"errorId":"err_mg1005av_ft57bs","fingerprint":"df00c1fca330d085","occurrenceCount":1,"severity":"high"},"service":"astral-turf","timestamp":"2025-09-26 10:30:00.535","version":"1.0.0"}
{"environment":"test","level":"error","message":"Tracked error: critical severity test","metadata":{"errorId":"err_mg1005av_wgprv5","fingerprint":"5c89fefe177c6ed3","occurrenceCount":1,"severity":"critical"},"service":"astral-turf","timestamp":"2025-09-26 10:30:00.535","version":"1.0.0"}
{"environment":"test","error":"Database not connected. Call initialize() first.","level":"error","message":"Failed to save error to database","service":"astral-turf","timestamp":"2025-09-26 10:30:00.536","version":"1.0.0"}
{"environment":"test","error":"Database not connected. Call initialize() first.","level":"error","message":"Failed to save error to database","service":"astral-turf","timestamp":"2025-09-26 10:30:00.536","version":"1.0.0"}
{"environment":"test","error":"Database not connected. Call initialize() first.","level":"error","message":"Failed to save error to database","service":"astral-turf","timestamp":"2025-09-26 10:30:00.536","version":"1.0.0"}
{"environment":"test","error":"Database not connected. Call initialize() first.","level":"error","message":"Failed to save alert to database","service":"astral-turf","timestamp":"2025-09-26 10:30:00.536","version":"1.0.0"}
{"environment":"test","error":"Database not connected. Call initialize() first.","level":"error","message":"Failed to save error to database","service":"astral-turf","timestamp":"2025-09-26 10:30:00.537","version":"1.0.0"}
{"environment":"test","level":"error","message":"Tracked error: Test error","metadata":{"component":"test-component","errorId":"err_mg102ni8_i93dt9","fingerprint":"317f329d02dcba03","occurrenceCount":1,"severity":"medium"},"service":"astral-turf","timestamp":"2025-09-26 10:31:57.440","userId":"test-user","version":"1.0.0"}
{"environment":"test","error":"Database not connected. Call initialize() first.","level":"error","message":"Failed to save error to database","service":"astral-turf","timestamp":"2025-09-26 10:31:57.441","version":"1.0.0"}
{"environment":"test","level":"error","message":"Tracked error: Pattern test error","metadata":{"errorId":"err_mg102nia_ep4iro","fingerprint":"1c90bea42da3b24e","occurrenceCount":1,"severity":"low"},"service":"astral-turf","timestamp":"2025-09-26 10:31:57.442","version":"1.0.0"}
{"environment":"test","error":"Database not connected. Call initialize() first.","level":"error","message":"Failed to save error to database","service":"astral-turf","timestamp":"2025-09-26 10:31:57.442","version":"1.0.0"}
{"environment":"test","level":"error","message":"Tracked error: low severity test","metadata":{"errorId":"err_mg102nib_k7687j","fingerprint":"a2a1e39e0ba658b0","occurrenceCount":1,"severity":"low"},"service":"astral-turf","timestamp":"2025-09-26 10:31:57.443","version":"1.0.0"}
{"environment":"test","level":"error","message":"Tracked error: medium severity test","metadata":{"errorId":"err_mg102nic_n1b19w","fingerprint":"e6051234cfc8846e","occurrenceCount":1,"severity":"medium"},"service":"astral-turf","timestamp":"2025-09-26 10:31:57.444","version":"1.0.0"}
{"environment":"test","level":"error","message":"Tracked error: high severity test","metadata":{"errorId":"err_mg102nic_bim7cs","fingerprint":"df00c1fca330d085","occurrenceCount":1,"severity":"high"},"service":"astral-turf","timestamp":"2025-09-26 10:31:57.444","version":"1.0.0"}
{"environment":"test","level":"error","message":"Tracked error: critical severity test","metadata":{"errorId":"err_mg102nic_836le1","fingerprint":"5c89fefe177c6ed3","occurrenceCount":1,"severity":"critical"},"service":"astral-turf","timestamp":"2025-09-26 10:31:57.444","version":"1.0.0"}
{"environment":"test","error":"Database not connected. Call initialize() first.","level":"error","message":"Failed to save error to database","service":"astral-turf","timestamp":"2025-09-26 10:31:57.445","version":"1.0.0"}
{"environment":"test","error":"Database not connected. Call initialize() first.","level":"error","message":"Failed to save error to database","service":"astral-turf","timestamp":"2025-09-26 10:31:57.445","version":"1.0.0"}
{"environment":"test","error":"Database not connected. Call initialize() first.","level":"error","message":"Failed to save error to database","service":"astral-turf","timestamp":"2025-09-26 10:31:57.445","version":"1.0.0"}
{"environment":"test","error":"Database not connected. Call initialize() first.","level":"error","message":"Failed to save alert to database","service":"astral-turf","timestamp":"2025-09-26 10:31:57.446","version":"1.0.0"}
{"environment":"test","error":"Database not connected. Call initialize() first.","level":"error","message":"Failed to save error to database","service":"astral-turf","timestamp":"2025-09-26 10:31:57.446","version":"1.0.0"}
{"environment":"test","level":"error","message":"Tracked error: Test error","metadata":{"component":"test-component","errorId":"err_mg10bvx9_0nfvkk","fingerprint":"317f329d02dcba03","occurrenceCount":1,"severity":"medium"},"service":"astral-turf","timestamp":"2025-09-26 10:39:08.253","userId":"test-user","version":"1.0.0"}
{"environment":"test","error":"Database not connected. Call initialize() first.","level":"error","message":"Failed to save error to database","service":"astral-turf","timestamp":"2025-09-26 10:39:08.254","version":"1.0.0"}
{"environment":"test","level":"error","message":"Tracked error: Pattern test error","metadata":{"errorId":"err_mg10bvxa_fg70kd","fingerprint":"1c90bea42da3b24e","occurrenceCount":1,"severity":"low"},"service":"astral-turf","timestamp":"2025-09-26 10:39:08.254","version":"1.0.0"}
{"environment":"test","error":"Database not connected. Call initialize() first.","level":"error","message":"Failed to save error to database","service":"astral-turf","timestamp":"2025-09-26 10:39:08.255","version":"1.0.0"}
{"environment":"test","level":"error","message":"Tracked error: low severity test","metadata":{"errorId":"err_mg10bvxc_hsvw7w","fingerprint":"a2a1e39e0ba658b0","occurrenceCount":1,"severity":"low"},"service":"astral-turf","timestamp":"2025-09-26 10:39:08.256","version":"1.0.0"}
{"environment":"test","level":"error","message":"Tracked error: medium severity test","metadata":{"errorId":"err_mg10bvxc_306cq9","fingerprint":"e6051234cfc8846e","occurrenceCount":1,"severity":"medium"},"service":"astral-turf","timestamp":"2025-09-26 10:39:08.256","version":"1.0.0"}
{"environment":"test","level":"error","message":"Tracked error: high severity test","metadata":{"errorId":"err_mg10bvxc_47syl7","fingerprint":"df00c1fca330d085","occurrenceCount":1,"severity":"high"},"service":"astral-turf","timestamp":"2025-09-26 10:39:08.256","version":"1.0.0"}
{"environment":"test","level":"error","message":"Tracked error: critical severity test","metadata":{"errorId":"err_mg10bvxc_xodura","fingerprint":"5c89fefe177c6ed3","occurrenceCount":1,"severity":"critical"},"service":"astral-turf","timestamp":"2025-09-26 10:39:08.256","version":"1.0.0"}
{"environment":"test","error":"Database not connected. Call initialize() first.","level":"error","message":"Failed to save error to database","service":"astral-turf","timestamp":"2025-09-26 10:39:08.257","version":"1.0.0"}
{"environment":"test","error":"Database not connected. Call initialize() first.","level":"error","message":"Failed to save error to database","service":"astral-turf","timestamp":"2025-09-26 10:39:08.257","version":"1.0.0"}
{"environment":"test","error":"Database not connected. Call initialize() first.","level":"error","message":"Failed to save error to database","service":"astral-turf","timestamp":"2025-09-26 10:39:08.257","version":"1.0.0"}
{"environment":"test","error":"Database not connected. Call initialize() first.","level":"error","message":"Failed to save alert to database","service":"astral-turf","timestamp":"2025-09-26 10:39:08.258","version":"1.0.0"}
{"environment":"test","error":"Database not connected. Call initialize() first.","level":"error","message":"Failed to save error to database","service":"astral-turf","timestamp":"2025-09-26 10:39:08.258","version":"1.0.0"}
{"environment":"test","level":"error","message":"Tracked error: Test error","metadata":{"component":"test-component","errorId":"err_mg10c44y_115iic","fingerprint":"317f329d02dcba03","occurrenceCount":1,"severity":"medium"},"service":"astral-turf","timestamp":"2025-09-26 10:39:18.898","userId":"test-user","version":"1.0.0"}
{"environment":"test","error":"Database not connected. Call initialize() first.","level":"error","message":"Failed to save error to database","service":"astral-turf","timestamp":"2025-09-26 10:39:18.899","version":"1.0.0"}
{"environment":"test","level":"error","message":"Tracked error: Pattern test error","metadata":{"errorId":"err_mg10c450_jotbsv","fingerprint":"1c90bea42da3b24e","occurrenceCount":1,"severity":"low"},"service":"astral-turf","timestamp":"2025-09-26 10:39:18.900","version":"1.0.0"}
{"environment":"test","error":"Database not connected. Call initialize() first.","level":"error","message":"Failed to save error to database","service":"astral-turf","timestamp":"2025-09-26 10:39:18.900","version":"1.0.0"}
{"environment":"test","level":"error","message":"Tracked error: low severity test","metadata":{"errorId":"err_mg10c451_rwm64v","fingerprint":"a2a1e39e0ba658b0","occurrenceCount":1,"severity":"low"},"service":"astral-turf","timestamp":"2025-09-26 10:39:18.901","version":"1.0.0"}
{"environment":"test","level":"error","message":"Tracked error: medium severity test","metadata":{"errorId":"err_mg10c451_eps3me","fingerprint":"e6051234cfc8846e","occurrenceCount":1,"severity":"medium"},"service":"astral-turf","timestamp":"2025-09-26 10:39:18.901","version":"1.0.0"}
{"environment":"test","level":"error","message":"Tracked error: high severity test","metadata":{"errorId":"err_mg10c451_nrpq88","fingerprint":"df00c1fca330d085","occurrenceCount":1,"severity":"high"},"service":"astral-turf","timestamp":"2025-09-26 10:39:18.901","version":"1.0.0"}
{"environment":"test","level":"error","message":"Tracked error: critical severity test","metadata":{"errorId":"err_mg10c452_4t78jt","fingerprint":"5c89fefe177c6ed3","occurrenceCount":1,"severity":"critical"},"service":"astral-turf","timestamp":"2025-09-26 10:39:18.902","version":"1.0.0"}
{"environment":"test","error":"Database not connected. Call initialize() first.","level":"error","message":"Failed to save error to database","service":"astral-turf","timestamp":"2025-09-26 10:39:18.902","version":"1.0.0"}
{"environment":"test","error":"Database not connected. Call initialize() first.","level":"error","message":"Failed to save error to database","service":"astral-turf","timestamp":"2025-09-26 10:39:18.902","version":"1.0.0"}
{"environment":"test","error":"Database not connected. Call initialize() first.","level":"error","message":"Failed to save error to database","service":"astral-turf","timestamp":"2025-09-26 10:39:18.902","version":"1.0.0"}
{"environment":"test","error":"Database not connected. Call initialize() first.","level":"error","message":"Failed to save alert to database","service":"astral-turf","timestamp":"2025-09-26 10:39:18.902","version":"1.0.0"}
{"environment":"test","error":"Database not connected. Call initialize() first.","level":"error","message":"Failed to save error to database","service":"astral-turf","timestamp":"2025-09-26 10:39:18.903","version":"1.0.0"}
