{"environment":"test","level":"error","message":"Tracked error: Test error","metadata":{"component":"test-component","errorId":"err_mgdxi2tr_o8oymm","fingerprint":"317f329d02dcba03","occurrenceCount":1,"severity":"medium"},"service":"astral-turf","timestamp":"2025-10-05 11:40:58.575","userId":"test-user","version":"1.0.0"}
{"environment":"test","error":"Database not connected. Call initialize() first.","level":"error","message":"Failed to save error to database","service":"astral-turf","timestamp":"2025-10-05 11:40:58.575","version":"1.0.0"}
{"environment":"test","level":"error","message":"Tracked error: Test error","metadata":{"component":"test-component","errorId":"err_mgdxi2tr_o8oymm","fingerprint":"317f329d02dcba03","occurrenceCount":2,"severity":"medium"},"service":"astral-turf","timestamp":"2025-10-05 11:40:58.576","userId":"test-user","version":"1.0.0"}
{"environment":"test","error":"Database not connected. Call initialize() first.","level":"error","message":"Failed to save error to database","service":"astral-turf","timestamp":"2025-10-05 11:40:58.576","version":"1.0.0"}
{"environment":"test","level":"error","message":"Tracked error: Test error","metadata":{"component":"test-component","errorId":"err_mgdxi2tr_o8oymm","fingerprint":"317f329d02dcba03","occurrenceCount":3,"severity":"medium"},"service":"astral-turf","timestamp":"2025-10-05 11:40:58.576","userId":"test-user","version":"1.0.0"}
{"environment":"test","error":"Database not connected. Call initialize() first.","level":"error","message":"Failed to save error to database","service":"astral-turf","timestamp":"2025-10-05 11:40:58.576","version":"1.0.0"}
{"environment":"test","level":"error","message":"Tracked error: Pattern test error","metadata":{"errorId":"err_mgdxi2tt_1t4do3","fingerprint":"1c90bea42da3b24e","occurrenceCount":1,"severity":"low"},"service":"astral-turf","timestamp":"2025-10-05 11:40:58.577","version":"1.0.0"}
{"environment":"test","error":"Database not connected. Call initialize() first.","level":"error","message":"Failed to save error to database","service":"astral-turf","timestamp":"2025-10-05 11:40:58.577","version":"1.0.0"}
{"environment":"test","level":"error","message":"Tracked error: Pattern test error","metadata":{"errorId":"err_mgdxi2tt_1t4do3","fingerprint":"1c90bea42da3b24e","occurrenceCount":2,"severity":"low"},"service":"astral-turf","timestamp":"2025-10-05 11:40:58.577","version":"1.0.0"}
{"environment":"test","error":"Database not connected. Call initialize() first.","level":"error","message":"Failed to save error to database","service":"astral-turf","timestamp":"2025-10-05 11:40:58.577","version":"1.0.0"}
{"environment":"test","level":"error","message":"Tracked error: Pattern test error","metadata":{"errorId":"err_mgdxi2tt_1t4do3","fingerprint":"1c90bea42da3b24e","occurrenceCount":3,"severity":"low"},"service":"astral-turf","timestamp":"2025-10-05 11:40:58.578","version":"1.0.0"}
{"environment":"test","error":"Database not connected. Call initialize() first.","level":"error","message":"Failed to save error to database","service":"astral-turf","timestamp":"2025-10-05 11:40:58.578","version":"1.0.0"}
{"environment":"test","level":"error","message":"Tracked error: low severity test","metadata":{"errorId":"err_mgdxi2tu_2wplll","fingerprint":"a2a1e39e0ba658b0","occurrenceCount":1,"severity":"low"},"service":"astral-turf","timestamp":"2025-10-05 11:40:58.578","version":"1.0.0"}
{"environment":"test","level":"error","message":"Tracked error: medium severity test","metadata":{"errorId":"err_mgdxi2tv_e98ipk","fingerprint":"e6051234cfc8846e","occurrenceCount":1,"severity":"medium"},"service":"astral-turf","timestamp":"2025-10-05 11:40:58.579","version":"1.0.0"}
{"environment":"test","level":"error","message":"Tracked error: high severity test","metadata":{"errorId":"err_mgdxi2tv_83ztvh","fingerprint":"df00c1fca330d085","occurrenceCount":1,"severity":"high"},"service":"astral-turf","timestamp":"2025-10-05 11:40:58.579","version":"1.0.0"}
{"environment":"test","level":"error","message":"Tracked error: critical severity test","metadata":{"errorId":"err_mgdxi2tv_5fjwqo","fingerprint":"5c89fefe177c6ed3","occurrenceCount":1,"severity":"critical"},"service":"astral-turf","timestamp":"2025-10-05 11:40:58.579","version":"1.0.0"}
{"environment":"test","error":"Database not connected. Call initialize() first.","level":"error","message":"Failed to save error to database","service":"astral-turf","timestamp":"2025-10-05 11:40:58.579","version":"1.0.0"}
{"environment":"test","error":"Database not connected. Call initialize() first.","level":"error","message":"Failed to save error to database","service":"astral-turf","timestamp":"2025-10-05 11:40:58.579","version":"1.0.0"}
{"environment":"test","error":"Database not connected. Call initialize() first.","level":"error","message":"Failed to save error to database","service":"astral-turf","timestamp":"2025-10-05 11:40:58.579","version":"1.0.0"}
{"environment":"test","error":"Database not connected. Call initialize() first.","level":"error","message":"Failed to save alert to database","service":"astral-turf","timestamp":"2025-10-05 11:40:58.580","version":"1.0.0"}
{"environment":"test","error":"Database not connected. Call initialize() first.","level":"error","message":"Failed to save alert to database","service":"astral-turf","timestamp":"2025-10-05 11:40:58.580","version":"1.0.0"}
{"environment":"test","error":"Database not connected. Call initialize() first.","level":"error","message":"Failed to save alert to database","service":"astral-turf","timestamp":"2025-10-05 11:40:58.580","version":"1.0.0"}
{"environment":"test","error":"Database not connected. Call initialize() first.","level":"error","message":"Failed to save error to database","service":"astral-turf","timestamp":"2025-10-05 11:40:58.580","version":"1.0.0"}
{"environment":"test","level":"error","message":"Tracked error: low severity test","metadata":{"errorId":"err_mgdxi2tu_2wplll","fingerprint":"a2a1e39e0ba658b0","occurrenceCount":2,"severity":"low"},"service":"astral-turf","timestamp":"2025-10-05 11:40:58.580","version":"1.0.0"}
{"environment":"test","level":"error","message":"Tracked error: medium severity test","metadata":{"errorId":"err_mgdxi2tv_e98ipk","fingerprint":"e6051234cfc8846e","occurrenceCount":2,"severity":"medium"},"service":"astral-turf","timestamp":"2025-10-05 11:40:58.581","version":"1.0.0"}
{"environment":"test","level":"error","message":"Tracked error: high severity test","metadata":{"errorId":"err_mgdxi2tv_83ztvh","fingerprint":"df00c1fca330d085","occurrenceCount":2,"severity":"high"},"service":"astral-turf","timestamp":"2025-10-05 11:40:58.581","version":"1.0.0"}
{"environment":"test","level":"error","message":"Tracked error: critical severity test","metadata":{"errorId":"err_mgdxi2tv_5fjwqo","fingerprint":"5c89fefe177c6ed3","occurrenceCount":2,"severity":"critical"},"service":"astral-turf","timestamp":"2025-10-05 11:40:58.581","version":"1.0.0"}
{"environment":"test","error":"Database not connected. Call initialize() first.","level":"error","message":"Failed to save error to database","service":"astral-turf","timestamp":"2025-10-05 11:40:58.581","version":"1.0.0"}
{"environment":"test","error":"Database not connected. Call initialize() first.","level":"error","message":"Failed to save error to database","service":"astral-turf","timestamp":"2025-10-05 11:40:58.581","version":"1.0.0"}
{"environment":"test","error":"Database not connected. Call initialize() first.","level":"error","message":"Failed to save error to database","service":"astral-turf","timestamp":"2025-10-05 11:40:58.581","version":"1.0.0"}
{"environment":"test","error":"Database not connected. Call initialize() first.","level":"error","message":"Failed to save error to database","service":"astral-turf","timestamp":"2025-10-05 11:40:58.581","version":"1.0.0"}
{"environment":"test","level":"error","message":"Tracked error: low severity test","metadata":{"errorId":"err_mgdxi2tu_2wplll","fingerprint":"a2a1e39e0ba658b0","occurrenceCount":3,"severity":"low"},"service":"astral-turf","timestamp":"2025-10-05 11:40:58.582","version":"1.0.0"}
{"environment":"test","level":"error","message":"Tracked error: medium severity test","metadata":{"errorId":"err_mgdxi2tv_e98ipk","fingerprint":"e6051234cfc8846e","occurrenceCount":3,"severity":"medium"},"service":"astral-turf","timestamp":"2025-10-05 11:40:58.582","version":"1.0.0"}
{"environment":"test","level":"error","message":"Tracked error: high severity test","metadata":{"errorId":"err_mgdxi2tv_83ztvh","fingerprint":"df00c1fca330d085","occurrenceCount":3,"severity":"high"},"service":"astral-turf","timestamp":"2025-10-05 11:40:58.582","version":"1.0.0"}
{"environment":"test","level":"error","message":"Tracked error: critical severity test","metadata":{"errorId":"err_mgdxi2tv_5fjwqo","fingerprint":"5c89fefe177c6ed3","occurrenceCount":3,"severity":"critical"},"service":"astral-turf","timestamp":"2025-10-05 11:40:58.582","version":"1.0.0"}
{"environment":"test","error":"Database not connected. Call initialize() first.","level":"error","message":"Failed to save error to database","service":"astral-turf","timestamp":"2025-10-05 11:40:58.582","version":"1.0.0"}
{"environment":"test","error":"Database not connected. Call initialize() first.","level":"error","message":"Failed to save error to database","service":"astral-turf","timestamp":"2025-10-05 11:40:58.582","version":"1.0.0"}
{"environment":"test","error":"Database not connected. Call initialize() first.","level":"error","message":"Failed to save error to database","service":"astral-turf","timestamp":"2025-10-05 11:40:58.583","version":"1.0.0"}
{"environment":"test","error":"Database not connected. Call initialize() first.","level":"error","message":"Failed to save error to database","service":"astral-turf","timestamp":"2025-10-05 11:40:58.583","version":"1.0.0"}
{"environment":"test","level":"error","message":"Tracked error: Test error","metadata":{"component":"test-component","errorId":"err_mge8ysos_17x8cl","fingerprint":"317f329d02dcba03","occurrenceCount":1,"severity":"medium"},"service":"astral-turf","timestamp":"2025-10-05 17:01:54.364","userId":"test-user","version":"1.0.0"}
{"environment":"test","error":"Database not connected. Call initialize() first.","level":"error","message":"Failed to save error to database","service":"astral-turf","timestamp":"2025-10-05 17:01:54.365","version":"1.0.0"}
{"environment":"test","level":"error","message":"Tracked error: Test error","metadata":{"component":"test-component","errorId":"err_mge8ysos_17x8cl","fingerprint":"317f329d02dcba03","occurrenceCount":2,"severity":"medium"},"service":"astral-turf","timestamp":"2025-10-05 17:01:54.366","userId":"test-user","version":"1.0.0"}
{"environment":"test","error":"Database not connected. Call initialize() first.","level":"error","message":"Failed to save error to database","service":"astral-turf","timestamp":"2025-10-05 17:01:54.366","version":"1.0.0"}
{"environment":"test","level":"error","message":"Tracked error: Test error","metadata":{"component":"test-component","errorId":"err_mge8ysos_17x8cl","fingerprint":"317f329d02dcba03","occurrenceCount":3,"severity":"medium"},"service":"astral-turf","timestamp":"2025-10-05 17:01:54.367","userId":"test-user","version":"1.0.0"}
{"environment":"test","error":"Database not connected. Call initialize() first.","level":"error","message":"Failed to save error to database","service":"astral-turf","timestamp":"2025-10-05 17:01:54.367","version":"1.0.0"}
{"environment":"test","level":"error","message":"Tracked error: Pattern test error","metadata":{"errorId":"err_mge8ysow_9g42fw","fingerprint":"1c90bea42da3b24e","occurrenceCount":1,"severity":"low"},"service":"astral-turf","timestamp":"2025-10-05 17:01:54.368","version":"1.0.0"}
{"environment":"test","error":"Database not connected. Call initialize() first.","level":"error","message":"Failed to save error to database","service":"astral-turf","timestamp":"2025-10-05 17:01:54.368","version":"1.0.0"}
{"environment":"test","level":"error","message":"Tracked error: Pattern test error","metadata":{"errorId":"err_mge8ysow_9g42fw","fingerprint":"1c90bea42da3b24e","occurrenceCount":2,"severity":"low"},"service":"astral-turf","timestamp":"2025-10-05 17:01:54.369","version":"1.0.0"}
{"environment":"test","error":"Database not connected. Call initialize() first.","level":"error","message":"Failed to save error to database","service":"astral-turf","timestamp":"2025-10-05 17:01:54.370","version":"1.0.0"}
{"environment":"test","level":"error","message":"Tracked error: Pattern test error","metadata":{"errorId":"err_mge8ysow_9g42fw","fingerprint":"1c90bea42da3b24e","occurrenceCount":3,"severity":"low"},"service":"astral-turf","timestamp":"2025-10-05 17:01:54.371","version":"1.0.0"}
{"environment":"test","error":"Database not connected. Call initialize() first.","level":"error","message":"Failed to save error to database","service":"astral-turf","timestamp":"2025-10-05 17:01:54.371","version":"1.0.0"}
{"environment":"test","level":"error","message":"Tracked error: low severity test","metadata":{"errorId":"err_mge8ysp0_366fdc","fingerprint":"a2a1e39e0ba658b0","occurrenceCount":1,"severity":"low"},"service":"astral-turf","timestamp":"2025-10-05 17:01:54.372","version":"1.0.0"}
{"environment":"test","level":"error","message":"Tracked error: medium severity test","metadata":{"errorId":"err_mge8ysp1_03jd1d","fingerprint":"e6051234cfc8846e","occurrenceCount":1,"severity":"medium"},"service":"astral-turf","timestamp":"2025-10-05 17:01:54.373","version":"1.0.0"}
{"environment":"test","level":"error","message":"Tracked error: high severity test","metadata":{"errorId":"err_mge8ysp1_ehs1sd","fingerprint":"df00c1fca330d085","occurrenceCount":1,"severity":"high"},"service":"astral-turf","timestamp":"2025-10-05 17:01:54.374","version":"1.0.0"}
{"environment":"test","level":"error","message":"Tracked error: critical severity test","metadata":{"errorId":"err_mge8ysp2_4npce5","fingerprint":"5c89fefe177c6ed3","occurrenceCount":1,"severity":"critical"},"service":"astral-turf","timestamp":"2025-10-05 17:01:54.374","version":"1.0.0"}
{"environment":"test","error":"Database not connected. Call initialize() first.","level":"error","message":"Failed to save error to database","service":"astral-turf","timestamp":"2025-10-05 17:01:54.375","version":"1.0.0"}
{"environment":"test","error":"Database not connected. Call initialize() first.","level":"error","message":"Failed to save error to database","service":"astral-turf","timestamp":"2025-10-05 17:01:54.375","version":"1.0.0"}
{"environment":"test","error":"Database not connected. Call initialize() first.","level":"error","message":"Failed to save error to database","service":"astral-turf","timestamp":"2025-10-05 17:01:54.376","version":"1.0.0"}
{"environment":"test","error":"Database not connected. Call initialize() first.","level":"error","message":"Failed to save alert to database","service":"astral-turf","timestamp":"2025-10-05 17:01:54.376","version":"1.0.0"}
{"environment":"test","error":"Database not connected. Call initialize() first.","level":"error","message":"Failed to save alert to database","service":"astral-turf","timestamp":"2025-10-05 17:01:54.377","version":"1.0.0"}
{"environment":"test","error":"Database not connected. Call initialize() first.","level":"error","message":"Failed to save alert to database","service":"astral-turf","timestamp":"2025-10-05 17:01:54.378","version":"1.0.0"}
{"environment":"test","error":"Database not connected. Call initialize() first.","level":"error","message":"Failed to save error to database","service":"astral-turf","timestamp":"2025-10-05 17:01:54.378","version":"1.0.0"}
{"environment":"test","level":"error","message":"Tracked error: low severity test","metadata":{"errorId":"err_mge8ysp0_366fdc","fingerprint":"a2a1e39e0ba658b0","occurrenceCount":2,"severity":"low"},"service":"astral-turf","timestamp":"2025-10-05 17:01:54.379","version":"1.0.0"}
{"environment":"test","level":"error","message":"Tracked error: medium severity test","metadata":{"errorId":"err_mge8ysp1_03jd1d","fingerprint":"e6051234cfc8846e","occurrenceCount":2,"severity":"medium"},"service":"astral-turf","timestamp":"2025-10-05 17:01:54.380","version":"1.0.0"}
{"environment":"test","level":"error","message":"Tracked error: high severity test","metadata":{"errorId":"err_mge8ysp1_ehs1sd","fingerprint":"df00c1fca330d085","occurrenceCount":2,"severity":"high"},"service":"astral-turf","timestamp":"2025-10-05 17:01:54.380","version":"1.0.0"}
{"environment":"test","level":"error","message":"Tracked error: critical severity test","metadata":{"errorId":"err_mge8ysp2_4npce5","fingerprint":"5c89fefe177c6ed3","occurrenceCount":2,"severity":"critical"},"service":"astral-turf","timestamp":"2025-10-05 17:01:54.381","version":"1.0.0"}
{"environment":"test","error":"Database not connected. Call initialize() first.","level":"error","message":"Failed to save error to database","service":"astral-turf","timestamp":"2025-10-05 17:01:54.381","version":"1.0.0"}
{"environment":"test","error":"Database not connected. Call initialize() first.","level":"error","message":"Failed to save error to database","service":"astral-turf","timestamp":"2025-10-05 17:01:54.381","version":"1.0.0"}
{"environment":"test","error":"Database not connected. Call initialize() first.","level":"error","message":"Failed to save error to database","service":"astral-turf","timestamp":"2025-10-05 17:01:54.381","version":"1.0.0"}
{"environment":"test","error":"Database not connected. Call initialize() first.","level":"error","message":"Failed to save error to database","service":"astral-turf","timestamp":"2025-10-05 17:01:54.382","version":"1.0.0"}
{"environment":"test","level":"error","message":"Tracked error: low severity test","metadata":{"errorId":"err_mge8ysp0_366fdc","fingerprint":"a2a1e39e0ba658b0","occurrenceCount":3,"severity":"low"},"service":"astral-turf","timestamp":"2025-10-05 17:01:54.383","version":"1.0.0"}
{"environment":"test","level":"error","message":"Tracked error: medium severity test","metadata":{"errorId":"err_mge8ysp1_03jd1d","fingerprint":"e6051234cfc8846e","occurrenceCount":3,"severity":"medium"},"service":"astral-turf","timestamp":"2025-10-05 17:01:54.383","version":"1.0.0"}
{"environment":"test","level":"error","message":"Tracked error: high severity test","metadata":{"errorId":"err_mge8ysp1_ehs1sd","fingerprint":"df00c1fca330d085","occurrenceCount":3,"severity":"high"},"service":"astral-turf","timestamp":"2025-10-05 17:01:54.384","version":"1.0.0"}
{"environment":"test","level":"error","message":"Tracked error: critical severity test","metadata":{"errorId":"err_mge8ysp2_4npce5","fingerprint":"5c89fefe177c6ed3","occurrenceCount":3,"severity":"critical"},"service":"astral-turf","timestamp":"2025-10-05 17:01:54.384","version":"1.0.0"}
{"environment":"test","error":"Database not connected. Call initialize() first.","level":"error","message":"Failed to save error to database","service":"astral-turf","timestamp":"2025-10-05 17:01:54.384","version":"1.0.0"}
{"environment":"test","error":"Database not connected. Call initialize() first.","level":"error","message":"Failed to save error to database","service":"astral-turf","timestamp":"2025-10-05 17:01:54.384","version":"1.0.0"}
{"environment":"test","error":"Database not connected. Call initialize() first.","level":"error","message":"Failed to save error to database","service":"astral-turf","timestamp":"2025-10-05 17:01:54.384","version":"1.0.0"}
{"environment":"test","error":"Database not connected. Call initialize() first.","level":"error","message":"Failed to save error to database","service":"astral-turf","timestamp":"2025-10-05 17:01:54.384","version":"1.0.0"}
{"environment":"test","level":"error","message":"Tracked error: Test error","metadata":{"component":"test-component","errorId":"err_mgea01xx_0c4mav","fingerprint":"317f329d02dcba03","occurrenceCount":1,"severity":"medium"},"service":"astral-turf","timestamp":"2025-10-05 17:30:52.629","userId":"test-user","version":"1.0.0"}
{"environment":"test","error":"Database not connected. Call initialize() first.","level":"error","message":"Failed to save error to database","service":"astral-turf","timestamp":"2025-10-05 17:30:52.629","version":"1.0.0"}
{"environment":"test","level":"error","message":"Tracked error: Test error","metadata":{"component":"test-component","errorId":"err_mgea01xx_0c4mav","fingerprint":"317f329d02dcba03","occurrenceCount":2,"severity":"medium"},"service":"astral-turf","timestamp":"2025-10-05 17:30:52.630","userId":"test-user","version":"1.0.0"}
{"environment":"test","error":"Database not connected. Call initialize() first.","level":"error","message":"Failed to save error to database","service":"astral-turf","timestamp":"2025-10-05 17:30:52.630","version":"1.0.0"}
{"environment":"test","level":"error","message":"Tracked error: Test error","metadata":{"component":"test-component","errorId":"err_mgea01xx_0c4mav","fingerprint":"317f329d02dcba03","occurrenceCount":3,"severity":"medium"},"service":"astral-turf","timestamp":"2025-10-05 17:30:52.631","userId":"test-user","version":"1.0.0"}
{"environment":"test","error":"Database not connected. Call initialize() first.","level":"error","message":"Failed to save error to database","service":"astral-turf","timestamp":"2025-10-05 17:30:52.631","version":"1.0.0"}
{"environment":"test","level":"error","message":"Tracked error: Pattern test error","metadata":{"errorId":"err_mgea01xz_yy4xe2","fingerprint":"1c90bea42da3b24e","occurrenceCount":1,"severity":"low"},"service":"astral-turf","timestamp":"2025-10-05 17:30:52.631","version":"1.0.0"}
{"environment":"test","error":"Database not connected. Call initialize() first.","level":"error","message":"Failed to save error to database","service":"astral-turf","timestamp":"2025-10-05 17:30:52.631","version":"1.0.0"}
{"environment":"test","level":"error","message":"Tracked error: Pattern test error","metadata":{"errorId":"err_mgea01xz_yy4xe2","fingerprint":"1c90bea42da3b24e","occurrenceCount":2,"severity":"low"},"service":"astral-turf","timestamp":"2025-10-05 17:30:52.632","version":"1.0.0"}
{"environment":"test","error":"Database not connected. Call initialize() first.","level":"error","message":"Failed to save error to database","service":"astral-turf","timestamp":"2025-10-05 17:30:52.632","version":"1.0.0"}
{"environment":"test","level":"error","message":"Tracked error: Pattern test error","metadata":{"errorId":"err_mgea01xz_yy4xe2","fingerprint":"1c90bea42da3b24e","occurrenceCount":3,"severity":"low"},"service":"astral-turf","timestamp":"2025-10-05 17:30:52.633","version":"1.0.0"}
{"environment":"test","error":"Database not connected. Call initialize() first.","level":"error","message":"Failed to save error to database","service":"astral-turf","timestamp":"2025-10-05 17:30:52.633","version":"1.0.0"}
{"environment":"test","level":"error","message":"Tracked error: low severity test","metadata":{"errorId":"err_mgea01y2_44vge6","fingerprint":"a2a1e39e0ba658b0","occurrenceCount":1,"severity":"low"},"service":"astral-turf","timestamp":"2025-10-05 17:30:52.634","version":"1.0.0"}
{"environment":"test","level":"error","message":"Tracked error: medium severity test","metadata":{"errorId":"err_mgea01y2_gwp1gy","fingerprint":"e6051234cfc8846e","occurrenceCount":1,"severity":"medium"},"service":"astral-turf","timestamp":"2025-10-05 17:30:52.634","version":"1.0.0"}
{"environment":"test","level":"error","message":"Tracked error: high severity test","metadata":{"errorId":"err_mgea01y2_lodsi9","fingerprint":"df00c1fca330d085","occurrenceCount":1,"severity":"high"},"service":"astral-turf","timestamp":"2025-10-05 17:30:52.634","version":"1.0.0"}
{"environment":"test","level":"error","message":"Tracked error: critical severity test","metadata":{"errorId":"err_mgea01y2_w6qirh","fingerprint":"5c89fefe177c6ed3","occurrenceCount":1,"severity":"critical"},"service":"astral-turf","timestamp":"2025-10-05 17:30:52.634","version":"1.0.0"}
{"environment":"test","error":"Database not connected. Call initialize() first.","level":"error","message":"Failed to save error to database","service":"astral-turf","timestamp":"2025-10-05 17:30:52.635","version":"1.0.0"}
{"environment":"test","error":"Database not connected. Call initialize() first.","level":"error","message":"Failed to save error to database","service":"astral-turf","timestamp":"2025-10-05 17:30:52.635","version":"1.0.0"}
{"environment":"test","error":"Database not connected. Call initialize() first.","level":"error","message":"Failed to save error to database","service":"astral-turf","timestamp":"2025-10-05 17:30:52.635","version":"1.0.0"}
{"environment":"test","error":"Database not connected. Call initialize() first.","level":"error","message":"Failed to save alert to database","service":"astral-turf","timestamp":"2025-10-05 17:30:52.636","version":"1.0.0"}
{"environment":"test","error":"Database not connected. Call initialize() first.","level":"error","message":"Failed to save alert to database","service":"astral-turf","timestamp":"2025-10-05 17:30:52.636","version":"1.0.0"}
{"environment":"test","error":"Database not connected. Call initialize() first.","level":"error","message":"Failed to save alert to database","service":"astral-turf","timestamp":"2025-10-05 17:30:52.637","version":"1.0.0"}
{"environment":"test","error":"Database not connected. Call initialize() first.","level":"error","message":"Failed to save error to database","service":"astral-turf","timestamp":"2025-10-05 17:30:52.637","version":"1.0.0"}
{"environment":"test","level":"error","message":"Tracked error: low severity test","metadata":{"errorId":"err_mgea01y2_44vge6","fingerprint":"a2a1e39e0ba658b0","occurrenceCount":2,"severity":"low"},"service":"astral-turf","timestamp":"2025-10-05 17:30:52.638","version":"1.0.0"}
{"environment":"test","level":"error","message":"Tracked error: medium severity test","metadata":{"errorId":"err_mgea01y2_gwp1gy","fingerprint":"e6051234cfc8846e","occurrenceCount":2,"severity":"medium"},"service":"astral-turf","timestamp":"2025-10-05 17:30:52.638","version":"1.0.0"}
{"environment":"test","level":"error","message":"Tracked error: high severity test","metadata":{"errorId":"err_mgea01y2_lodsi9","fingerprint":"df00c1fca330d085","occurrenceCount":2,"severity":"high"},"service":"astral-turf","timestamp":"2025-10-05 17:30:52.639","version":"1.0.0"}
{"environment":"test","level":"error","message":"Tracked error: critical severity test","metadata":{"errorId":"err_mgea01y2_w6qirh","fingerprint":"5c89fefe177c6ed3","occurrenceCount":2,"severity":"critical"},"service":"astral-turf","timestamp":"2025-10-05 17:30:52.639","version":"1.0.0"}
{"environment":"test","error":"Database not connected. Call initialize() first.","level":"error","message":"Failed to save error to database","service":"astral-turf","timestamp":"2025-10-05 17:30:52.640","version":"1.0.0"}
{"environment":"test","error":"Database not connected. Call initialize() first.","level":"error","message":"Failed to save error to database","service":"astral-turf","timestamp":"2025-10-05 17:30:52.640","version":"1.0.0"}
{"environment":"test","error":"Database not connected. Call initialize() first.","level":"error","message":"Failed to save error to database","service":"astral-turf","timestamp":"2025-10-05 17:30:52.640","version":"1.0.0"}
{"environment":"test","error":"Database not connected. Call initialize() first.","level":"error","message":"Failed to save error to database","service":"astral-turf","timestamp":"2025-10-05 17:30:52.640","version":"1.0.0"}
{"environment":"test","level":"error","message":"Tracked error: low severity test","metadata":{"errorId":"err_mgea01y2_44vge6","fingerprint":"a2a1e39e0ba658b0","occurrenceCount":3,"severity":"low"},"service":"astral-turf","timestamp":"2025-10-05 17:30:52.640","version":"1.0.0"}
{"environment":"test","level":"error","message":"Tracked error: medium severity test","metadata":{"errorId":"err_mgea01y2_gwp1gy","fingerprint":"e6051234cfc8846e","occurrenceCount":3,"severity":"medium"},"service":"astral-turf","timestamp":"2025-10-05 17:30:52.641","version":"1.0.0"}
{"environment":"test","level":"error","message":"Tracked error: high severity test","metadata":{"errorId":"err_mgea01y2_lodsi9","fingerprint":"df00c1fca330d085","occurrenceCount":3,"severity":"high"},"service":"astral-turf","timestamp":"2025-10-05 17:30:52.641","version":"1.0.0"}
{"environment":"test","level":"error","message":"Tracked error: critical severity test","metadata":{"errorId":"err_mgea01y2_w6qirh","fingerprint":"5c89fefe177c6ed3","occurrenceCount":3,"severity":"critical"},"service":"astral-turf","timestamp":"2025-10-05 17:30:52.641","version":"1.0.0"}
{"environment":"test","error":"Database not connected. Call initialize() first.","level":"error","message":"Failed to save error to database","service":"astral-turf","timestamp":"2025-10-05 17:30:52.641","version":"1.0.0"}
{"environment":"test","error":"Database not connected. Call initialize() first.","level":"error","message":"Failed to save error to database","service":"astral-turf","timestamp":"2025-10-05 17:30:52.641","version":"1.0.0"}
{"environment":"test","error":"Database not connected. Call initialize() first.","level":"error","message":"Failed to save error to database","service":"astral-turf","timestamp":"2025-10-05 17:30:52.641","version":"1.0.0"}
{"environment":"test","error":"Database not connected. Call initialize() first.","level":"error","message":"Failed to save error to database","service":"astral-turf","timestamp":"2025-10-05 17:30:52.641","version":"1.0.0"}
