{"environment":"test","level":"error","message":"Tracked error: Test error","metadata":{"component":"test-component","errorId":"err_mgi5rdny_ghkmug","fingerprint":"317f329d02dcba03","occurrenceCount":1,"severity":"medium"},"service":"astral-turf","timestamp":"2025-10-08 10:43:14.158","userId":"test-user","version":"1.0.0"}
{"environment":"test","error":"Database not connected. Call initialize() first.","level":"error","message":"Failed to save error to database","service":"astral-turf","timestamp":"2025-10-08 10:43:14.158","version":"1.0.0"}
{"environment":"test","level":"error","message":"Tracked error: Test error","metadata":{"component":"test-component","errorId":"err_mgi5rdny_ghkmug","fingerprint":"317f329d02dcba03","occurrenceCount":2,"severity":"medium"},"service":"astral-turf","timestamp":"2025-10-08 10:43:14.159","userId":"test-user","version":"1.0.0"}
{"environment":"test","error":"Database not connected. Call initialize() first.","level":"error","message":"Failed to save error to database","service":"astral-turf","timestamp":"2025-10-08 10:43:14.160","version":"1.0.0"}
{"environment":"test","level":"error","message":"Tracked error: Test error","metadata":{"component":"test-component","errorId":"err_mgi5rdny_ghkmug","fingerprint":"317f329d02dcba03","occurrenceCount":3,"severity":"medium"},"service":"astral-turf","timestamp":"2025-10-08 10:43:14.160","userId":"test-user","version":"1.0.0"}
{"environment":"test","error":"Database not connected. Call initialize() first.","level":"error","message":"Failed to save error to database","service":"astral-turf","timestamp":"2025-10-08 10:43:14.161","version":"1.0.0"}
{"environment":"test","level":"error","message":"Tracked error: Pattern test error","metadata":{"errorId":"err_mgi5rdo1_p2izag","fingerprint":"1c90bea42da3b24e","occurrenceCount":1,"severity":"low"},"service":"astral-turf","timestamp":"2025-10-08 10:43:14.161","version":"1.0.0"}
{"environment":"test","error":"Database not connected. Call initialize() first.","level":"error","message":"Failed to save error to database","service":"astral-turf","timestamp":"2025-10-08 10:43:14.161","version":"1.0.0"}
{"environment":"test","level":"error","message":"Tracked error: Pattern test error","metadata":{"errorId":"err_mgi5rdo1_p2izag","fingerprint":"1c90bea42da3b24e","occurrenceCount":2,"severity":"low"},"service":"astral-turf","timestamp":"2025-10-08 10:43:14.162","version":"1.0.0"}
{"environment":"test","error":"Database not connected. Call initialize() first.","level":"error","message":"Failed to save error to database","service":"astral-turf","timestamp":"2025-10-08 10:43:14.162","version":"1.0.0"}
{"environment":"test","level":"error","message":"Tracked error: Pattern test error","metadata":{"errorId":"err_mgi5rdo1_p2izag","fingerprint":"1c90bea42da3b24e","occurrenceCount":3,"severity":"low"},"service":"astral-turf","timestamp":"2025-10-08 10:43:14.163","version":"1.0.0"}
{"environment":"test","error":"Database not connected. Call initialize() first.","level":"error","message":"Failed to save error to database","service":"astral-turf","timestamp":"2025-10-08 10:43:14.163","version":"1.0.0"}
{"environment":"test","level":"error","message":"Tracked error: low severity test","metadata":{"errorId":"err_mgi5rdo4_fofwzq","fingerprint":"a2a1e39e0ba658b0","occurrenceCount":1,"severity":"low"},"service":"astral-turf","timestamp":"2025-10-08 10:43:14.164","version":"1.0.0"}
{"environment":"test","level":"error","message":"Tracked error: medium severity test","metadata":{"errorId":"err_mgi5rdo4_vu3bq3","fingerprint":"e6051234cfc8846e","occurrenceCount":1,"severity":"medium"},"service":"astral-turf","timestamp":"2025-10-08 10:43:14.164","version":"1.0.0"}
{"environment":"test","level":"error","message":"Tracked error: high severity test","metadata":{"errorId":"err_mgi5rdo5_65q314","fingerprint":"df00c1fca330d085","occurrenceCount":1,"severity":"high"},"service":"astral-turf","timestamp":"2025-10-08 10:43:14.165","version":"1.0.0"}
{"environment":"test","level":"error","message":"Tracked error: critical severity test","metadata":{"errorId":"err_mgi5rdo5_6q3w9y","fingerprint":"5c89fefe177c6ed3","occurrenceCount":1,"severity":"critical"},"service":"astral-turf","timestamp":"2025-10-08 10:43:14.165","version":"1.0.0"}
{"environment":"test","error":"Database not connected. Call initialize() first.","level":"error","message":"Failed to save error to database","service":"astral-turf","timestamp":"2025-10-08 10:43:14.165","version":"1.0.0"}
{"environment":"test","error":"Database not connected. Call initialize() first.","level":"error","message":"Failed to save error to database","service":"astral-turf","timestamp":"2025-10-08 10:43:14.165","version":"1.0.0"}
{"environment":"test","error":"Database not connected. Call initialize() first.","level":"error","message":"Failed to save error to database","service":"astral-turf","timestamp":"2025-10-08 10:43:14.165","version":"1.0.0"}
{"environment":"test","error":"Database not connected. Call initialize() first.","level":"error","message":"Failed to save alert to database","service":"astral-turf","timestamp":"2025-10-08 10:43:14.166","version":"1.0.0"}
{"environment":"test","error":"Database not connected. Call initialize() first.","level":"error","message":"Failed to save alert to database","service":"astral-turf","timestamp":"2025-10-08 10:43:14.166","version":"1.0.0"}
{"environment":"test","error":"Database not connected. Call initialize() first.","level":"error","message":"Failed to save alert to database","service":"astral-turf","timestamp":"2025-10-08 10:43:14.167","version":"1.0.0"}
{"environment":"test","error":"Database not connected. Call initialize() first.","level":"error","message":"Failed to save error to database","service":"astral-turf","timestamp":"2025-10-08 10:43:14.167","version":"1.0.0"}
{"environment":"test","level":"error","message":"Tracked error: low severity test","metadata":{"errorId":"err_mgi5rdo4_fofwzq","fingerprint":"a2a1e39e0ba658b0","occurrenceCount":2,"severity":"low"},"service":"astral-turf","timestamp":"2025-10-08 10:43:14.168","version":"1.0.0"}
{"environment":"test","level":"error","message":"Tracked error: medium severity test","metadata":{"errorId":"err_mgi5rdo4_vu3bq3","fingerprint":"e6051234cfc8846e","occurrenceCount":2,"severity":"medium"},"service":"astral-turf","timestamp":"2025-10-08 10:43:14.168","version":"1.0.0"}
{"environment":"test","level":"error","message":"Tracked error: high severity test","metadata":{"errorId":"err_mgi5rdo5_65q314","fingerprint":"df00c1fca330d085","occurrenceCount":2,"severity":"high"},"service":"astral-turf","timestamp":"2025-10-08 10:43:14.169","version":"1.0.0"}
{"environment":"test","level":"error","message":"Tracked error: critical severity test","metadata":{"errorId":"err_mgi5rdo5_6q3w9y","fingerprint":"5c89fefe177c6ed3","occurrenceCount":2,"severity":"critical"},"service":"astral-turf","timestamp":"2025-10-08 10:43:14.169","version":"1.0.0"}
{"environment":"test","error":"Database not connected. Call initialize() first.","level":"error","message":"Failed to save error to database","service":"astral-turf","timestamp":"2025-10-08 10:43:14.169","version":"1.0.0"}
{"environment":"test","error":"Database not connected. Call initialize() first.","level":"error","message":"Failed to save error to database","service":"astral-turf","timestamp":"2025-10-08 10:43:14.169","version":"1.0.0"}
{"environment":"test","error":"Database not connected. Call initialize() first.","level":"error","message":"Failed to save error to database","service":"astral-turf","timestamp":"2025-10-08 10:43:14.169","version":"1.0.0"}
{"environment":"test","error":"Database not connected. Call initialize() first.","level":"error","message":"Failed to save error to database","service":"astral-turf","timestamp":"2025-10-08 10:43:14.169","version":"1.0.0"}
{"environment":"test","level":"error","message":"Tracked error: low severity test","metadata":{"errorId":"err_mgi5rdo4_fofwzq","fingerprint":"a2a1e39e0ba658b0","occurrenceCount":3,"severity":"low"},"service":"astral-turf","timestamp":"2025-10-08 10:43:14.170","version":"1.0.0"}
{"environment":"test","level":"error","message":"Tracked error: medium severity test","metadata":{"errorId":"err_mgi5rdo4_vu3bq3","fingerprint":"e6051234cfc8846e","occurrenceCount":3,"severity":"medium"},"service":"astral-turf","timestamp":"2025-10-08 10:43:14.171","version":"1.0.0"}
{"environment":"test","level":"error","message":"Tracked error: high severity test","metadata":{"errorId":"err_mgi5rdo5_65q314","fingerprint":"df00c1fca330d085","occurrenceCount":3,"severity":"high"},"service":"astral-turf","timestamp":"2025-10-08 10:43:14.171","version":"1.0.0"}
{"environment":"test","level":"error","message":"Tracked error: critical severity test","metadata":{"errorId":"err_mgi5rdo5_6q3w9y","fingerprint":"5c89fefe177c6ed3","occurrenceCount":3,"severity":"critical"},"service":"astral-turf","timestamp":"2025-10-08 10:43:14.171","version":"1.0.0"}
{"environment":"test","error":"Database not connected. Call initialize() first.","level":"error","message":"Failed to save error to database","service":"astral-turf","timestamp":"2025-10-08 10:43:14.171","version":"1.0.0"}
{"environment":"test","error":"Database not connected. Call initialize() first.","level":"error","message":"Failed to save error to database","service":"astral-turf","timestamp":"2025-10-08 10:43:14.171","version":"1.0.0"}
{"environment":"test","error":"Database not connected. Call initialize() first.","level":"error","message":"Failed to save error to database","service":"astral-turf","timestamp":"2025-10-08 10:43:14.171","version":"1.0.0"}
{"environment":"test","error":"Database not connected. Call initialize() first.","level":"error","message":"Failed to save error to database","service":"astral-turf","timestamp":"2025-10-08 10:43:14.172","version":"1.0.0"}
